2026-02-18 14:55:36,196 - INFO - Loading data files...
2026-02-18 14:55:36,221 - INFO - Loaded intake and physiological data: 17766 intake rows, 3 animals with urine volumes, 3 animals with feces mass, 3 animals with milk yield series, 3 animals with body weight series
2026-02-18 14:55:36,221 - INFO - Determining compound-isomer pairs: hay concentration not 0 and at least one of [Brain, Feces, Heart, Kidney, Liver, Lung, Milk, Muscle, Plasma, Spleen, Urine] above LOQ.
2026-02-18 14:55:36,230 - INFO -   PFBA Linear: matrices above LOQ: Feces, Milk, Plasma, Urine
2026-02-18 14:55:36,233 - INFO -   PFPeA Linear: matrices above LOQ: Feces, Milk, Muscle, Urine
2026-02-18 14:55:36,236 - INFO -   PFHxA Linear: matrices above LOQ: Urine
2026-02-18 14:55:36,238 - INFO -   PFHpA Linear: matrices above LOQ: Urine
2026-02-18 14:55:36,240 - INFO -   PFOA Linear: matrices above LOQ: Brain, Feces, Milk, Plasma, Urine
2026-02-18 14:55:36,243 - INFO -   PFOA Branched: matrices above LOQ: Milk, Plasma, Urine
2026-02-18 14:55:36,246 - INFO -   PFDA Linear: matrices above LOQ: Liver, Milk, Plasma
2026-02-18 14:55:36,248 - INFO -   PFUnDA Linear: matrices above LOQ: Milk, Plasma
2026-02-18 14:55:36,250 - INFO -   PFDoDA Linear: matrices above LOQ: Milk, Plasma
2026-02-18 14:55:36,254 - INFO -   PFTrDA Linear: matrices above LOQ: Milk, Plasma
2026-02-18 14:55:36,256 - INFO -   PFTeDA Linear: matrices above LOQ: Plasma
2026-02-18 14:55:36,258 - INFO -   PFHxS Linear: matrices above LOQ: Milk, Plasma, Urine
2026-02-18 14:55:36,261 - INFO -   PFHpS Linear: matrices above LOQ: Milk, Plasma
2026-02-18 14:55:36,264 - INFO -   PFOS Linear: matrices above LOQ: Brain, Feces, Heart, Kidney, Liver, Lung, Milk, Muscle, Plasma, Spleen, Urine
2026-02-18 14:55:36,266 - INFO -   PFOS Branched: matrices above LOQ: Brain, Feces, Heart, Kidney, Liver, Lung, Milk, Muscle, Plasma, Spleen, Urine
2026-02-18 14:55:36,269 - INFO -   PFNS Linear: matrices above LOQ: Brain, Feces, Heart, Kidney, Liver, Lung, Milk, Muscle, Plasma, Spleen
2026-02-18 14:55:36,272 - INFO -   PFNS Branched: matrices above LOQ: Brain, Feces, Heart, Kidney, Liver, Lung, Milk, Muscle, Plasma, Spleen, Urine
2026-02-18 14:55:36,274 - INFO -   PFDS Linear: matrices above LOQ: Brain, Feces, Heart, Kidney, Liver, Lung, Milk, Muscle, Plasma, Spleen
2026-02-18 14:55:36,277 - INFO -   PFDS Branched: matrices above LOQ: Feces, Heart, Kidney, Liver, Lung, Milk, Plasma, Spleen
2026-02-18 14:55:36,279 - INFO -   PFUnDS Linear: matrices above LOQ: Brain, Feces, Milk, Plasma
2026-02-18 14:55:36,281 - INFO -   PFUnDS Branched: matrices above LOQ: Feces, Liver, Milk, Plasma
2026-02-18 14:55:36,284 - INFO -   PFDoDS Linear: matrices above LOQ: Brain, Feces, Milk, Plasma
2026-02-18 14:55:36,286 - INFO -   PFDoDS Branched: matrices above LOQ: Feces, Milk, Plasma
2026-02-18 14:55:36,288 - INFO -   PFTrDS Linear: matrices above LOQ: Brain, Feces, Milk
2026-02-18 14:55:36,291 - INFO -   PFTrDS Branched: matrices above LOQ: Feces, Milk, Plasma
2026-02-18 14:55:36,295 - INFO -   PFNA Linear: matrices above LOQ: Milk
2026-02-18 14:55:36,302 - INFO -   PFDA Branched: matrices above LOQ: Milk
2026-02-18 14:55:36,304 - INFO -   PFUnDA Branched: matrices above LOQ: Milk
2026-02-18 14:55:36,306 - INFO -   PFDoDA Branched: matrices above LOQ: Milk
2026-02-18 14:55:36,307 - INFO -   PFTrDA Branched: matrices above LOQ: Milk
2026-02-18 14:55:36,309 - INFO -   PFTeDA Branched: matrices above LOQ: Milk
2026-02-18 14:55:36,311 - INFO - Found 19 compounds (31 compound-isomer pairs) meeting criteria
2026-02-18 14:55:36,316 - INFO - 
All compound-isomer pairs to process (31 total):
2026-02-18 14:55:36,316 - INFO -   PFBA         | Linear    
2026-02-18 14:55:36,316 - INFO -   PFDA         | Branched  
2026-02-18 14:55:36,316 - INFO -   PFDA         | Linear    
2026-02-18 14:55:36,316 - INFO -   PFDS         | Branched  
2026-02-18 14:55:36,316 - INFO -   PFDS         | Linear    
2026-02-18 14:55:36,316 - INFO -   PFDoDA       | Branched  
2026-02-18 14:55:36,316 - INFO -   PFDoDA       | Linear    
2026-02-18 14:55:36,316 - INFO -   PFDoDS       | Branched  
2026-02-18 14:55:36,316 - INFO -   PFDoDS       | Linear    
2026-02-18 14:55:36,316 - INFO -   PFHpA        | Linear    
2026-02-18 14:55:36,316 - INFO -   PFHpS        | Linear    
2026-02-18 14:55:36,316 - INFO -   PFHxA        | Linear    
2026-02-18 14:55:36,316 - INFO -   PFHxS        | Linear    
2026-02-18 14:55:36,316 - INFO -   PFNA         | Linear    
2026-02-18 14:55:36,316 - INFO -   PFNS         | Branched  
2026-02-18 14:55:36,316 - INFO -   PFNS         | Linear    
2026-02-18 14:55:36,316 - INFO -   PFOA         | Branched  
2026-02-18 14:55:36,316 - INFO -   PFOA         | Linear    
2026-02-18 14:55:36,316 - INFO -   PFOS         | Branched  
2026-02-18 14:55:36,316 - INFO -   PFOS         | Linear    
2026-02-18 14:55:36,316 - INFO -   PFPeA        | Linear    
2026-02-18 14:55:36,316 - INFO -   PFTeDA       | Branched  
2026-02-18 14:55:36,316 - INFO -   PFTeDA       | Linear    
2026-02-18 14:55:36,317 - INFO -   PFTrDA       | Branched  
2026-02-18 14:55:36,317 - INFO -   PFTrDA       | Linear    
2026-02-18 14:55:36,317 - INFO -   PFTrDS       | Branched  
2026-02-18 14:55:36,317 - INFO -   PFTrDS       | Linear    
2026-02-18 14:55:36,317 - INFO -   PFUnDA       | Branched  
2026-02-18 14:55:36,317 - INFO -   PFUnDA       | Linear    
2026-02-18 14:55:36,317 - INFO -   PFUnDS       | Branched  
2026-02-18 14:55:36,317 - INFO -   PFUnDS       | Linear    
2026-02-18 14:55:36,317 - INFO - 
2026-02-18 14:55:36,317 - INFO - === STARTING FULL MONTE CARLO RUN ===
2026-02-18 14:55:36,317 - INFO - Total compounds to process: 1
2026-02-18 14:55:36,332 - INFO - === PHASE 1: Running global mean fits (two-stage: log-RMSE then censored likelihood) ===
2026-02-18 14:55:36,332 - INFO - [PHASE 1 / Stage 1] Log-RMSE global fits (no sigma needed)
2026-02-18 14:55:36,368 - INFO - [GLOBAL FIT] Starting PFOS Linear
2026-02-18 14:55:36,372 - INFO - [GLOBAL FIT] PFOS Linear - Data: 231 points, 11 matrices above LOQ, 3 animals
2026-02-18 14:55:36,375 - INFO - [GLOBAL FIT] PFOS Linear - Fitting parameters: ['k_a', 'k_elim', 'k_feces', 'k_ehc', 'k_renal']
2026-02-18 14:55:38,069 - WARNING - User interrupted during Stage 1 (log-RMSE) global fit phase
2026-02-18 14:55:39,123 - WARNING - Interrupted by user
