2026-02-16 21:18:28,572 - INFO - Loading data files...
2026-02-16 21:18:28,592 - INFO - Loaded intake and physiological data: 17766 intake rows, 3 animals with urine volumes, 3 animals with feces mass, 3 animals with milk yield series, 3 animals with body weight series
2026-02-16 21:18:28,592 - INFO - Determining compound-isomer pairs: hay concentration not 0 and at least one of [Brain, Feces, Heart, Kidney, Liver, Lung, Milk, Muscle, Plasma, Spleen, Urine] above LOQ.
2026-02-16 21:18:28,600 - INFO -   PFBA Linear: matrices above LOQ: Feces, Milk, Plasma, Urine
2026-02-16 21:18:28,603 - INFO -   PFPeA Linear: matrices above LOQ: Feces, Milk, Muscle, Urine
2026-02-16 21:18:28,605 - INFO -   PFHxA Linear: matrices above LOQ: Urine
2026-02-16 21:18:28,608 - INFO -   PFHpA Linear: matrices above LOQ: Urine
2026-02-16 21:18:28,610 - INFO -   PFOA Linear: matrices above LOQ: Brain, Feces, Milk, Plasma, Urine
2026-02-16 21:18:28,613 - INFO -   PFOA Branched: matrices above LOQ: Milk, Plasma, Urine
2026-02-16 21:18:28,615 - INFO -   PFDA Linear: matrices above LOQ: Liver, Milk, Plasma
2026-02-16 21:18:28,617 - INFO -   PFUnDA Linear: matrices above LOQ: Milk, Plasma
2026-02-16 21:18:28,619 - INFO -   PFDoDA Linear: matrices above LOQ: Milk, Plasma
2026-02-16 21:18:28,622 - INFO -   PFTrDA Linear: matrices above LOQ: Milk, Plasma
2026-02-16 21:18:28,624 - INFO -   PFTeDA Linear: matrices above LOQ: Plasma
2026-02-16 21:18:28,627 - INFO -   PFHxS Linear: matrices above LOQ: Milk, Plasma, Urine
2026-02-16 21:18:28,629 - INFO -   PFHpS Linear: matrices above LOQ: Milk, Plasma
2026-02-16 21:18:28,632 - INFO -   PFOS Linear: matrices above LOQ: Brain, Feces, Heart, Kidney, Liver, Lung, Milk, Muscle, Plasma, Spleen, Urine
2026-02-16 21:18:28,634 - INFO -   PFOS Branched: matrices above LOQ: Brain, Feces, Heart, Kidney, Liver, Lung, Milk, Muscle, Plasma, Spleen, Urine
2026-02-16 21:18:28,637 - INFO -   PFNS Linear: matrices above LOQ: Brain, Feces, Heart, Kidney, Liver, Lung, Milk, Muscle, Plasma, Spleen
2026-02-16 21:18:28,639 - INFO -   PFNS Branched: matrices above LOQ: Brain, Feces, Heart, Kidney, Liver, Lung, Milk, Muscle, Plasma, Spleen, Urine
2026-02-16 21:18:28,641 - INFO -   PFDS Linear: matrices above LOQ: Brain, Feces, Heart, Kidney, Liver, Lung, Milk, Muscle, Plasma, Spleen
2026-02-16 21:18:28,644 - INFO -   PFDS Branched: matrices above LOQ: Feces, Heart, Kidney, Liver, Lung, Milk, Plasma, Spleen
2026-02-16 21:18:28,646 - INFO -   PFUnDS Linear: matrices above LOQ: Brain, Feces, Milk, Plasma
2026-02-16 21:18:28,649 - INFO -   PFUnDS Branched: matrices above LOQ: Feces, Liver, Milk, Plasma
2026-02-16 21:18:28,651 - INFO -   PFDoDS Linear: matrices above LOQ: Brain, Feces, Milk, Plasma
2026-02-16 21:18:28,653 - INFO -   PFDoDS Branched: matrices above LOQ: Feces, Milk, Plasma
2026-02-16 21:18:28,656 - INFO -   PFTrDS Linear: matrices above LOQ: Brain, Feces, Milk
2026-02-16 21:18:28,658 - INFO -   PFTrDS Branched: matrices above LOQ: Feces, Milk, Plasma
2026-02-16 21:18:28,662 - INFO -   PFNA Linear: matrices above LOQ: Milk
2026-02-16 21:18:28,669 - INFO -   PFDA Branched: matrices above LOQ: Milk
2026-02-16 21:18:28,671 - INFO -   PFUnDA Branched: matrices above LOQ: Milk
2026-02-16 21:18:28,673 - INFO -   PFDoDA Branched: matrices above LOQ: Milk
2026-02-16 21:18:28,675 - INFO -   PFTrDA Branched: matrices above LOQ: Milk
2026-02-16 21:18:28,677 - INFO -   PFTeDA Branched: matrices above LOQ: Milk
2026-02-16 21:18:28,679 - INFO - Found 19 compounds (31 compound-isomer pairs) meeting criteria
2026-02-16 21:18:28,684 - INFO - 
All compound-isomer pairs to process (31 total):
2026-02-16 21:18:28,684 - INFO -   PFBA         | Linear    
2026-02-16 21:18:28,684 - INFO -   PFDA         | Branched  
2026-02-16 21:18:28,684 - INFO -   PFDA         | Linear    
2026-02-16 21:18:28,684 - INFO -   PFDS         | Branched  
2026-02-16 21:18:28,684 - INFO -   PFDS         | Linear    
2026-02-16 21:18:28,684 - INFO -   PFDoDA       | Branched  
2026-02-16 21:18:28,684 - INFO -   PFDoDA       | Linear    
2026-02-16 21:18:28,684 - INFO -   PFDoDS       | Branched  
2026-02-16 21:18:28,684 - INFO -   PFDoDS       | Linear    
2026-02-16 21:18:28,684 - INFO -   PFHpA        | Linear    
2026-02-16 21:18:28,684 - INFO -   PFHpS        | Linear    
2026-02-16 21:18:28,684 - INFO -   PFHxA        | Linear    
2026-02-16 21:18:28,684 - INFO -   PFHxS        | Linear    
2026-02-16 21:18:28,684 - INFO -   PFNA         | Linear    
2026-02-16 21:18:28,684 - INFO -   PFNS         | Branched  
2026-02-16 21:18:28,684 - INFO -   PFNS         | Linear    
2026-02-16 21:18:28,684 - INFO -   PFOA         | Branched  
2026-02-16 21:18:28,684 - INFO -   PFOA         | Linear    
2026-02-16 21:18:28,684 - INFO -   PFOS         | Branched  
2026-02-16 21:18:28,684 - INFO -   PFOS         | Linear    
2026-02-16 21:18:28,684 - INFO -   PFPeA        | Linear    
2026-02-16 21:18:28,684 - INFO -   PFTeDA       | Branched  
2026-02-16 21:18:28,684 - INFO -   PFTeDA       | Linear    
2026-02-16 21:18:28,684 - INFO -   PFTrDA       | Branched  
2026-02-16 21:18:28,684 - INFO -   PFTrDA       | Linear    
2026-02-16 21:18:28,684 - INFO -   PFTrDS       | Branched  
2026-02-16 21:18:28,684 - INFO -   PFTrDS       | Linear    
2026-02-16 21:18:28,684 - INFO -   PFUnDA       | Branched  
2026-02-16 21:18:28,684 - INFO -   PFUnDA       | Linear    
2026-02-16 21:18:28,684 - INFO -   PFUnDS       | Branched  
2026-02-16 21:18:28,684 - INFO -   PFUnDS       | Linear    
2026-02-16 21:18:28,684 - INFO - 
2026-02-16 21:18:28,684 - INFO - === STARTING FULL MONTE CARLO RUN ===
2026-02-16 21:18:28,684 - INFO - Total compounds to process: 1
2026-02-16 21:18:28,699 - INFO - === PHASE 1: Running global mean fits ===
2026-02-16 21:18:28,735 - INFO - [GLOBAL FIT] Starting PFOS Linear
2026-02-16 21:18:28,739 - INFO - [GLOBAL FIT] PFOS Linear - Data: 231 points, 11 matrices above LOQ, 3 animals
2026-02-16 21:18:28,742 - INFO - [GLOBAL FIT] PFOS Linear - Fitting parameters: ['k_elim', 'k_feces', 'k_ehc', 'k_renal']
2026-02-16 21:18:28,742 - INFO - [GLOBAL FIT] PFOS Linear - Fixed parameters: {'k_a': 100.0}
2026-02-16 21:19:48,306 - INFO - [GLOBAL FIT] PFOS Linear - Success: loss=230.10, iterations=31
2026-02-16 21:19:48,306 - INFO - [GLOBAL FIT] PFOS Linear - Parameters: k_elim=0.097, k_feces=0.056, k_ehc=46.260, k_renal=0.037, k_a=100.000
2026-02-16 21:19:48,308 - INFO - [GLOBAL FIT] PFOS Linear - Saved parameters to /Users/lucaprzygoda/Desktop/pfaa-pbtk-dairy-goats/results/optimization/global_fit/fit_PFOS_Linear.csv
2026-02-16 21:19:48,308 - INFO - [GLOBAL FIT] PFOS Linear - Completed in 79.6s
2026-02-16 21:19:48,310 - INFO - === PHASE 1/3 COMPLETED ===
2026-02-16 21:19:48,310 - INFO - Global mean fits: 1/1 successful in 79.6s
2026-02-16 21:19:48,310 - INFO - === Estimating pooled sigma from all fits ===
2026-02-16 21:19:48,311 - INFO - [SIGMA EST] Estimating pooled sigma from 1 compound-isomer pairs (pooled residuals per matrix)...
2026-02-16 21:19:48,476 - INFO - [SIGMA EST] plasma: pooled σ=0.281 (from 24 pooled residuals)
2026-02-16 21:19:48,476 - INFO - [SIGMA EST] kidney: pooled σ=0.543 (from 3 pooled residuals)
2026-02-16 21:19:48,476 - INFO - [SIGMA EST] spleen: pooled σ=0.162 (from 3 pooled residuals)
2026-02-16 21:19:48,476 - INFO - [SIGMA EST] lung: pooled σ=0.242 (from 3 pooled residuals)
2026-02-16 21:19:48,476 - INFO - [SIGMA EST] milk: pooled σ=0.612 (from 27 pooled residuals)
2026-02-16 21:19:48,476 - INFO - [SIGMA EST] muscle: pooled σ=0.234 (from 3 pooled residuals)
2026-02-16 21:19:48,476 - INFO - [SIGMA EST] feces: pooled σ=0.402 (from 13 pooled residuals)
2026-02-16 21:19:48,477 - INFO - [SIGMA EST] urine: pooled σ=0.370 (from 6 pooled residuals)
2026-02-16 21:19:48,477 - INFO - [SIGMA EST] heart: pooled σ=0.121 (from 3 pooled residuals)
2026-02-16 21:19:48,477 - INFO - [SIGMA EST] liver: pooled σ=0.165 (from 3 pooled residuals)
2026-02-16 21:19:48,477 - INFO - [SIGMA EST] brain: pooled σ=0.186 (from 3 pooled residuals)
2026-02-16 21:19:48,478 - INFO - [SIGMA EST] Saved pooled sigma estimates to /Users/lucaprzygoda/Desktop/pfaa-pbtk-dairy-goats/results/optimization/sigma_estimates/sigma_pooled.csv
2026-02-16 21:19:48,517 - INFO - Pooled sigma estimates computed successfully
2026-02-16 21:19:48,517 - INFO -   plasma: σ=0.281
2026-02-16 21:19:48,517 - INFO -   kidney: σ=0.543
2026-02-16 21:19:48,517 - INFO -   spleen: σ=0.162
2026-02-16 21:19:48,517 - INFO -   stomach: σ=0.400
2026-02-16 21:19:48,517 - INFO -   lung: σ=0.242
2026-02-16 21:19:48,517 - INFO -   milk: σ=0.612
2026-02-16 21:19:48,517 - INFO -   muscle: σ=0.234
2026-02-16 21:19:48,517 - INFO -   feces: σ=0.402
2026-02-16 21:19:48,517 - INFO -   rest: σ=0.400
2026-02-16 21:19:48,517 - INFO -   urine: σ=0.370
2026-02-16 21:19:48,517 - INFO -   heart: σ=0.121
2026-02-16 21:19:48,517 - INFO -   liver: σ=0.165
2026-02-16 21:19:48,517 - INFO -   brain: σ=0.186
2026-02-16 21:19:48,517 - INFO -   intestine: σ=0.400
2026-02-16 21:19:48,517 - INFO - === PHASE 2: Running jackknife fits ===
2026-02-16 21:19:48,551 - INFO - [JACKKNIFE] Starting PFOS Linear
2026-02-16 21:19:48,563 - INFO - [JACKKNIFE] PFOS Linear - Processing animal E2 (1/3)
2026-02-16 21:21:00,320 - INFO - [JACKKNIFE] PFOS Linear - Animal E2 completed in 71.8s (loss=151.70)
2026-02-16 21:21:00,322 - INFO - [JACKKNIFE] PFOS Linear - Processing animal E3 (2/3)
2026-02-16 21:21:38,363 - INFO - [JACKKNIFE] PFOS Linear - Animal E3 completed in 38.0s (loss=152.70)
2026-02-16 21:21:38,365 - INFO - [JACKKNIFE] PFOS Linear - Processing animal E4 (3/3)
2026-02-16 21:22:44,661 - INFO - [JACKKNIFE] PFOS Linear - Animal E4 completed in 66.3s (loss=151.63)
2026-02-16 21:22:44,664 - INFO - [JACKKNIFE] PFOS Linear - Saved jackknife results to /Users/lucaprzygoda/Desktop/pfaa-pbtk-dairy-goats/results/optimization/jackknife/jackknife_PFOS_Linear_LOAO.csv
2026-02-16 21:22:44,665 - INFO - [JACKKNIFE] PFOS Linear - Completed in 176.1s
2026-02-16 21:22:44,665 - INFO - === PHASE 2/3 COMPLETED ===
2026-02-16 21:22:44,666 - INFO - Jackknife fits: 1/1 successful in 176.1s
2026-02-16 21:22:44,666 - INFO - === PHASE 3: Running Monte Carlo sampling ===
2026-02-16 21:22:44,700 - INFO - [MONTE CARLO] Starting PFOS Linear
2026-02-16 21:22:44,702 - INFO - [MONTE CARLO] PFOS Linear - Phase 1 point estimates (linear): [4.62595480e+01 9.65319703e-02 3.71180921e-02 1.00000000e+02
 5.55075860e-02]
2026-02-16 21:22:44,702 - INFO - [MONTE CARLO] PFOS Linear - Phase 1 central values (log10): [ 1.66520139 -1.01532883 -1.43041436  2.         -1.25564766]
2026-02-16 21:22:44,703 - INFO - [MONTE CARLO] PFOS Linear - Jackknife stds (log10, diagonal): [0.28766082 0.08103042 0.09384224 0.         0.26525675]
2026-02-16 21:22:44,703 - INFO - [MONTE CARLO] PFOS Linear - Generating 10000 samples in log10-space around Phase 1 (diagonal covariance)
2026-02-16 21:22:44,704 - INFO - [MONTE CARLO] PFOS Linear - Sample means: [5.70900468e+01 9.82606948e-02 3.80712878e-02 1.00026245e+02
 6.70547233e-02]
2026-02-16 21:22:44,704 - INFO - [MONTE CARLO] PFOS Linear - Sample stds: [4.33389381e+01 1.85350084e-02 8.24937247e-03 2.33804351e+00
 4.56971134e-02]
2026-02-16 21:22:44,706 - INFO - [MONTE CARLO] PFOS Linear - Collecting predictions for: ['plasma', 'kidney', 'spleen', 'milk', 'lung', 'muscle', 'feces', 'heart', 'liver', 'brain', 'urine', 'elim']
2026-02-16 21:28:52,530 - INFO - [MONTE CARLO] PFOS Linear - Saved predictions to /Users/lucaprzygoda/Desktop/pfaa-pbtk-dairy-goats/results/optimization/monte_carlo/predictions_PFOS_Linear_monte_carlo.csv
2026-02-16 21:28:52,530 - INFO - [MONTE CARLO] PFOS Linear - Total samples: 10000 parameter draws × 3 animals = 30000 total predictions
2026-02-16 21:28:52,531 - INFO - [MONTE CARLO] PFOS Linear - Completed in 367.8s
2026-02-16 21:28:52,674 - INFO - === PHASE 3/3 COMPLETED ===
2026-02-16 21:28:52,674 - INFO - Monte Carlo sampling: 1/1 successful in 368.0s
2026-02-16 21:28:52,686 - INFO - === ALL PHASES COMPLETED ===
2026-02-16 21:28:52,686 - INFO - Total execution time: 624.0s (0.2 hours)
2026-02-16 21:28:52,686 - INFO - Success rates: Global=1/1, Jackknife=1/1, Monte Carlo=1/1
2026-02-16 21:28:52,686 - INFO - Average global fit time: 79.6s per compound
2026-02-16 21:28:52,686 - INFO - Average jackknife time: 176.1s per compound
2026-02-16 21:28:52,686 - INFO - Average Monte Carlo time: 368.0s per compound
2026-02-16 21:28:52,686 - INFO - Fully successful compounds: 1/1
