2026-02-21 17:17:44,426 - INFO - Loading data files...
2026-02-21 17:17:44,450 - INFO - Loaded intake and physiological data: 17766 intake rows, 3 animals with urine volumes, 3 animals with feces mass, 3 animals with milk yield series, 3 animals with body weight series
2026-02-21 17:17:44,450 - INFO - Determining compound-isomer pairs: hay concentration not 0 and at least one of [Brain, Feces, Heart, Kidney, Liver, Lung, Milk, Muscle, Plasma, Spleen, Urine] above LOQ.
2026-02-21 17:17:44,458 - INFO -   PFBA Linear: matrices above LOQ: Feces, Milk, Plasma, Urine
2026-02-21 17:17:44,460 - INFO -   PFPeA Linear: matrices above LOQ: Feces, Milk, Muscle, Urine
2026-02-21 17:17:44,462 - INFO -   PFHxA Linear: matrices above LOQ: Urine
2026-02-21 17:17:44,465 - INFO -   PFHpA Linear: matrices above LOQ: Urine
2026-02-21 17:17:44,467 - INFO -   PFOA Linear: matrices above LOQ: Brain, Feces, Milk, Plasma, Urine
2026-02-21 17:17:44,469 - INFO -   PFOA Branched: matrices above LOQ: Milk, Plasma, Urine
2026-02-21 17:17:44,472 - INFO -   PFDA Linear: matrices above LOQ: Liver, Milk, Plasma
2026-02-21 17:17:44,474 - INFO -   PFUnDA Linear: matrices above LOQ: Milk, Plasma
2026-02-21 17:17:44,477 - INFO -   PFDoDA Linear: matrices above LOQ: Milk, Plasma
2026-02-21 17:17:44,479 - INFO -   PFTrDA Linear: matrices above LOQ: Milk, Plasma
2026-02-21 17:17:44,482 - INFO -   PFTeDA Linear: matrices above LOQ: Plasma
2026-02-21 17:17:44,484 - INFO -   PFHxS Linear: matrices above LOQ: Milk, Plasma, Urine
2026-02-21 17:17:44,486 - INFO -   PFHpS Linear: matrices above LOQ: Milk, Plasma
2026-02-21 17:17:44,489 - INFO -   PFOS Linear: matrices above LOQ: Brain, Feces, Heart, Kidney, Liver, Lung, Milk, Muscle, Plasma, Spleen, Urine
2026-02-21 17:17:44,491 - INFO -   PFOS Branched: matrices above LOQ: Brain, Feces, Heart, Kidney, Liver, Lung, Milk, Muscle, Plasma, Spleen, Urine
2026-02-21 17:17:44,494 - INFO -   PFNS Linear: matrices above LOQ: Brain, Feces, Heart, Kidney, Liver, Lung, Milk, Muscle, Plasma, Spleen
2026-02-21 17:17:44,497 - INFO -   PFNS Branched: matrices above LOQ: Brain, Feces, Heart, Kidney, Liver, Lung, Milk, Muscle, Plasma, Spleen, Urine
2026-02-21 17:17:44,499 - INFO -   PFDS Linear: matrices above LOQ: Brain, Feces, Heart, Kidney, Liver, Lung, Milk, Muscle, Plasma, Spleen
2026-02-21 17:17:44,501 - INFO -   PFDS Branched: matrices above LOQ: Feces, Heart, Kidney, Liver, Lung, Milk, Plasma, Spleen
2026-02-21 17:17:44,504 - INFO -   PFUnDS Linear: matrices above LOQ: Brain, Feces, Milk, Plasma
2026-02-21 17:17:44,506 - INFO -   PFUnDS Branched: matrices above LOQ: Feces, Liver, Milk, Plasma
2026-02-21 17:17:44,509 - INFO -   PFDoDS Linear: matrices above LOQ: Brain, Feces, Milk, Plasma
2026-02-21 17:17:44,511 - INFO -   PFDoDS Branched: matrices above LOQ: Feces, Milk, Plasma
2026-02-21 17:17:44,513 - INFO -   PFTrDS Linear: matrices above LOQ: Brain, Feces, Milk
2026-02-21 17:17:44,516 - INFO -   PFTrDS Branched: matrices above LOQ: Feces, Milk, Plasma
2026-02-21 17:17:44,520 - INFO -   PFNA Linear: matrices above LOQ: Milk
2026-02-21 17:17:44,527 - INFO -   PFDA Branched: matrices above LOQ: Milk
2026-02-21 17:17:44,529 - INFO -   PFUnDA Branched: matrices above LOQ: Milk
2026-02-21 17:17:44,531 - INFO -   PFDoDA Branched: matrices above LOQ: Milk
2026-02-21 17:17:44,533 - INFO -   PFTrDA Branched: matrices above LOQ: Milk
2026-02-21 17:17:44,535 - INFO -   PFTeDA Branched: matrices above LOQ: Milk
2026-02-21 17:17:44,537 - INFO - Found 19 compounds (31 compound-isomer pairs) meeting criteria
2026-02-21 17:17:44,543 - INFO - 
All compound-isomer pairs to process (31 total):
2026-02-21 17:17:44,543 - INFO -   PFBA         | Linear    
2026-02-21 17:17:44,543 - INFO -   PFDA         | Branched  
2026-02-21 17:17:44,543 - INFO -   PFDA         | Linear    
2026-02-21 17:17:44,543 - INFO -   PFDS         | Branched  
2026-02-21 17:17:44,543 - INFO -   PFDS         | Linear    
2026-02-21 17:17:44,543 - INFO -   PFDoDA       | Branched  
2026-02-21 17:17:44,543 - INFO -   PFDoDA       | Linear    
2026-02-21 17:17:44,543 - INFO -   PFDoDS       | Branched  
2026-02-21 17:17:44,543 - INFO -   PFDoDS       | Linear    
2026-02-21 17:17:44,543 - INFO -   PFHpA        | Linear    
2026-02-21 17:17:44,543 - INFO -   PFHpS        | Linear    
2026-02-21 17:17:44,543 - INFO -   PFHxA        | Linear    
2026-02-21 17:17:44,543 - INFO -   PFHxS        | Linear    
2026-02-21 17:17:44,543 - INFO -   PFNA         | Linear    
2026-02-21 17:17:44,543 - INFO -   PFNS         | Branched  
2026-02-21 17:17:44,543 - INFO -   PFNS         | Linear    
2026-02-21 17:17:44,543 - INFO -   PFOA         | Branched  
2026-02-21 17:17:44,543 - INFO -   PFOA         | Linear    
2026-02-21 17:17:44,543 - INFO -   PFOS         | Branched  
2026-02-21 17:17:44,543 - INFO -   PFOS         | Linear    
2026-02-21 17:17:44,543 - INFO -   PFPeA        | Linear    
2026-02-21 17:17:44,543 - INFO -   PFTeDA       | Branched  
2026-02-21 17:17:44,543 - INFO -   PFTeDA       | Linear    
2026-02-21 17:17:44,543 - INFO -   PFTrDA       | Branched  
2026-02-21 17:17:44,543 - INFO -   PFTrDA       | Linear    
2026-02-21 17:17:44,543 - INFO -   PFTrDS       | Branched  
2026-02-21 17:17:44,543 - INFO -   PFTrDS       | Linear    
2026-02-21 17:17:44,543 - INFO -   PFUnDA       | Branched  
2026-02-21 17:17:44,543 - INFO -   PFUnDA       | Linear    
2026-02-21 17:17:44,543 - INFO -   PFUnDS       | Branched  
2026-02-21 17:17:44,543 - INFO -   PFUnDS       | Linear    
2026-02-21 17:17:44,543 - INFO - 
2026-02-21 17:17:44,543 - INFO - === STARTING FULL MONTE CARLO RUN ===
2026-02-21 17:17:44,543 - INFO - Total compounds to process: 1
2026-02-21 17:17:44,559 - INFO - === PHASE 1: Running global mean fits (two-stage: log-RMSE then censored likelihood) ===
2026-02-21 17:17:44,560 - INFO - [PHASE 1 / Stage 1] Log-RMSE global fits (no sigma needed)
2026-02-21 17:17:44,597 - INFO - [GLOBAL FIT] Starting PFHxS Linear
2026-02-21 17:17:44,601 - INFO - [GLOBAL FIT] PFHxS Linear - Data: 231 points, 3 matrices above LOQ, 3 animals
2026-02-21 17:17:44,603 - INFO - [GLOBAL FIT] PFHxS Linear - Fitting parameters: ['k_elim', 'k_a', 'k_urine']
2026-02-21 17:17:44,604 - INFO - [GLOBAL FIT] PFHxS Linear - Fixed parameters: {'k_feces': 0.0, 'k_ehc': 0.0}
2026-02-21 17:18:25,269 - INFO - [GLOBAL FIT] PFHxS Linear - Success: loss=1.41, iterations=18
2026-02-21 17:18:25,269 - INFO - [GLOBAL FIT] PFHxS Linear - Parameters: k_elim=0.001, k_a=56.246, k_urine=0.211, k_feces=0.000, k_ehc=0.000
2026-02-21 17:18:25,271 - INFO - [GLOBAL FIT] PFHxS Linear - Saved parameters to /Users/lucaprzygoda/Desktop/pfaa-pbtk-dairy-goats/results/optimization/global_fit/fit_PFHxS_Linear.csv
2026-02-21 17:18:25,271 - INFO - [GLOBAL FIT] PFHxS Linear - Completed in 40.7s
2026-02-21 17:18:25,272 - INFO - === Estimating pooled sigma from Stage 1 fits ===
2026-02-21 17:18:25,273 - INFO - [SIGMA EST] Estimating pooled sigma from 1 compound-isomer pairs (pooled residuals per matrix)...
2026-02-21 17:18:25,478 - INFO - [SIGMA EST] urine: pooled σ=0.186 (from 3 pooled residuals)
2026-02-21 17:18:25,478 - INFO - [SIGMA EST] plasma: pooled σ=0.582 (from 14 pooled residuals)
2026-02-21 17:18:25,478 - INFO - [SIGMA EST] milk: pooled σ=0.613 (from 15 pooled residuals)
2026-02-21 17:18:25,479 - INFO - [SIGMA EST] Saved pooled sigma estimates to /Users/lucaprzygoda/Desktop/pfaa-pbtk-dairy-goats/results/optimization/sigma_estimates/sigma_pooled.csv
2026-02-21 17:18:25,526 - INFO - Pooled sigma estimates computed successfully
2026-02-21 17:18:25,526 - INFO -   liver: σ=0.500
2026-02-21 17:18:25,526 - INFO -   feces: σ=0.500
2026-02-21 17:18:25,526 - INFO -   urine: σ=0.186
2026-02-21 17:18:25,526 - INFO -   brain: σ=0.500
2026-02-21 17:18:25,526 - INFO -   plasma: σ=0.582
2026-02-21 17:18:25,526 - INFO -   muscle: σ=0.500
2026-02-21 17:18:25,526 - INFO -   stomach: σ=0.400
2026-02-21 17:18:25,526 - INFO -   rest: σ=0.400
2026-02-21 17:18:25,526 - INFO -   lung: σ=0.500
2026-02-21 17:18:25,526 - INFO -   milk: σ=0.613
2026-02-21 17:18:25,526 - INFO -   spleen: σ=0.500
2026-02-21 17:18:25,526 - INFO -   kidney: σ=0.500
2026-02-21 17:18:25,526 - INFO -   intestine: σ=0.400
2026-02-21 17:18:25,527 - INFO -   heart: σ=0.500
2026-02-21 17:18:25,527 - INFO - [PHASE 1 / Stage 2] Censored-likelihood (Tobit) global fits using estimated sigma
2026-02-21 17:18:25,561 - INFO - [GLOBAL FIT] Starting PFHxS Linear
2026-02-21 17:18:25,564 - INFO - [GLOBAL FIT] PFHxS Linear - Data: 231 points, 3 matrices above LOQ, 3 animals
2026-02-21 17:18:25,566 - INFO - [GLOBAL FIT] PFHxS Linear - Fitting parameters: ['k_elim', 'k_a', 'k_urine']
2026-02-21 17:18:25,566 - INFO - [GLOBAL FIT] PFHxS Linear - Fixed parameters: {'k_feces': 0.0, 'k_ehc': 0.0}
2026-02-21 17:19:18,846 - INFO - [GLOBAL FIT] PFHxS Linear - Success: loss=2.86, iterations=22
2026-02-21 17:19:18,846 - INFO - [GLOBAL FIT] PFHxS Linear - Parameters: k_elim=0.001, k_a=276.499, k_urine=0.205, k_feces=0.000, k_ehc=0.000
2026-02-21 17:19:18,847 - INFO - [GLOBAL FIT] PFHxS Linear - Saved parameters to /Users/lucaprzygoda/Desktop/pfaa-pbtk-dairy-goats/results/optimization/global_fit/fit_PFHxS_Linear.csv
2026-02-21 17:19:18,847 - INFO - [GLOBAL FIT] PFHxS Linear - Completed in 53.3s
2026-02-21 17:19:18,848 - INFO - === PHASE 1/3 COMPLETED ===
2026-02-21 17:19:18,848 - INFO - Global mean fits (two-stage): 1/1 successful in 94.3s
2026-02-21 17:19:18,848 - INFO - === PHASE 2: Running jackknife fits ===
2026-02-21 17:19:18,882 - INFO - [JACKKNIFE] Starting PFHxS Linear
2026-02-21 17:19:18,895 - INFO - [JACKKNIFE] PFHxS Linear - Processing animal E2 (1/3)
2026-02-21 17:19:54,803 - INFO - [JACKKNIFE] PFHxS Linear - Animal E2 completed in 35.9s (loss=-9.75)
2026-02-21 17:19:54,804 - INFO - [JACKKNIFE] PFHxS Linear - Processing animal E3 (2/3)
2026-02-21 17:20:41,667 - INFO - [JACKKNIFE] PFHxS Linear - Animal E3 completed in 46.9s (loss=3.04)
2026-02-21 17:20:41,668 - INFO - [JACKKNIFE] PFHxS Linear - Processing animal E4 (3/3)
2026-02-21 17:21:16,985 - INFO - [JACKKNIFE] PFHxS Linear - Animal E4 completed in 35.3s (loss=8.35)
2026-02-21 17:21:16,988 - INFO - [JACKKNIFE] PFHxS Linear - Saved jackknife results to /Users/lucaprzygoda/Desktop/pfaa-pbtk-dairy-goats/results/optimization/jackknife/jackknife_PFHxS_Linear_LOAO.csv
2026-02-21 17:21:16,989 - INFO - [JACKKNIFE] PFHxS Linear - Completed in 118.1s
2026-02-21 17:21:16,989 - INFO - === PHASE 2/3 COMPLETED ===
2026-02-21 17:21:16,989 - INFO - Jackknife fits: 1/1 successful in 118.1s
2026-02-21 17:21:16,989 - INFO - === PHASE 3: Running Monte Carlo sampling ===
2026-02-21 17:21:17,025 - INFO - [MONTE CARLO] Starting PFHxS Linear
2026-02-21 17:21:17,926 - INFO - [MONTE CARLO] PFHxS Linear - Using Hessian full covariance (log10)
2026-02-21 17:21:17,926 - INFO - [MONTE CARLO] PFHxS Linear - Phase 1 point estimates (linear): [0.00000000e+00 1.00692754e-03 2.04962413e-01 2.76499298e+02
 0.00000000e+00]
2026-02-21 17:21:17,927 - INFO - [MONTE CARLO] PFHxS Linear - Phase 1 central values (log10): [-12.          -2.99700178  -0.68832578   2.44169403 -12.        ]
2026-02-21 17:21:17,927 - INFO - [MONTE CARLO] PFHxS Linear - Generating 10000 samples in log10-space (full covariance)
2026-02-21 17:21:17,928 - INFO - [MONTE CARLO] PFHxS Linear - Sample means: [1.00000000e-12 1.51424890e+00 2.05391522e-01 3.58074457e+21
 1.00000000e-12]
2026-02-21 17:21:17,928 - INFO - [MONTE CARLO] PFHxS Linear - Sample stds: [2.92825168e-26 7.03718175e+01 1.63722962e-02 3.41748173e+23
 2.92825168e-26]
2026-02-21 17:21:17,930 - INFO - [MONTE CARLO] PFHxS Linear - Collecting predictions for: ['liver', 'feces', 'urine', 'brain', 'plasma', 'muscle', 'lung', 'milk', 'spleen', 'kidney', 'heart', 'elim']
2026-02-21 17:21:19,975 - ERROR - [MONTE CARLO] PFHxS Linear - FAILED after 3.0s: Model solution contains NaN or infinite values at index 0
Traceback (most recent call last):
  File "/Users/lucaprzygoda/Desktop/pfaa-pbtk-dairy-goats/optimization/mc.py", line 262, in run_monte_carlo_for_pair
    pred, all_params = simulate_model(params, sim_configs[i], context)
                       ~~~~~~~~~~~~~~^^^^^^^^^^^^^^^^^^^^^^^^^^^^^^^^^
  File "/Users/lucaprzygoda/Desktop/pfaa-pbtk-dairy-goats/optimization/fit.py", line 134, in simulate_model
    raise ValueError(f"Model solution contains NaN or infinite values at index {i}")
ValueError: Model solution contains NaN or infinite values at index 0
2026-02-21 17:21:19,977 - INFO - === PHASE 3/3 COMPLETED ===
2026-02-21 17:21:19,977 - INFO - Monte Carlo sampling: 0/1 successful in 3.0s
2026-02-21 17:21:19,980 - INFO - === ALL PHASES COMPLETED ===
2026-02-21 17:21:19,980 - INFO - Total execution time: 215.4s (0.1 hours)
2026-02-21 17:21:19,981 - INFO - Success rates: Global=1/1, Jackknife=1/1, Monte Carlo=0/1
2026-02-21 17:21:19,981 - INFO - Average global fit time: 94.3s per compound
2026-02-21 17:21:19,981 - INFO - Average jackknife time: 118.1s per compound
2026-02-21 17:21:19,981 - INFO - Fully successful compounds: 0/1
