2026-02-17 12:52:36,215 - INFO - Loading data files...
2026-02-17 12:52:36,234 - INFO - Loaded intake and physiological data: 17766 intake rows, 3 animals with urine volumes, 3 animals with feces mass, 3 animals with milk yield series, 3 animals with body weight series
2026-02-17 12:52:36,234 - INFO - Determining compound-isomer pairs: hay concentration not 0 and at least one of [Brain, Feces, Heart, Kidney, Liver, Lung, Milk, Muscle, Plasma, Spleen, Urine] above LOQ.
2026-02-17 12:52:36,242 - INFO -   PFBA Linear: matrices above LOQ: Feces, Milk, Plasma, Urine
2026-02-17 12:52:36,244 - INFO -   PFPeA Linear: matrices above LOQ: Feces, Milk, Muscle, Urine
2026-02-17 12:52:36,246 - INFO -   PFHxA Linear: matrices above LOQ: Urine
2026-02-17 12:52:36,248 - INFO -   PFHpA Linear: matrices above LOQ: Urine
2026-02-17 12:52:36,251 - INFO -   PFOA Linear: matrices above LOQ: Brain, Feces, Milk, Plasma, Urine
2026-02-17 12:52:36,253 - INFO -   PFOA Branched: matrices above LOQ: Milk, Plasma, Urine
2026-02-17 12:52:36,256 - INFO -   PFDA Linear: matrices above LOQ: Liver, Milk, Plasma
2026-02-17 12:52:36,258 - INFO -   PFUnDA Linear: matrices above LOQ: Milk, Plasma
2026-02-17 12:52:36,260 - INFO -   PFDoDA Linear: matrices above LOQ: Milk, Plasma
2026-02-17 12:52:36,262 - INFO -   PFTrDA Linear: matrices above LOQ: Milk, Plasma
2026-02-17 12:52:36,264 - INFO -   PFTeDA Linear: matrices above LOQ: Plasma
2026-02-17 12:52:36,267 - INFO -   PFHxS Linear: matrices above LOQ: Milk, Plasma, Urine
2026-02-17 12:52:36,269 - INFO -   PFHpS Linear: matrices above LOQ: Milk, Plasma
2026-02-17 12:52:36,272 - INFO -   PFOS Linear: matrices above LOQ: Brain, Feces, Heart, Kidney, Liver, Lung, Milk, Muscle, Plasma, Spleen, Urine
2026-02-17 12:52:36,274 - INFO -   PFOS Branched: matrices above LOQ: Brain, Feces, Heart, Kidney, Liver, Lung, Milk, Muscle, Plasma, Spleen, Urine
2026-02-17 12:52:36,277 - INFO -   PFNS Linear: matrices above LOQ: Brain, Feces, Heart, Kidney, Liver, Lung, Milk, Muscle, Plasma, Spleen
2026-02-17 12:52:36,279 - INFO -   PFNS Branched: matrices above LOQ: Brain, Feces, Heart, Kidney, Liver, Lung, Milk, Muscle, Plasma, Spleen, Urine
2026-02-17 12:52:36,282 - INFO -   PFDS Linear: matrices above LOQ: Brain, Feces, Heart, Kidney, Liver, Lung, Milk, Muscle, Plasma, Spleen
2026-02-17 12:52:36,284 - INFO -   PFDS Branched: matrices above LOQ: Feces, Heart, Kidney, Liver, Lung, Milk, Plasma, Spleen
2026-02-17 12:52:36,287 - INFO -   PFUnDS Linear: matrices above LOQ: Brain, Feces, Milk, Plasma
2026-02-17 12:52:36,289 - INFO -   PFUnDS Branched: matrices above LOQ: Feces, Liver, Milk, Plasma
2026-02-17 12:52:36,292 - INFO -   PFDoDS Linear: matrices above LOQ: Brain, Feces, Milk, Plasma
2026-02-17 12:52:36,294 - INFO -   PFDoDS Branched: matrices above LOQ: Feces, Milk, Plasma
2026-02-17 12:52:36,296 - INFO -   PFTrDS Linear: matrices above LOQ: Brain, Feces, Milk
2026-02-17 12:52:36,298 - INFO -   PFTrDS Branched: matrices above LOQ: Feces, Milk, Plasma
2026-02-17 12:52:36,302 - INFO -   PFNA Linear: matrices above LOQ: Milk
2026-02-17 12:52:36,310 - INFO -   PFDA Branched: matrices above LOQ: Milk
2026-02-17 12:52:36,311 - INFO -   PFUnDA Branched: matrices above LOQ: Milk
2026-02-17 12:52:36,313 - INFO -   PFDoDA Branched: matrices above LOQ: Milk
2026-02-17 12:52:36,315 - INFO -   PFTrDA Branched: matrices above LOQ: Milk
2026-02-17 12:52:36,317 - INFO -   PFTeDA Branched: matrices above LOQ: Milk
2026-02-17 12:52:36,318 - INFO - Found 19 compounds (31 compound-isomer pairs) meeting criteria
2026-02-17 12:52:36,323 - INFO - 
All compound-isomer pairs to process (31 total):
2026-02-17 12:52:36,323 - INFO -   PFBA         | Linear    
2026-02-17 12:52:36,323 - INFO -   PFDA         | Branched  
2026-02-17 12:52:36,323 - INFO -   PFDA         | Linear    
2026-02-17 12:52:36,323 - INFO -   PFDS         | Branched  
2026-02-17 12:52:36,323 - INFO -   PFDS         | Linear    
2026-02-17 12:52:36,323 - INFO -   PFDoDA       | Branched  
2026-02-17 12:52:36,323 - INFO -   PFDoDA       | Linear    
2026-02-17 12:52:36,323 - INFO -   PFDoDS       | Branched  
2026-02-17 12:52:36,323 - INFO -   PFDoDS       | Linear    
2026-02-17 12:52:36,323 - INFO -   PFHpA        | Linear    
2026-02-17 12:52:36,323 - INFO -   PFHpS        | Linear    
2026-02-17 12:52:36,323 - INFO -   PFHxA        | Linear    
2026-02-17 12:52:36,323 - INFO -   PFHxS        | Linear    
2026-02-17 12:52:36,323 - INFO -   PFNA         | Linear    
2026-02-17 12:52:36,323 - INFO -   PFNS         | Branched  
2026-02-17 12:52:36,323 - INFO -   PFNS         | Linear    
2026-02-17 12:52:36,323 - INFO -   PFOA         | Branched  
2026-02-17 12:52:36,323 - INFO -   PFOA         | Linear    
2026-02-17 12:52:36,323 - INFO -   PFOS         | Branched  
2026-02-17 12:52:36,323 - INFO -   PFOS         | Linear    
2026-02-17 12:52:36,323 - INFO -   PFPeA        | Linear    
2026-02-17 12:52:36,323 - INFO -   PFTeDA       | Branched  
2026-02-17 12:52:36,323 - INFO -   PFTeDA       | Linear    
2026-02-17 12:52:36,323 - INFO -   PFTrDA       | Branched  
2026-02-17 12:52:36,323 - INFO -   PFTrDA       | Linear    
2026-02-17 12:52:36,323 - INFO -   PFTrDS       | Branched  
2026-02-17 12:52:36,323 - INFO -   PFTrDS       | Linear    
2026-02-17 12:52:36,323 - INFO -   PFUnDA       | Branched  
2026-02-17 12:52:36,323 - INFO -   PFUnDA       | Linear    
2026-02-17 12:52:36,323 - INFO -   PFUnDS       | Branched  
2026-02-17 12:52:36,323 - INFO -   PFUnDS       | Linear    
2026-02-17 12:52:36,323 - INFO - 
2026-02-17 12:52:36,323 - INFO - === STARTING FULL MONTE CARLO RUN ===
2026-02-17 12:52:36,323 - INFO - Total compounds to process: 1
2026-02-17 12:52:36,338 - INFO - === PHASE 1: Running global mean fits (two-stage: log-RMSE then censored likelihood) ===
2026-02-17 12:52:36,338 - INFO - [PHASE 1 / Stage 1] Log-RMSE global fits (no sigma needed)
2026-02-17 12:52:36,374 - INFO - [GLOBAL FIT] Starting PFDA Linear
2026-02-17 12:52:36,378 - INFO - [GLOBAL FIT] PFDA Linear - Data: 231 points, 3 matrices above LOQ, 3 animals
2026-02-17 12:52:36,381 - INFO - [GLOBAL FIT] PFDA Linear - Fitting parameters: ['k_a', 'k_elim']
2026-02-17 12:52:36,381 - INFO - [GLOBAL FIT] PFDA Linear - Fixed parameters: {'k_feces': 0.0, 'k_ehc': 0.0, 'k_renal': 0.0}
2026-02-17 12:52:53,498 - INFO - [GLOBAL FIT] PFDA Linear - Success: loss=1.34, iterations=13
2026-02-17 12:52:53,498 - INFO - [GLOBAL FIT] PFDA Linear - Parameters: k_a=127.577, k_elim=0.154, k_feces=0.000, k_ehc=0.000, k_renal=0.000
2026-02-17 12:52:53,499 - INFO - [GLOBAL FIT] PFDA Linear - Saved parameters to /Users/lucaprzygoda/Desktop/pfaa-pbtk-dairy-goats/results/optimization/global_fit/fit_PFDA_Linear.csv
2026-02-17 12:52:53,500 - INFO - [GLOBAL FIT] PFDA Linear - Completed in 17.1s
2026-02-17 12:52:53,500 - INFO - === Estimating pooled sigma from Stage 1 fits ===
2026-02-17 12:52:53,501 - INFO - [SIGMA EST] Estimating pooled sigma from 1 compound-isomer pairs (pooled residuals per matrix)...
2026-02-17 12:52:53,657 - INFO - [SIGMA EST] liver: pooled σ=0.500 (from 2 pooled residuals)
2026-02-17 12:52:53,657 - INFO - [SIGMA EST] milk: pooled σ=0.850 (from 26 pooled residuals)
2026-02-17 12:52:53,657 - INFO - [SIGMA EST] plasma: pooled σ=0.338 (from 18 pooled residuals)
2026-02-17 12:52:53,658 - INFO - [SIGMA EST] Saved pooled sigma estimates to /Users/lucaprzygoda/Desktop/pfaa-pbtk-dairy-goats/results/optimization/sigma_estimates/sigma_pooled.csv
2026-02-17 12:52:53,697 - INFO - Pooled sigma estimates computed successfully
2026-02-17 12:52:53,697 - INFO -   urine: σ=0.500
2026-02-17 12:52:53,697 - INFO -   liver: σ=0.500
2026-02-17 12:52:53,697 - INFO -   rest: σ=0.400
2026-02-17 12:52:53,697 - INFO -   intestine: σ=0.400
2026-02-17 12:52:53,697 - INFO -   lung: σ=0.500
2026-02-17 12:52:53,697 - INFO -   kidney: σ=0.500
2026-02-17 12:52:53,697 - INFO -   spleen: σ=0.500
2026-02-17 12:52:53,697 - INFO -   muscle: σ=0.500
2026-02-17 12:52:53,697 - INFO -   stomach: σ=0.400
2026-02-17 12:52:53,697 - INFO -   brain: σ=0.500
2026-02-17 12:52:53,697 - INFO -   heart: σ=0.500
2026-02-17 12:52:53,697 - INFO -   milk: σ=0.850
2026-02-17 12:52:53,697 - INFO -   feces: σ=0.500
2026-02-17 12:52:53,697 - INFO -   plasma: σ=0.338
2026-02-17 12:52:53,697 - INFO - [PHASE 1 / Stage 2] Censored-likelihood (Tobit) global fits using estimated sigma
2026-02-17 12:52:53,730 - INFO - [GLOBAL FIT] Starting PFDA Linear
2026-02-17 12:52:53,733 - INFO - [GLOBAL FIT] PFDA Linear - Data: 231 points, 3 matrices above LOQ, 3 animals
2026-02-17 12:52:53,735 - INFO - [GLOBAL FIT] PFDA Linear - Fitting parameters: ['k_a', 'k_elim']
2026-02-17 12:52:53,736 - INFO - [GLOBAL FIT] PFDA Linear - Fixed parameters: {'k_feces': 0.0, 'k_ehc': 0.0, 'k_renal': 0.0}
2026-02-17 12:53:12,629 - INFO - [GLOBAL FIT] PFDA Linear - Success: loss=-22.45, iterations=13
2026-02-17 12:53:12,630 - INFO - [GLOBAL FIT] PFDA Linear - Parameters: k_a=193.158, k_elim=0.172, k_feces=0.000, k_ehc=0.000, k_renal=0.000
2026-02-17 12:53:12,631 - INFO - [GLOBAL FIT] PFDA Linear - Saved parameters to /Users/lucaprzygoda/Desktop/pfaa-pbtk-dairy-goats/results/optimization/global_fit/fit_PFDA_Linear.csv
2026-02-17 12:53:12,631 - INFO - [GLOBAL FIT] PFDA Linear - Completed in 18.9s
2026-02-17 12:53:12,632 - INFO - === PHASE 1/3 COMPLETED ===
2026-02-17 12:53:12,632 - INFO - Global mean fits (two-stage): 1/1 successful in 36.3s
2026-02-17 12:53:12,632 - INFO - === PHASE 2: Running jackknife fits ===
2026-02-17 12:53:12,665 - INFO - [JACKKNIFE] Starting PFDA Linear
2026-02-17 12:53:12,678 - INFO - [JACKKNIFE] PFDA Linear - Processing animal E2 (1/3)
2026-02-17 12:53:28,574 - INFO - [JACKKNIFE] PFDA Linear - Animal E2 completed in 15.9s (loss=-13.64)
2026-02-17 12:53:28,576 - INFO - [JACKKNIFE] PFDA Linear - Processing animal E3 (2/3)
2026-02-17 12:53:47,337 - INFO - [JACKKNIFE] PFDA Linear - Animal E3 completed in 18.8s (loss=-18.16)
2026-02-17 12:53:47,338 - INFO - [JACKKNIFE] PFDA Linear - Processing animal E4 (3/3)
2026-02-17 12:54:04,945 - INFO - [JACKKNIFE] PFDA Linear - Animal E4 completed in 17.6s (loss=-14.87)
2026-02-17 12:54:04,948 - INFO - [JACKKNIFE] PFDA Linear - Saved jackknife results to /Users/lucaprzygoda/Desktop/pfaa-pbtk-dairy-goats/results/optimization/jackknife/jackknife_PFDA_Linear_LOAO.csv
2026-02-17 12:54:04,948 - INFO - [JACKKNIFE] PFDA Linear - Completed in 52.3s
2026-02-17 12:54:04,949 - INFO - === PHASE 2/3 COMPLETED ===
2026-02-17 12:54:04,949 - INFO - Jackknife fits: 1/1 successful in 52.3s
2026-02-17 12:54:04,949 - INFO - === PHASE 3: Running Monte Carlo sampling ===
2026-02-17 12:54:04,984 - INFO - [MONTE CARLO] Starting PFDA Linear
2026-02-17 12:54:04,986 - INFO - [MONTE CARLO] PFDA Linear - Phase 1 point estimates (linear): [0.00000000e+00 1.71722791e-01 0.00000000e+00 1.93157531e+02
 0.00000000e+00]
2026-02-17 12:54:04,987 - INFO - [MONTE CARLO] PFDA Linear - Phase 1 central values (log10): [-12.          -0.76517206 -12.           2.28591165 -12.        ]
2026-02-17 12:54:04,987 - INFO - [MONTE CARLO] PFDA Linear - Jackknife stds (log10, diagonal): [0.         0.03515494 0.         0.02644914 0.        ]
2026-02-17 12:54:04,987 - INFO - [MONTE CARLO] PFDA Linear - Generating 10000 samples in log10-space around Phase 1 (diagonal covariance)
2026-02-17 12:54:04,988 - INFO - [MONTE CARLO] PFDA Linear - Sample means: [9.99908972e-13 1.72309850e-01 1.00051785e-12 1.93521432e+02
 1.00027976e-12]
2026-02-17 12:54:04,988 - INFO - [MONTE CARLO] PFDA Linear - Sample stds: [2.30587713e-14 1.39907702e-02 2.28428532e-14 1.19711471e+01
 2.31307166e-14]
2026-02-17 12:54:04,990 - INFO - [MONTE CARLO] PFDA Linear - Collecting predictions for: ['urine', 'liver', 'plasma', 'lung', 'kidney', 'spleen', 'brain', 'heart', 'milk', 'feces', 'muscle', 'elim']
2026-02-17 13:00:25,636 - INFO - [MONTE CARLO] PFDA Linear - Saved predictions to /Users/lucaprzygoda/Desktop/pfaa-pbtk-dairy-goats/results/optimization/monte_carlo/predictions_PFDA_Linear_monte_carlo.csv
2026-02-17 13:00:25,637 - INFO - [MONTE CARLO] PFDA Linear - Total samples: 10000 parameter draws × 3 animals = 30000 total predictions
2026-02-17 13:00:25,637 - INFO - [MONTE CARLO] PFDA Linear - Completed in 380.7s
2026-02-17 13:00:25,777 - INFO - === PHASE 3/3 COMPLETED ===
2026-02-17 13:00:25,777 - INFO - Monte Carlo sampling: 1/1 successful in 380.8s
2026-02-17 13:00:25,789 - INFO - === ALL PHASES COMPLETED ===
2026-02-17 13:00:25,789 - INFO - Total execution time: 469.5s (0.1 hours)
2026-02-17 13:00:25,789 - INFO - Success rates: Global=1/1, Jackknife=1/1, Monte Carlo=1/1
2026-02-17 13:00:25,789 - INFO - Average global fit time: 36.3s per compound
2026-02-17 13:00:25,789 - INFO - Average jackknife time: 52.3s per compound
2026-02-17 13:00:25,789 - INFO - Average Monte Carlo time: 380.8s per compound
2026-02-17 13:00:25,789 - INFO - Fully successful compounds: 1/1
