2026-03-20 20:10:38,843 - INFO - Loading data files...
2026-03-20 20:10:38,870 - INFO - Loaded intake and physiological data: 17766 intake rows, 3 animals with urine volumes, 3 animals with feces mass, 3 animals with milk yield series, 3 animals with body weight series
2026-03-20 20:10:38,870 - INFO - Determining compound-isomer pairs: hay concentration not 0 and at least one of [Brain, Feces, Heart, Kidney, Liver, Lung, Milk, Muscle, Plasma, Spleen, Urine] above LOQ.
2026-03-20 20:10:38,879 - INFO -   PFBA Linear: matrices above LOQ: Feces, Milk, Plasma, Urine
2026-03-20 20:10:38,882 - INFO -   PFPeA Linear: matrices above LOQ: Feces, Milk, Muscle, Urine
2026-03-20 20:10:38,884 - INFO -   PFHxA Linear: matrices above LOQ: Urine
2026-03-20 20:10:38,886 - INFO -   PFHpA Linear: matrices above LOQ: Urine
2026-03-20 20:10:38,889 - INFO -   PFOA Linear: matrices above LOQ: Brain, Feces, Milk, Plasma, Urine
2026-03-20 20:10:38,891 - INFO -   PFOA Branched: matrices above LOQ: Milk, Plasma, Urine
2026-03-20 20:10:38,894 - INFO -   PFDA Linear: matrices above LOQ: Liver, Milk, Plasma
2026-03-20 20:10:38,896 - INFO -   PFUnDA Linear: matrices above LOQ: Milk, Plasma
2026-03-20 20:10:38,899 - INFO -   PFDoDA Linear: matrices above LOQ: Milk, Plasma
2026-03-20 20:10:38,901 - INFO -   PFTrDA Linear: matrices above LOQ: Milk, Plasma
2026-03-20 20:10:38,903 - INFO -   PFTeDA Linear: matrices above LOQ: Plasma
2026-03-20 20:10:38,906 - INFO -   PFHxS Linear: matrices above LOQ: Milk, Plasma, Urine
2026-03-20 20:10:38,909 - INFO -   PFHpS Linear: matrices above LOQ: Milk, Plasma
2026-03-20 20:10:38,912 - INFO -   PFOS Linear: matrices above LOQ: Brain, Feces, Heart, Kidney, Liver, Lung, Milk, Muscle, Plasma, Spleen, Urine
2026-03-20 20:10:38,914 - INFO -   PFOS Branched: matrices above LOQ: Brain, Feces, Heart, Kidney, Liver, Lung, Milk, Muscle, Plasma, Spleen, Urine
2026-03-20 20:10:38,917 - INFO -   PFNS Linear: matrices above LOQ: Brain, Feces, Heart, Kidney, Liver, Lung, Milk, Muscle, Plasma, Spleen
2026-03-20 20:10:38,919 - INFO -   PFNS Branched: matrices above LOQ: Brain, Feces, Heart, Kidney, Liver, Lung, Milk, Muscle, Plasma, Spleen, Urine
2026-03-20 20:10:38,921 - INFO -   PFDS Linear: matrices above LOQ: Brain, Feces, Heart, Kidney, Liver, Lung, Milk, Muscle, Plasma, Spleen
2026-03-20 20:10:38,924 - INFO -   PFDS Branched: matrices above LOQ: Feces, Heart, Kidney, Liver, Lung, Milk, Plasma, Spleen
2026-03-20 20:10:38,926 - INFO -   PFUnDS Linear: matrices above LOQ: Brain, Feces, Milk, Plasma
2026-03-20 20:10:38,929 - INFO -   PFUnDS Branched: matrices above LOQ: Feces, Liver, Milk, Plasma
2026-03-20 20:10:38,932 - INFO -   PFDoDS Linear: matrices above LOQ: Brain, Feces, Milk, Plasma
2026-03-20 20:10:38,934 - INFO -   PFDoDS Branched: matrices above LOQ: Feces, Milk, Plasma
2026-03-20 20:10:38,936 - INFO -   PFTrDS Linear: matrices above LOQ: Brain, Feces, Milk
2026-03-20 20:10:38,939 - INFO -   PFTrDS Branched: matrices above LOQ: Feces, Milk, Plasma
2026-03-20 20:10:38,943 - INFO -   PFNA Linear: matrices above LOQ: Milk
2026-03-20 20:10:38,950 - INFO -   PFDA Branched: matrices above LOQ: Milk
2026-03-20 20:10:38,952 - INFO -   PFUnDA Branched: matrices above LOQ: Milk
2026-03-20 20:10:38,954 - INFO -   PFDoDA Branched: matrices above LOQ: Milk
2026-03-20 20:10:38,956 - INFO -   PFTrDA Branched: matrices above LOQ: Milk
2026-03-20 20:10:38,958 - INFO -   PFTeDA Branched: matrices above LOQ: Milk
2026-03-20 20:10:38,960 - INFO - Found 19 compounds (31 compound-isomer pairs) meeting criteria
2026-03-20 20:10:38,966 - INFO - 
All compound-isomer pairs to process (31 total):
2026-03-20 20:10:38,966 - INFO -   PFBA         | Linear    
2026-03-20 20:10:38,966 - INFO -   PFDA         | Branched  
2026-03-20 20:10:38,966 - INFO -   PFDA         | Linear    
2026-03-20 20:10:38,966 - INFO -   PFDS         | Branched  
2026-03-20 20:10:38,966 - INFO -   PFDS         | Linear    
2026-03-20 20:10:38,966 - INFO -   PFDoDA       | Branched  
2026-03-20 20:10:38,966 - INFO -   PFDoDA       | Linear    
2026-03-20 20:10:38,966 - INFO -   PFDoDS       | Branched  
2026-03-20 20:10:38,966 - INFO -   PFDoDS       | Linear    
2026-03-20 20:10:38,966 - INFO -   PFHpA        | Linear    
2026-03-20 20:10:38,966 - INFO -   PFHpS        | Linear    
2026-03-20 20:10:38,966 - INFO -   PFHxA        | Linear    
2026-03-20 20:10:38,966 - INFO -   PFHxS        | Linear    
2026-03-20 20:10:38,966 - INFO -   PFNA         | Linear    
2026-03-20 20:10:38,967 - INFO -   PFNS         | Branched  
2026-03-20 20:10:38,967 - INFO -   PFNS         | Linear    
2026-03-20 20:10:38,967 - INFO -   PFOA         | Branched  
2026-03-20 20:10:38,967 - INFO -   PFOA         | Linear    
2026-03-20 20:10:38,967 - INFO -   PFOS         | Branched  
2026-03-20 20:10:38,967 - INFO -   PFOS         | Linear    
2026-03-20 20:10:38,967 - INFO -   PFPeA        | Linear    
2026-03-20 20:10:38,967 - INFO -   PFTeDA       | Branched  
2026-03-20 20:10:38,967 - INFO -   PFTeDA       | Linear    
2026-03-20 20:10:38,967 - INFO -   PFTrDA       | Branched  
2026-03-20 20:10:38,967 - INFO -   PFTrDA       | Linear    
2026-03-20 20:10:38,967 - INFO -   PFTrDS       | Branched  
2026-03-20 20:10:38,967 - INFO -   PFTrDS       | Linear    
2026-03-20 20:10:38,967 - INFO -   PFUnDA       | Branched  
2026-03-20 20:10:38,967 - INFO -   PFUnDA       | Linear    
2026-03-20 20:10:38,967 - INFO -   PFUnDS       | Branched  
2026-03-20 20:10:38,967 - INFO -   PFUnDS       | Linear    
2026-03-20 20:10:38,967 - INFO - 
2026-03-20 20:10:38,967 - INFO - Overriding n_mc_samples to 20
2026-03-20 20:10:38,967 - INFO - === STARTING MONTE CARLO-ONLY RUN ===
2026-03-20 20:10:38,967 - INFO - Total compounds to process: 1
2026-03-20 20:10:38,967 - INFO - Note: Skipping phases 1 and 2, assuming global fits and jackknife results exist
2026-03-20 20:10:38,971 - INFO - === PHASE 1: Running Monte Carlo sampling ===
2026-03-20 20:10:39,011 - INFO - [MONTE CARLO] Starting PFOS Linear
2026-03-20 20:10:41,524 - INFO - [MONTE CARLO] PFOS Linear - Sample means: [5.11068345e+00 1.08664108e-01 3.36404827e-03 1.49807881e+02
 1.05878965e+00]
2026-03-20 20:10:41,524 - INFO - [MONTE CARLO] PFOS Linear - Sample stds: [3.25653136e+00 3.99269430e-02 2.23687676e-03 9.03997619e+01
 7.63769238e-01]
2026-03-20 20:10:41,526 - INFO - [MONTE CARLO] PFOS Linear - Collecting predictions for: ['spleen', 'plasma', 'feces', 'heart', 'kidney', 'brain', 'lung', 'urine', 'liver', 'muscle', 'milk', 'elim']
2026-03-20 20:10:42,696 - INFO - [MONTE CARLO] PFOS Linear - Saved predictions to /Users/lucaprzygoda/Desktop/pfaa-pbtk-dairy-goats/results/optimization/monte_carlo/predictions_PFOS_Linear_monte_carlo.csv
2026-03-20 20:10:42,696 - INFO - [MONTE CARLO] PFOS Linear - Total samples: 20 parameter draws × 3 animals = 60 total predictions
2026-03-20 20:10:42,697 - INFO - [MONTE CARLO] PFOS Linear - Completed in 3.7s
2026-03-20 20:10:42,719 - INFO - === PHASE 1/1 COMPLETED ===
2026-03-20 20:10:42,720 - INFO - Monte Carlo sampling: 1/1 successful in 3.7s
2026-03-20 20:10:42,723 - INFO - === MONTE CARLO-ONLY RUN COMPLETED ===
2026-03-20 20:10:42,723 - INFO - Total execution time: 3.8s (0.0 hours)
2026-03-20 20:10:42,723 - INFO - Success rate: Monte Carlo=1/1
2026-03-20 20:10:42,723 - INFO - Average Monte Carlo time: 3.7s per compound
