2026-02-17 11:19:15,063 - INFO - Loading data files...
2026-02-17 11:19:15,081 - INFO - Loaded intake and physiological data: 17766 intake rows, 3 animals with urine volumes, 3 animals with feces mass, 3 animals with milk yield series, 3 animals with body weight series
2026-02-17 11:19:15,081 - INFO - Determining compound-isomer pairs: hay concentration not 0 and at least one of [Brain, Feces, Heart, Kidney, Liver, Lung, Milk, Muscle, Plasma, Spleen, Urine] above LOQ.
2026-02-17 11:19:15,090 - INFO -   PFBA Linear: matrices above LOQ: Feces, Milk, Plasma, Urine
2026-02-17 11:19:15,093 - INFO -   PFPeA Linear: matrices above LOQ: Feces, Milk, Muscle, Urine
2026-02-17 11:19:15,095 - INFO -   PFHxA Linear: matrices above LOQ: Urine
2026-02-17 11:19:15,097 - INFO -   PFHpA Linear: matrices above LOQ: Urine
2026-02-17 11:19:15,099 - INFO -   PFOA Linear: matrices above LOQ: Brain, Feces, Milk, Plasma, Urine
2026-02-17 11:19:15,102 - INFO -   PFOA Branched: matrices above LOQ: Milk, Plasma, Urine
2026-02-17 11:19:15,104 - INFO -   PFDA Linear: matrices above LOQ: Liver, Milk, Plasma
2026-02-17 11:19:15,106 - INFO -   PFUnDA Linear: matrices above LOQ: Milk, Plasma
2026-02-17 11:19:15,108 - INFO -   PFDoDA Linear: matrices above LOQ: Milk, Plasma
2026-02-17 11:19:15,111 - INFO -   PFTrDA Linear: matrices above LOQ: Milk, Plasma
2026-02-17 11:19:15,113 - INFO -   PFTeDA Linear: matrices above LOQ: Plasma
2026-02-17 11:19:15,116 - INFO -   PFHxS Linear: matrices above LOQ: Milk, Plasma, Urine
2026-02-17 11:19:15,119 - INFO -   PFHpS Linear: matrices above LOQ: Milk, Plasma
2026-02-17 11:19:15,121 - INFO -   PFOS Linear: matrices above LOQ: Brain, Feces, Heart, Kidney, Liver, Lung, Milk, Muscle, Plasma, Spleen, Urine
2026-02-17 11:19:15,124 - INFO -   PFOS Branched: matrices above LOQ: Brain, Feces, Heart, Kidney, Liver, Lung, Milk, Muscle, Plasma, Spleen, Urine
2026-02-17 11:19:15,128 - INFO -   PFNS Linear: matrices above LOQ: Brain, Feces, Heart, Kidney, Liver, Lung, Milk, Muscle, Plasma, Spleen
2026-02-17 11:19:15,130 - INFO -   PFNS Branched: matrices above LOQ: Brain, Feces, Heart, Kidney, Liver, Lung, Milk, Muscle, Plasma, Spleen, Urine
2026-02-17 11:19:15,133 - INFO -   PFDS Linear: matrices above LOQ: Brain, Feces, Heart, Kidney, Liver, Lung, Milk, Muscle, Plasma, Spleen
2026-02-17 11:19:15,135 - INFO -   PFDS Branched: matrices above LOQ: Feces, Heart, Kidney, Liver, Lung, Milk, Plasma, Spleen
2026-02-17 11:19:15,137 - INFO -   PFUnDS Linear: matrices above LOQ: Brain, Feces, Milk, Plasma
2026-02-17 11:19:15,140 - INFO -   PFUnDS Branched: matrices above LOQ: Feces, Liver, Milk, Plasma
2026-02-17 11:19:15,142 - INFO -   PFDoDS Linear: matrices above LOQ: Brain, Feces, Milk, Plasma
2026-02-17 11:19:15,144 - INFO -   PFDoDS Branched: matrices above LOQ: Feces, Milk, Plasma
2026-02-17 11:19:15,147 - INFO -   PFTrDS Linear: matrices above LOQ: Brain, Feces, Milk
2026-02-17 11:19:15,149 - INFO -   PFTrDS Branched: matrices above LOQ: Feces, Milk, Plasma
2026-02-17 11:19:15,153 - INFO -   PFNA Linear: matrices above LOQ: Milk
2026-02-17 11:19:15,160 - INFO -   PFDA Branched: matrices above LOQ: Milk
2026-02-17 11:19:15,162 - INFO -   PFUnDA Branched: matrices above LOQ: Milk
2026-02-17 11:19:15,164 - INFO -   PFDoDA Branched: matrices above LOQ: Milk
2026-02-17 11:19:15,166 - INFO -   PFTrDA Branched: matrices above LOQ: Milk
2026-02-17 11:19:15,167 - INFO -   PFTeDA Branched: matrices above LOQ: Milk
2026-02-17 11:19:15,169 - INFO - Found 19 compounds (31 compound-isomer pairs) meeting criteria
2026-02-17 11:19:15,174 - INFO - 
All compound-isomer pairs to process (31 total):
2026-02-17 11:19:15,174 - INFO -   PFBA         | Linear    
2026-02-17 11:19:15,175 - INFO -   PFDA         | Branched  
2026-02-17 11:19:15,175 - INFO -   PFDA         | Linear    
2026-02-17 11:19:15,175 - INFO -   PFDS         | Branched  
2026-02-17 11:19:15,175 - INFO -   PFDS         | Linear    
2026-02-17 11:19:15,175 - INFO -   PFDoDA       | Branched  
2026-02-17 11:19:15,175 - INFO -   PFDoDA       | Linear    
2026-02-17 11:19:15,175 - INFO -   PFDoDS       | Branched  
2026-02-17 11:19:15,175 - INFO -   PFDoDS       | Linear    
2026-02-17 11:19:15,175 - INFO -   PFHpA        | Linear    
2026-02-17 11:19:15,175 - INFO -   PFHpS        | Linear    
2026-02-17 11:19:15,175 - INFO -   PFHxA        | Linear    
2026-02-17 11:19:15,175 - INFO -   PFHxS        | Linear    
2026-02-17 11:19:15,175 - INFO -   PFNA         | Linear    
2026-02-17 11:19:15,175 - INFO -   PFNS         | Branched  
2026-02-17 11:19:15,175 - INFO -   PFNS         | Linear    
2026-02-17 11:19:15,175 - INFO -   PFOA         | Branched  
2026-02-17 11:19:15,175 - INFO -   PFOA         | Linear    
2026-02-17 11:19:15,175 - INFO -   PFOS         | Branched  
2026-02-17 11:19:15,175 - INFO -   PFOS         | Linear    
2026-02-17 11:19:15,175 - INFO -   PFPeA        | Linear    
2026-02-17 11:19:15,175 - INFO -   PFTeDA       | Branched  
2026-02-17 11:19:15,175 - INFO -   PFTeDA       | Linear    
2026-02-17 11:19:15,175 - INFO -   PFTrDA       | Branched  
2026-02-17 11:19:15,175 - INFO -   PFTrDA       | Linear    
2026-02-17 11:19:15,175 - INFO -   PFTrDS       | Branched  
2026-02-17 11:19:15,175 - INFO -   PFTrDS       | Linear    
2026-02-17 11:19:15,175 - INFO -   PFUnDA       | Branched  
2026-02-17 11:19:15,175 - INFO -   PFUnDA       | Linear    
2026-02-17 11:19:15,175 - INFO -   PFUnDS       | Branched  
2026-02-17 11:19:15,175 - INFO -   PFUnDS       | Linear    
2026-02-17 11:19:15,175 - INFO - 
2026-02-17 11:19:15,175 - INFO - === STARTING FULL MONTE CARLO RUN ===
2026-02-17 11:19:15,175 - INFO - Total compounds to process: 1
2026-02-17 11:19:15,188 - INFO - === PHASE 1: Running global mean fits ===
2026-02-17 11:19:15,224 - INFO - [GLOBAL FIT] Starting PFDA Linear
2026-02-17 11:19:15,228 - INFO - [GLOBAL FIT] PFDA Linear - Data: 231 points, 3 matrices above LOQ, 3 animals
2026-02-17 11:19:15,230 - INFO - [GLOBAL FIT] PFDA Linear - Fitting parameters: ['k_a', 'k_elim']
2026-02-17 11:19:15,230 - INFO - [GLOBAL FIT] PFDA Linear - Fixed parameters: {'k_feces': 0.0, 'k_ehc': 0.0, 'k_renal': 0.0}
2026-02-17 11:19:35,257 - INFO - [GLOBAL FIT] PFDA Linear - Success: loss=-20.81, iterations=13
2026-02-17 11:19:35,258 - INFO - [GLOBAL FIT] PFDA Linear - Parameters: k_a=272.119, k_elim=0.170, k_feces=0.000, k_ehc=0.000, k_renal=0.000
2026-02-17 11:19:35,260 - INFO - [GLOBAL FIT] PFDA Linear - Saved parameters to /Users/lucaprzygoda/Desktop/pfaa-pbtk-dairy-goats/results/optimization/global_fit/fit_PFDA_Linear.csv
2026-02-17 11:19:35,260 - INFO - [GLOBAL FIT] PFDA Linear - Completed in 20.0s
2026-02-17 11:19:35,261 - INFO - === PHASE 1/3 COMPLETED ===
2026-02-17 11:19:35,261 - INFO - Global mean fits: 1/1 successful in 20.1s
2026-02-17 11:19:35,261 - INFO - === Estimating pooled sigma from all fits ===
2026-02-17 11:19:35,261 - INFO - [SIGMA EST] Estimating pooled sigma from 1 compound-isomer pairs (pooled residuals per matrix)...
2026-02-17 11:19:35,418 - INFO - [SIGMA EST] plasma: pooled σ=0.342 (from 18 pooled residuals)
2026-02-17 11:19:35,418 - INFO - [SIGMA EST] milk: pooled σ=0.912 (from 26 pooled residuals)
2026-02-17 11:19:35,418 - INFO - [SIGMA EST] liver: pooled σ=0.500 (from 2 pooled residuals)
2026-02-17 11:19:35,418 - INFO - [SIGMA EST] Saved pooled sigma estimates to /Users/lucaprzygoda/Desktop/pfaa-pbtk-dairy-goats/results/optimization/sigma_estimates/sigma_pooled.csv
2026-02-17 11:19:35,457 - INFO - Pooled sigma estimates computed successfully
2026-02-17 11:19:35,457 - INFO -   rest: σ=0.400
2026-02-17 11:19:35,457 - INFO -   spleen: σ=0.500
2026-02-17 11:19:35,457 - INFO -   plasma: σ=0.342
2026-02-17 11:19:35,457 - INFO -   feces: σ=0.500
2026-02-17 11:19:35,457 - INFO -   milk: σ=0.912
2026-02-17 11:19:35,457 - INFO -   lung: σ=0.500
2026-02-17 11:19:35,457 - INFO -   brain: σ=0.500
2026-02-17 11:19:35,457 - INFO -   heart: σ=0.500
2026-02-17 11:19:35,457 - INFO -   stomach: σ=0.400
2026-02-17 11:19:35,457 - INFO -   liver: σ=0.500
2026-02-17 11:19:35,457 - INFO -   intestine: σ=0.400
2026-02-17 11:19:35,457 - INFO -   urine: σ=0.500
2026-02-17 11:19:35,457 - INFO -   muscle: σ=0.500
2026-02-17 11:19:35,457 - INFO -   kidney: σ=0.500
2026-02-17 11:19:35,457 - INFO - === PHASE 2: Running jackknife fits ===
2026-02-17 11:19:35,490 - INFO - [JACKKNIFE] Starting PFDA Linear
2026-02-17 11:19:35,502 - INFO - [JACKKNIFE] PFDA Linear - Processing animal E2 (1/3)
2026-02-17 11:19:53,800 - INFO - [JACKKNIFE] PFDA Linear - Animal E2 completed in 18.3s (loss=-13.89)
2026-02-17 11:19:53,802 - INFO - [JACKKNIFE] PFDA Linear - Processing animal E3 (2/3)
2026-02-17 11:20:09,836 - INFO - [JACKKNIFE] PFDA Linear - Animal E3 completed in 16.0s (loss=-17.97)
2026-02-17 11:20:09,837 - INFO - [JACKKNIFE] PFDA Linear - Processing animal E4 (3/3)
2026-02-17 11:20:30,807 - INFO - [JACKKNIFE] PFDA Linear - Animal E4 completed in 21.0s (loss=-14.84)
2026-02-17 11:20:30,809 - INFO - [JACKKNIFE] PFDA Linear - Saved jackknife results to /Users/lucaprzygoda/Desktop/pfaa-pbtk-dairy-goats/results/optimization/jackknife/jackknife_PFDA_Linear_LOAO.csv
2026-02-17 11:20:30,809 - INFO - [JACKKNIFE] PFDA Linear - Completed in 55.3s
2026-02-17 11:20:30,810 - INFO - === PHASE 2/3 COMPLETED ===
2026-02-17 11:20:30,810 - INFO - Jackknife fits: 1/1 successful in 55.4s
2026-02-17 11:20:30,810 - INFO - === PHASE 3: Running Monte Carlo sampling ===
2026-02-17 11:20:30,844 - INFO - [MONTE CARLO] Starting PFDA Linear
2026-02-17 11:20:30,846 - INFO - [MONTE CARLO] PFDA Linear - Phase 1 point estimates (linear): [0.00000000e+00 1.70329520e-01 0.00000000e+00 2.72118697e+02
 0.00000000e+00]
2026-02-17 11:20:30,847 - INFO - [MONTE CARLO] PFDA Linear - Phase 1 central values (log10): [-12.          -0.76871008 -12.           2.43475838 -12.        ]
2026-02-17 11:20:30,847 - INFO - [MONTE CARLO] PFDA Linear - Jackknife stds (log10, diagonal): [0.        0.0361434 0.        0.0703288 0.       ]
2026-02-17 11:20:30,847 - INFO - [MONTE CARLO] PFDA Linear - Generating 10000 samples in log10-space around Phase 1 (diagonal covariance)
2026-02-17 11:20:30,848 - INFO - [MONTE CARLO] PFDA Linear - Sample means: [9.99908972e-13 1.70944447e-01 1.00051785e-12 2.75797206e+02
 1.00027976e-12]
2026-02-17 11:20:30,849 - INFO - [MONTE CARLO] PFDA Linear - Sample stds: [2.30587713e-14 1.42717260e-02 2.28428532e-14 4.55956709e+01
 2.31307166e-14]
2026-02-17 11:20:30,851 - INFO - [MONTE CARLO] PFDA Linear - Collecting predictions for: ['milk', 'spleen', 'plasma', 'feces', 'lung', 'brain', 'heart', 'liver', 'urine', 'muscle', 'kidney', 'elim']
2026-02-17 11:26:48,835 - INFO - [MONTE CARLO] PFDA Linear - Saved predictions to /Users/lucaprzygoda/Desktop/pfaa-pbtk-dairy-goats/results/optimization/monte_carlo/predictions_PFDA_Linear_monte_carlo.csv
2026-02-17 11:26:48,835 - INFO - [MONTE CARLO] PFDA Linear - Total samples: 10000 parameter draws × 3 animals = 30000 total predictions
2026-02-17 11:26:48,835 - INFO - [MONTE CARLO] PFDA Linear - Completed in 378.0s
2026-02-17 11:26:48,966 - INFO - === PHASE 3/3 COMPLETED ===
2026-02-17 11:26:48,966 - INFO - Monte Carlo sampling: 1/1 successful in 378.2s
2026-02-17 11:26:48,976 - INFO - === ALL PHASES COMPLETED ===
2026-02-17 11:26:48,976 - INFO - Total execution time: 453.8s (0.1 hours)
2026-02-17 11:26:48,976 - INFO - Success rates: Global=1/1, Jackknife=1/1, Monte Carlo=1/1
2026-02-17 11:26:48,976 - INFO - Average global fit time: 20.1s per compound
2026-02-17 11:26:48,976 - INFO - Average jackknife time: 55.4s per compound
2026-02-17 11:26:48,976 - INFO - Average Monte Carlo time: 378.2s per compound
2026-02-17 11:26:48,976 - INFO - Fully successful compounds: 1/1
