2026-02-16 19:16:30,339 - INFO - Loading data files...
2026-02-16 19:16:30,359 - INFO - Loaded intake and physiological data: 17766 intake rows, 3 animals with urine volumes, 3 animals with feces mass, 3 animals with milk yield series, 3 animals with body weight series
2026-02-16 19:16:30,359 - INFO - Determining compound-isomer pairs: hay concentration not 0 and at least one of [Brain, Feces, Heart, Kidney, Liver, Lung, Milk, Muscle, Plasma, Spleen, Urine] above LOQ.
2026-02-16 19:16:30,368 - INFO -   PFBA Linear: matrices above LOQ: Feces, Milk, Plasma, Urine
2026-02-16 19:16:30,370 - INFO -   PFPeA Linear: matrices above LOQ: Feces, Milk, Muscle, Urine
2026-02-16 19:16:30,372 - INFO -   PFHxA Linear: matrices above LOQ: Urine
2026-02-16 19:16:30,375 - INFO -   PFHpA Linear: matrices above LOQ: Urine
2026-02-16 19:16:30,377 - INFO -   PFOA Linear: matrices above LOQ: Brain, Feces, Milk, Plasma, Urine
2026-02-16 19:16:30,379 - INFO -   PFOA Branched: matrices above LOQ: Milk, Plasma, Urine
2026-02-16 19:16:30,382 - INFO -   PFDA Linear: matrices above LOQ: Liver, Milk, Plasma
2026-02-16 19:16:30,384 - INFO -   PFUnDA Linear: matrices above LOQ: Milk, Plasma
2026-02-16 19:16:30,387 - INFO -   PFDoDA Linear: matrices above LOQ: Milk, Plasma
2026-02-16 19:16:30,389 - INFO -   PFTrDA Linear: matrices above LOQ: Milk, Plasma
2026-02-16 19:16:30,391 - INFO -   PFTeDA Linear: matrices above LOQ: Plasma
2026-02-16 19:16:30,394 - INFO -   PFHxS Linear: matrices above LOQ: Milk, Plasma, Urine
2026-02-16 19:16:30,397 - INFO -   PFHpS Linear: matrices above LOQ: Milk, Plasma
2026-02-16 19:16:30,399 - INFO -   PFOS Linear: matrices above LOQ: Brain, Feces, Heart, Kidney, Liver, Lung, Milk, Muscle, Plasma, Spleen, Urine
2026-02-16 19:16:30,402 - INFO -   PFOS Branched: matrices above LOQ: Brain, Feces, Heart, Kidney, Liver, Lung, Milk, Muscle, Plasma, Spleen, Urine
2026-02-16 19:16:30,404 - INFO -   PFNS Linear: matrices above LOQ: Brain, Feces, Heart, Kidney, Liver, Lung, Milk, Muscle, Plasma, Spleen
2026-02-16 19:16:30,407 - INFO -   PFNS Branched: matrices above LOQ: Brain, Feces, Heart, Kidney, Liver, Lung, Milk, Muscle, Plasma, Spleen, Urine
2026-02-16 19:16:30,409 - INFO -   PFDS Linear: matrices above LOQ: Brain, Feces, Heart, Kidney, Liver, Lung, Milk, Muscle, Plasma, Spleen
2026-02-16 19:16:30,411 - INFO -   PFDS Branched: matrices above LOQ: Feces, Heart, Kidney, Liver, Lung, Milk, Plasma, Spleen
2026-02-16 19:16:30,414 - INFO -   PFUnDS Linear: matrices above LOQ: Brain, Feces, Milk, Plasma
2026-02-16 19:16:30,416 - INFO -   PFUnDS Branched: matrices above LOQ: Feces, Liver, Milk, Plasma
2026-02-16 19:16:30,418 - INFO -   PFDoDS Linear: matrices above LOQ: Brain, Feces, Milk, Plasma
2026-02-16 19:16:30,421 - INFO -   PFDoDS Branched: matrices above LOQ: Feces, Milk, Plasma
2026-02-16 19:16:30,423 - INFO -   PFTrDS Linear: matrices above LOQ: Brain, Feces, Milk
2026-02-16 19:16:30,425 - INFO -   PFTrDS Branched: matrices above LOQ: Feces, Milk, Plasma
2026-02-16 19:16:30,429 - INFO -   PFNA Linear: matrices above LOQ: Milk
2026-02-16 19:16:30,436 - INFO -   PFDA Branched: matrices above LOQ: Milk
2026-02-16 19:16:30,438 - INFO -   PFUnDA Branched: matrices above LOQ: Milk
2026-02-16 19:16:30,439 - INFO -   PFDoDA Branched: matrices above LOQ: Milk
2026-02-16 19:16:30,441 - INFO -   PFTrDA Branched: matrices above LOQ: Milk
2026-02-16 19:16:30,443 - INFO -   PFTeDA Branched: matrices above LOQ: Milk
2026-02-16 19:16:30,445 - INFO - Found 19 compounds (31 compound-isomer pairs) meeting criteria
2026-02-16 19:16:30,450 - INFO - 
All compound-isomer pairs to process (31 total):
2026-02-16 19:16:30,450 - INFO -   PFBA         | Linear    
2026-02-16 19:16:30,450 - INFO -   PFDA         | Branched  
2026-02-16 19:16:30,450 - INFO -   PFDA         | Linear    
2026-02-16 19:16:30,450 - INFO -   PFDS         | Branched  
2026-02-16 19:16:30,450 - INFO -   PFDS         | Linear    
2026-02-16 19:16:30,450 - INFO -   PFDoDA       | Branched  
2026-02-16 19:16:30,450 - INFO -   PFDoDA       | Linear    
2026-02-16 19:16:30,450 - INFO -   PFDoDS       | Branched  
2026-02-16 19:16:30,450 - INFO -   PFDoDS       | Linear    
2026-02-16 19:16:30,450 - INFO -   PFHpA        | Linear    
2026-02-16 19:16:30,450 - INFO -   PFHpS        | Linear    
2026-02-16 19:16:30,450 - INFO -   PFHxA        | Linear    
2026-02-16 19:16:30,450 - INFO -   PFHxS        | Linear    
2026-02-16 19:16:30,450 - INFO -   PFNA         | Linear    
2026-02-16 19:16:30,450 - INFO -   PFNS         | Branched  
2026-02-16 19:16:30,450 - INFO -   PFNS         | Linear    
2026-02-16 19:16:30,450 - INFO -   PFOA         | Branched  
2026-02-16 19:16:30,450 - INFO -   PFOA         | Linear    
2026-02-16 19:16:30,450 - INFO -   PFOS         | Branched  
2026-02-16 19:16:30,450 - INFO -   PFOS         | Linear    
2026-02-16 19:16:30,450 - INFO -   PFPeA        | Linear    
2026-02-16 19:16:30,450 - INFO -   PFTeDA       | Branched  
2026-02-16 19:16:30,450 - INFO -   PFTeDA       | Linear    
2026-02-16 19:16:30,450 - INFO -   PFTrDA       | Branched  
2026-02-16 19:16:30,450 - INFO -   PFTrDA       | Linear    
2026-02-16 19:16:30,450 - INFO -   PFTrDS       | Branched  
2026-02-16 19:16:30,450 - INFO -   PFTrDS       | Linear    
2026-02-16 19:16:30,450 - INFO -   PFUnDA       | Branched  
2026-02-16 19:16:30,450 - INFO -   PFUnDA       | Linear    
2026-02-16 19:16:30,450 - INFO -   PFUnDS       | Branched  
2026-02-16 19:16:30,450 - INFO -   PFUnDS       | Linear    
2026-02-16 19:16:30,450 - INFO - 
2026-02-16 19:16:30,450 - INFO - === STARTING FULL MONTE CARLO RUN ===
2026-02-16 19:16:30,450 - INFO - Total compounds to process: 1
2026-02-16 19:16:30,466 - INFO - === PHASE 1: Running global mean fits ===
2026-02-16 19:16:30,502 - INFO - [GLOBAL FIT] Starting PFOS Linear
2026-02-16 19:16:30,506 - INFO - [GLOBAL FIT] PFOS Linear - Data: 231 points, 11 matrices above LOQ, 3 animals
2026-02-16 19:16:30,508 - INFO - [GLOBAL FIT] PFOS Linear - Fitting parameters: ['k_a', 'k_elim', 'k_feces', 'k_ehc', 'k_renal']
2026-02-16 19:18:31,166 - INFO - [GLOBAL FIT] PFOS Linear - Success: loss=235.74, iterations=39
2026-02-16 19:18:31,167 - INFO - [GLOBAL FIT] PFOS Linear - Parameters: k_a=797.886, k_elim=0.091, k_feces=0.073, k_ehc=283.505, k_renal=0.032
2026-02-16 19:18:31,168 - INFO - [GLOBAL FIT] PFOS Linear - Saved parameters to /Users/lucaprzygoda/Desktop/pfaa-pbtk-dairy-goats/results/optimization/global_fit/fit_PFOS_Linear.csv
2026-02-16 19:18:31,169 - INFO - [GLOBAL FIT] PFOS Linear - Completed in 120.7s
2026-02-16 19:18:31,170 - INFO - === PHASE 1/3 COMPLETED ===
2026-02-16 19:18:31,170 - INFO - Global mean fits: 1/1 successful in 120.7s
2026-02-16 19:18:31,170 - INFO - === Estimating pooled sigma from all fits ===
2026-02-16 19:18:31,171 - INFO - [SIGMA EST] Estimating pooled sigma from 1 compound-isomer pairs (pooled residuals per matrix)...
2026-02-16 19:18:31,362 - INFO - [SIGMA EST] kidney: pooled σ=0.542 (from 3 pooled residuals)
2026-02-16 19:18:31,362 - INFO - [SIGMA EST] feces: pooled σ=0.446 (from 13 pooled residuals)
2026-02-16 19:18:31,362 - INFO - [SIGMA EST] muscle: pooled σ=0.231 (from 3 pooled residuals)
2026-02-16 19:18:31,362 - INFO - [SIGMA EST] liver: pooled σ=0.161 (from 3 pooled residuals)
2026-02-16 19:18:31,362 - INFO - [SIGMA EST] lung: pooled σ=0.239 (from 3 pooled residuals)
2026-02-16 19:18:31,363 - INFO - [SIGMA EST] plasma: pooled σ=0.273 (from 24 pooled residuals)
2026-02-16 19:18:31,363 - INFO - [SIGMA EST] heart: pooled σ=0.120 (from 3 pooled residuals)
2026-02-16 19:18:31,363 - INFO - [SIGMA EST] spleen: pooled σ=0.161 (from 3 pooled residuals)
2026-02-16 19:18:31,363 - INFO - [SIGMA EST] milk: pooled σ=0.676 (from 27 pooled residuals)
2026-02-16 19:18:31,363 - INFO - [SIGMA EST] urine: pooled σ=0.370 (from 6 pooled residuals)
2026-02-16 19:18:31,363 - INFO - [SIGMA EST] brain: pooled σ=0.185 (from 3 pooled residuals)
2026-02-16 19:18:31,365 - INFO - [SIGMA EST] Saved pooled sigma estimates to /Users/lucaprzygoda/Desktop/pfaa-pbtk-dairy-goats/results/optimization/sigma_estimates/sigma_pooled.csv
2026-02-16 19:18:31,406 - INFO - Pooled sigma estimates computed successfully
2026-02-16 19:18:31,406 - INFO -   kidney: σ=0.542
2026-02-16 19:18:31,406 - INFO -   feces: σ=0.446
2026-02-16 19:18:31,406 - INFO -   intestine: σ=0.400
2026-02-16 19:18:31,406 - INFO -   muscle: σ=0.231
2026-02-16 19:18:31,406 - INFO -   liver: σ=0.161
2026-02-16 19:18:31,406 - INFO -   lung: σ=0.239
2026-02-16 19:18:31,406 - INFO -   plasma: σ=0.273
2026-02-16 19:18:31,406 - INFO -   rest: σ=0.400
2026-02-16 19:18:31,406 - INFO -   heart: σ=0.120
2026-02-16 19:18:31,406 - INFO -   spleen: σ=0.161
2026-02-16 19:18:31,406 - INFO -   milk: σ=0.676
2026-02-16 19:18:31,406 - INFO -   urine: σ=0.370
2026-02-16 19:18:31,406 - INFO -   brain: σ=0.185
2026-02-16 19:18:31,406 - INFO -   stomach: σ=0.400
2026-02-16 19:18:31,406 - INFO - === PHASE 2: Running jackknife fits ===
2026-02-16 19:18:31,441 - INFO - [JACKKNIFE] Starting PFOS Linear
2026-02-16 19:18:31,455 - INFO - [JACKKNIFE] PFOS Linear - Processing animal E2 (1/3)
2026-02-16 19:19:42,184 - INFO - [JACKKNIFE] PFOS Linear - Animal E2 completed in 70.7s (loss=156.07)
2026-02-16 19:19:42,186 - INFO - [JACKKNIFE] PFOS Linear - Processing animal E3 (2/3)
2026-02-16 19:21:09,988 - INFO - [JACKKNIFE] PFOS Linear - Animal E3 completed in 87.8s (loss=154.23)
2026-02-16 19:21:09,991 - INFO - [JACKKNIFE] PFOS Linear - Processing animal E4 (3/3)
2026-02-16 19:22:35,069 - INFO - [JACKKNIFE] PFOS Linear - Animal E4 completed in 85.1s (loss=155.89)
2026-02-16 19:22:35,071 - INFO - [JACKKNIFE] PFOS Linear - Saved jackknife results to /Users/lucaprzygoda/Desktop/pfaa-pbtk-dairy-goats/results/optimization/jackknife/jackknife_PFOS_Linear_LOAO.csv
2026-02-16 19:22:35,072 - INFO - [JACKKNIFE] PFOS Linear - Completed in 243.6s
2026-02-16 19:22:35,072 - INFO - === PHASE 2/3 COMPLETED ===
2026-02-16 19:22:35,072 - INFO - Jackknife fits: 1/1 successful in 243.7s
2026-02-16 19:22:35,072 - INFO - === PHASE 3: Running Monte Carlo sampling ===
2026-02-16 19:22:35,108 - INFO - [MONTE CARLO] Starting PFOS Linear
2026-02-16 19:22:35,110 - INFO - [MONTE CARLO] PFOS Linear - Phase 1 point estimates (linear): [2.83504510e+02 9.10112310e-02 3.22819156e-02 7.97885767e+02
 7.29364858e-02]
2026-02-16 19:22:35,110 - INFO - [MONTE CARLO] PFOS Linear - Phase 1 central values (log10): [ 2.45255997 -1.04090501 -1.4910407   2.90194072 -1.13705517]
2026-02-16 19:22:35,111 - INFO - [MONTE CARLO] PFOS Linear - Jackknife stds (log10, diagonal): [0.95855024 0.08200119 0.05254129 0.21764255 1.01489875]
2026-02-16 19:22:35,111 - INFO - [MONTE CARLO] PFOS Linear - Generating 10000 samples in log10-space around Phase 1 (diagonal covariance)
2026-02-16 19:22:35,112 - INFO - [MONTE CARLO] PFOS Linear - Sample means: [4.56804743e+03 9.26804141e-02 3.25589024e-02 9.07612701e+02
 1.24297914e+00]
2026-02-16 19:22:35,112 - INFO - [MONTE CARLO] PFOS Linear - Sample stds: [1.79382841e+05 1.76958985e-02 3.91877647e-03 4.90169262e+02
 1.69641141e+01]
2026-02-16 19:22:35,114 - INFO - [MONTE CARLO] PFOS Linear - Collecting predictions for: ['kidney', 'feces', 'muscle', 'liver', 'lung', 'milk', 'plasma', 'heart', 'spleen', 'urine', 'brain', 'elim']
2026-02-16 19:29:03,477 - INFO - [MONTE CARLO] PFOS Linear - Saved predictions to /Users/lucaprzygoda/Desktop/pfaa-pbtk-dairy-goats/results/optimization/monte_carlo/predictions_PFOS_Linear_monte_carlo.csv
2026-02-16 19:29:03,477 - INFO - [MONTE CARLO] PFOS Linear - Total samples: 10000 parameter draws × 3 animals = 30000 total predictions
2026-02-16 19:29:03,477 - INFO - [MONTE CARLO] PFOS Linear - Completed in 388.4s
2026-02-16 19:29:03,604 - INFO - === PHASE 3/3 COMPLETED ===
2026-02-16 19:29:03,604 - INFO - Monte Carlo sampling: 1/1 successful in 388.5s
2026-02-16 19:29:03,613 - INFO - === ALL PHASES COMPLETED ===
2026-02-16 19:29:03,613 - INFO - Total execution time: 753.2s (0.2 hours)
2026-02-16 19:29:03,613 - INFO - Success rates: Global=1/1, Jackknife=1/1, Monte Carlo=1/1
2026-02-16 19:29:03,613 - INFO - Average global fit time: 120.7s per compound
2026-02-16 19:29:03,613 - INFO - Average jackknife time: 243.7s per compound
2026-02-16 19:29:03,613 - INFO - Average Monte Carlo time: 388.5s per compound
2026-02-16 19:29:03,613 - INFO - Fully successful compounds: 1/1
