2026-02-18 14:32:34,322 - INFO - Loading data files...
2026-02-18 14:32:34,348 - INFO - Loaded intake and physiological data: 17766 intake rows, 3 animals with urine volumes, 3 animals with feces mass, 3 animals with milk yield series, 3 animals with body weight series
2026-02-18 14:32:34,348 - INFO - Determining compound-isomer pairs: hay concentration not 0 and at least one of [Brain, Feces, Heart, Kidney, Liver, Lung, Milk, Muscle, Plasma, Spleen, Urine] above LOQ.
2026-02-18 14:32:34,358 - INFO -   PFBA Linear: matrices above LOQ: Feces, Milk, Plasma, Urine
2026-02-18 14:32:34,361 - INFO -   PFPeA Linear: matrices above LOQ: Feces, Milk, Muscle, Urine
2026-02-18 14:32:34,363 - INFO -   PFHxA Linear: matrices above LOQ: Urine
2026-02-18 14:32:34,366 - INFO -   PFHpA Linear: matrices above LOQ: Urine
2026-02-18 14:32:34,368 - INFO -   PFOA Linear: matrices above LOQ: Brain, Feces, Milk, Plasma, Urine
2026-02-18 14:32:34,372 - INFO -   PFOA Branched: matrices above LOQ: Milk, Plasma, Urine
2026-02-18 14:32:34,375 - INFO -   PFDA Linear: matrices above LOQ: Liver, Milk, Plasma
2026-02-18 14:32:34,378 - INFO -   PFUnDA Linear: matrices above LOQ: Milk, Plasma
2026-02-18 14:32:34,380 - INFO -   PFDoDA Linear: matrices above LOQ: Milk, Plasma
2026-02-18 14:32:34,383 - INFO -   PFTrDA Linear: matrices above LOQ: Milk, Plasma
2026-02-18 14:32:34,385 - INFO -   PFTeDA Linear: matrices above LOQ: Plasma
2026-02-18 14:32:34,388 - INFO -   PFHxS Linear: matrices above LOQ: Milk, Plasma, Urine
2026-02-18 14:32:34,390 - INFO -   PFHpS Linear: matrices above LOQ: Milk, Plasma
2026-02-18 14:32:34,393 - INFO -   PFOS Linear: matrices above LOQ: Brain, Feces, Heart, Kidney, Liver, Lung, Milk, Muscle, Plasma, Spleen, Urine
2026-02-18 14:32:34,395 - INFO -   PFOS Branched: matrices above LOQ: Brain, Feces, Heart, Kidney, Liver, Lung, Milk, Muscle, Plasma, Spleen, Urine
2026-02-18 14:32:34,398 - INFO -   PFNS Linear: matrices above LOQ: Brain, Feces, Heart, Kidney, Liver, Lung, Milk, Muscle, Plasma, Spleen
2026-02-18 14:32:34,400 - INFO -   PFNS Branched: matrices above LOQ: Brain, Feces, Heart, Kidney, Liver, Lung, Milk, Muscle, Plasma, Spleen, Urine
2026-02-18 14:32:34,403 - INFO -   PFDS Linear: matrices above LOQ: Brain, Feces, Heart, Kidney, Liver, Lung, Milk, Muscle, Plasma, Spleen
2026-02-18 14:32:34,405 - INFO -   PFDS Branched: matrices above LOQ: Feces, Heart, Kidney, Liver, Lung, Milk, Plasma, Spleen
2026-02-18 14:32:34,407 - INFO -   PFUnDS Linear: matrices above LOQ: Brain, Feces, Milk, Plasma
2026-02-18 14:32:34,410 - INFO -   PFUnDS Branched: matrices above LOQ: Feces, Liver, Milk, Plasma
2026-02-18 14:32:34,412 - INFO -   PFDoDS Linear: matrices above LOQ: Brain, Feces, Milk, Plasma
2026-02-18 14:32:34,414 - INFO -   PFDoDS Branched: matrices above LOQ: Feces, Milk, Plasma
2026-02-18 14:32:34,417 - INFO -   PFTrDS Linear: matrices above LOQ: Brain, Feces, Milk
2026-02-18 14:32:34,420 - INFO -   PFTrDS Branched: matrices above LOQ: Feces, Milk, Plasma
2026-02-18 14:32:34,423 - INFO -   PFNA Linear: matrices above LOQ: Milk
2026-02-18 14:32:34,430 - INFO -   PFDA Branched: matrices above LOQ: Milk
2026-02-18 14:32:34,432 - INFO -   PFUnDA Branched: matrices above LOQ: Milk
2026-02-18 14:32:34,434 - INFO -   PFDoDA Branched: matrices above LOQ: Milk
2026-02-18 14:32:34,436 - INFO -   PFTrDA Branched: matrices above LOQ: Milk
2026-02-18 14:32:34,438 - INFO -   PFTeDA Branched: matrices above LOQ: Milk
2026-02-18 14:32:34,440 - INFO - Found 19 compounds (31 compound-isomer pairs) meeting criteria
2026-02-18 14:32:34,446 - INFO - 
All compound-isomer pairs to process (31 total):
2026-02-18 14:32:34,446 - INFO -   PFBA         | Linear    
2026-02-18 14:32:34,446 - INFO -   PFDA         | Branched  
2026-02-18 14:32:34,446 - INFO -   PFDA         | Linear    
2026-02-18 14:32:34,446 - INFO -   PFDS         | Branched  
2026-02-18 14:32:34,446 - INFO -   PFDS         | Linear    
2026-02-18 14:32:34,446 - INFO -   PFDoDA       | Branched  
2026-02-18 14:32:34,446 - INFO -   PFDoDA       | Linear    
2026-02-18 14:32:34,446 - INFO -   PFDoDS       | Branched  
2026-02-18 14:32:34,446 - INFO -   PFDoDS       | Linear    
2026-02-18 14:32:34,446 - INFO -   PFHpA        | Linear    
2026-02-18 14:32:34,446 - INFO -   PFHpS        | Linear    
2026-02-18 14:32:34,446 - INFO -   PFHxA        | Linear    
2026-02-18 14:32:34,446 - INFO -   PFHxS        | Linear    
2026-02-18 14:32:34,446 - INFO -   PFNA         | Linear    
2026-02-18 14:32:34,446 - INFO -   PFNS         | Branched  
2026-02-18 14:32:34,446 - INFO -   PFNS         | Linear    
2026-02-18 14:32:34,446 - INFO -   PFOA         | Branched  
2026-02-18 14:32:34,446 - INFO -   PFOA         | Linear    
2026-02-18 14:32:34,446 - INFO -   PFOS         | Branched  
2026-02-18 14:32:34,446 - INFO -   PFOS         | Linear    
2026-02-18 14:32:34,446 - INFO -   PFPeA        | Linear    
2026-02-18 14:32:34,446 - INFO -   PFTeDA       | Branched  
2026-02-18 14:32:34,446 - INFO -   PFTeDA       | Linear    
2026-02-18 14:32:34,446 - INFO -   PFTrDA       | Branched  
2026-02-18 14:32:34,446 - INFO -   PFTrDA       | Linear    
2026-02-18 14:32:34,446 - INFO -   PFTrDS       | Branched  
2026-02-18 14:32:34,446 - INFO -   PFTrDS       | Linear    
2026-02-18 14:32:34,446 - INFO -   PFUnDA       | Branched  
2026-02-18 14:32:34,446 - INFO -   PFUnDA       | Linear    
2026-02-18 14:32:34,446 - INFO -   PFUnDS       | Branched  
2026-02-18 14:32:34,446 - INFO -   PFUnDS       | Linear    
2026-02-18 14:32:34,446 - INFO - 
2026-02-18 14:32:34,446 - INFO - === STARTING FULL MONTE CARLO RUN ===
2026-02-18 14:32:34,446 - INFO - Total compounds to process: 1
2026-02-18 14:32:34,475 - INFO - === PHASE 1: Running global mean fits (two-stage: log-RMSE then censored likelihood) ===
2026-02-18 14:32:34,475 - INFO - [PHASE 1 / Stage 1] Log-RMSE global fits (no sigma needed)
2026-02-18 14:32:34,512 - INFO - [GLOBAL FIT] Starting PFOS Linear
2026-02-18 14:32:34,517 - INFO - [GLOBAL FIT] PFOS Linear - Data: 231 points, 11 matrices above LOQ, 3 animals
2026-02-18 14:32:34,520 - INFO - [GLOBAL FIT] PFOS Linear - Fitting parameters: ['k_a', 'k_elim', 'k_feces', 'k_ehc', 'k_renal']
2026-02-18 14:35:27,275 - INFO - [GLOBAL FIT] PFOS Linear - Success: loss=1.79, iterations=50
2026-02-18 14:35:27,276 - INFO - [GLOBAL FIT] PFOS Linear - Parameters: k_a=214.440, k_elim=0.068, k_feces=0.076, k_ehc=73.735, k_renal=0.049
2026-02-18 14:35:27,277 - INFO - [GLOBAL FIT] PFOS Linear - Saved parameters to /Users/lucaprzygoda/Desktop/pfaa-pbtk-dairy-goats/results/optimization/global_fit/fit_PFOS_Linear.csv
2026-02-18 14:35:27,278 - INFO - [GLOBAL FIT] PFOS Linear - Completed in 172.8s
2026-02-18 14:35:27,279 - INFO - === Estimating pooled sigma from Stage 1 fits ===
2026-02-18 14:35:27,281 - INFO - [SIGMA EST] Estimating pooled sigma from 1 compound-isomer pairs (pooled residuals per matrix)...
2026-02-18 14:35:27,480 - INFO - [SIGMA EST] brain: pooled σ=0.232 (from 3 pooled residuals)
2026-02-18 14:35:27,480 - INFO - [SIGMA EST] liver: pooled σ=0.132 (from 3 pooled residuals)
2026-02-18 14:35:27,480 - INFO - [SIGMA EST] lung: pooled σ=0.206 (from 3 pooled residuals)
2026-02-18 14:35:27,480 - INFO - [SIGMA EST] plasma: pooled σ=0.448 (from 24 pooled residuals)
2026-02-18 14:35:27,480 - INFO - [SIGMA EST] feces: pooled σ=0.247 (from 13 pooled residuals)
2026-02-18 14:35:27,480 - INFO - [SIGMA EST] urine: pooled σ=0.342 (from 6 pooled residuals)
2026-02-18 14:35:27,481 - INFO - [SIGMA EST] kidney: pooled σ=0.483 (from 3 pooled residuals)
2026-02-18 14:35:27,481 - INFO - [SIGMA EST] heart: pooled σ=0.165 (from 3 pooled residuals)
2026-02-18 14:35:27,481 - INFO - [SIGMA EST] muscle: pooled σ=0.198 (from 3 pooled residuals)
2026-02-18 14:35:27,481 - INFO - [SIGMA EST] spleen: pooled σ=0.168 (from 3 pooled residuals)
2026-02-18 14:35:27,481 - INFO - [SIGMA EST] milk: pooled σ=0.357 (from 27 pooled residuals)
2026-02-18 14:35:27,482 - INFO - [SIGMA EST] Saved pooled sigma estimates to /Users/lucaprzygoda/Desktop/pfaa-pbtk-dairy-goats/results/optimization/sigma_estimates/sigma_pooled.csv
2026-02-18 14:35:27,566 - INFO - Pooled sigma estimates computed successfully
2026-02-18 14:35:27,566 - INFO -   brain: σ=0.232
2026-02-18 14:35:27,567 - INFO -   rest: σ=0.400
2026-02-18 14:35:27,567 - INFO -   liver: σ=0.132
2026-02-18 14:35:27,567 - INFO -   lung: σ=0.206
2026-02-18 14:35:27,567 - INFO -   plasma: σ=0.448
2026-02-18 14:35:27,567 - INFO -   feces: σ=0.247
2026-02-18 14:35:27,567 - INFO -   urine: σ=0.342
2026-02-18 14:35:27,567 - INFO -   stomach: σ=0.400
2026-02-18 14:35:27,567 - INFO -   intestine: σ=0.400
2026-02-18 14:35:27,567 - INFO -   kidney: σ=0.483
2026-02-18 14:35:27,567 - INFO -   heart: σ=0.165
2026-02-18 14:35:27,567 - INFO -   muscle: σ=0.198
2026-02-18 14:35:27,567 - INFO -   spleen: σ=0.168
2026-02-18 14:35:27,567 - INFO -   milk: σ=0.357
2026-02-18 14:35:27,567 - INFO - [PHASE 1 / Stage 2] Censored-likelihood (Tobit) global fits using estimated sigma
2026-02-18 14:35:27,601 - INFO - [GLOBAL FIT] Starting PFOS Linear
2026-02-18 14:35:27,604 - INFO - [GLOBAL FIT] PFOS Linear - Data: 231 points, 11 matrices above LOQ, 3 animals
2026-02-18 14:35:27,607 - INFO - [GLOBAL FIT] PFOS Linear - Fitting parameters: ['k_a', 'k_elim', 'k_feces', 'k_ehc', 'k_renal']
2026-02-18 14:38:15,406 - INFO - [GLOBAL FIT] PFOS Linear - Success: loss=237.23, iterations=44
2026-02-18 14:38:15,406 - INFO - [GLOBAL FIT] PFOS Linear - Parameters: k_a=132.193, k_elim=0.067, k_feces=0.069, k_ehc=50.542, k_renal=0.050
2026-02-18 14:38:15,407 - INFO - [GLOBAL FIT] PFOS Linear - Saved parameters to /Users/lucaprzygoda/Desktop/pfaa-pbtk-dairy-goats/results/optimization/global_fit/fit_PFOS_Linear.csv
2026-02-18 14:38:15,407 - INFO - [GLOBAL FIT] PFOS Linear - Completed in 167.8s
2026-02-18 14:38:15,408 - INFO - === PHASE 1/3 COMPLETED ===
2026-02-18 14:38:15,408 - INFO - Global mean fits (two-stage): 1/1 successful in 340.9s
2026-02-18 14:38:15,408 - INFO - === PHASE 2: Running jackknife fits ===
2026-02-18 14:38:15,443 - INFO - [JACKKNIFE] Starting PFOS Linear
2026-02-18 14:38:15,456 - INFO - [JACKKNIFE] PFOS Linear - Processing animal E2 (1/3)
2026-02-18 14:40:39,984 - INFO - [JACKKNIFE] PFOS Linear - Animal E2 completed in 144.5s (loss=1.59)
2026-02-18 14:40:39,985 - INFO - [JACKKNIFE] PFOS Linear - Processing animal E3 (2/3)
2026-02-18 14:42:27,438 - INFO - [JACKKNIFE] PFOS Linear - Animal E3 completed in 107.5s (loss=1.68)
2026-02-18 14:42:27,441 - INFO - [JACKKNIFE] PFOS Linear - Processing animal E4 (3/3)
2026-02-18 14:45:08,634 - INFO - [JACKKNIFE] PFOS Linear - Animal E4 completed in 161.2s (loss=1.77)
2026-02-18 14:45:08,637 - INFO - [JACKKNIFE] PFOS Linear - Saved jackknife results to /Users/lucaprzygoda/Desktop/pfaa-pbtk-dairy-goats/results/optimization/jackknife/jackknife_PFOS_Linear_LOAO.csv
2026-02-18 14:45:08,637 - INFO - [JACKKNIFE] PFOS Linear - Completed in 413.2s
2026-02-18 14:45:08,638 - INFO - === PHASE 2/3 COMPLETED ===
2026-02-18 14:45:08,638 - INFO - Jackknife fits: 1/1 successful in 413.2s
2026-02-18 14:45:08,638 - INFO - === PHASE 3: Running Monte Carlo sampling ===
2026-02-18 14:45:08,676 - INFO - [MONTE CARLO] Starting PFOS Linear
2026-02-18 14:45:11,075 - INFO - [MONTE CARLO] PFOS Linear - Using Hessian-based parameter stds (log10)
2026-02-18 14:45:11,076 - INFO - [MONTE CARLO] PFOS Linear - Phase 1 point estimates (linear): [5.05419513e+01 6.67018538e-02 5.02474853e-02 1.32192613e+02
 6.92053990e-02]
2026-02-18 14:45:11,077 - INFO - [MONTE CARLO] PFOS Linear - Phase 1 central values (log10): [ 1.703652   -1.1758621  -1.29888567  2.12120719 -1.15986002]
2026-02-18 14:45:11,077 - INFO - [MONTE CARLO] PFOS Linear - Jackknife stds (log10, diagonal): [0.45917178 0.09486492 0.05784402 0.32233293 0.49824269]
2026-02-18 14:45:11,077 - INFO - [MONTE CARLO] PFOS Linear - Generating 10000 samples in log10-space around Phase 1 (diagonal covariance)
2026-02-18 14:45:11,078 - INFO - [MONTE CARLO] PFOS Linear - Sample means: [9.09504819e+01 7.83994903e-02 8.38879750e-02 2.43096464e+02
 9.51556717e-02]
2026-02-18 14:45:11,079 - INFO - [MONTE CARLO] PFOS Linear - Sample stds: [1.73746741e+02 4.85053364e-02 1.12542475e-01 3.62166356e+02
 9.08138403e-02]
2026-02-18 14:45:11,081 - INFO - [MONTE CARLO] PFOS Linear - Collecting predictions for: ['brain', 'liver', 'lung', 'plasma', 'feces', 'urine', 'kidney', 'heart', 'muscle', 'milk', 'spleen', 'elim']
2026-02-18 14:52:42,071 - INFO - [MONTE CARLO] PFOS Linear - Saved predictions to /Users/lucaprzygoda/Desktop/pfaa-pbtk-dairy-goats/results/optimization/monte_carlo/predictions_PFOS_Linear_monte_carlo.csv
2026-02-18 14:52:42,072 - INFO - [MONTE CARLO] PFOS Linear - Total samples: 10000 parameter draws × 3 animals = 30000 total predictions
2026-02-18 14:52:42,073 - INFO - [MONTE CARLO] PFOS Linear - Completed in 453.4s
2026-02-18 14:52:42,197 - INFO - === PHASE 3/3 COMPLETED ===
2026-02-18 14:52:42,197 - INFO - Monte Carlo sampling: 1/1 successful in 453.6s
2026-02-18 14:52:42,206 - INFO - === ALL PHASES COMPLETED ===
2026-02-18 14:52:42,206 - INFO - Total execution time: 1207.8s (0.3 hours)
2026-02-18 14:52:42,206 - INFO - Success rates: Global=1/1, Jackknife=1/1, Monte Carlo=1/1
2026-02-18 14:52:42,206 - INFO - Average global fit time: 340.9s per compound
2026-02-18 14:52:42,206 - INFO - Average jackknife time: 413.2s per compound
2026-02-18 14:52:42,206 - INFO - Average Monte Carlo time: 453.6s per compound
2026-02-18 14:52:42,206 - INFO - Fully successful compounds: 1/1
