2026-02-18 15:52:49,212 - INFO - Loading data files...
2026-02-18 15:52:49,232 - INFO - Loaded intake and physiological data: 17766 intake rows, 3 animals with urine volumes, 3 animals with feces mass, 3 animals with milk yield series, 3 animals with body weight series
2026-02-18 15:52:49,232 - INFO - Determining compound-isomer pairs: hay concentration not 0 and at least one of [Brain, Feces, Heart, Kidney, Liver, Lung, Milk, Muscle, Plasma, Spleen, Urine] above LOQ.
2026-02-18 15:52:49,240 - INFO -   PFBA Linear: matrices above LOQ: Feces, Milk, Plasma, Urine
2026-02-18 15:52:49,243 - INFO -   PFPeA Linear: matrices above LOQ: Feces, Milk, Muscle, Urine
2026-02-18 15:52:49,246 - INFO -   PFHxA Linear: matrices above LOQ: Urine
2026-02-18 15:52:49,248 - INFO -   PFHpA Linear: matrices above LOQ: Urine
2026-02-18 15:52:49,251 - INFO -   PFOA Linear: matrices above LOQ: Brain, Feces, Milk, Plasma, Urine
2026-02-18 15:52:49,254 - INFO -   PFOA Branched: matrices above LOQ: Milk, Plasma, Urine
2026-02-18 15:52:49,256 - INFO -   PFDA Linear: matrices above LOQ: Liver, Milk, Plasma
2026-02-18 15:52:49,259 - INFO -   PFUnDA Linear: matrices above LOQ: Milk, Plasma
2026-02-18 15:52:49,262 - INFO -   PFDoDA Linear: matrices above LOQ: Milk, Plasma
2026-02-18 15:52:49,264 - INFO -   PFTrDA Linear: matrices above LOQ: Milk, Plasma
2026-02-18 15:52:49,266 - INFO -   PFTeDA Linear: matrices above LOQ: Plasma
2026-02-18 15:52:49,269 - INFO -   PFHxS Linear: matrices above LOQ: Milk, Plasma, Urine
2026-02-18 15:52:49,271 - INFO -   PFHpS Linear: matrices above LOQ: Milk, Plasma
2026-02-18 15:52:49,274 - INFO -   PFOS Linear: matrices above LOQ: Brain, Feces, Heart, Kidney, Liver, Lung, Milk, Muscle, Plasma, Spleen, Urine
2026-02-18 15:52:49,277 - INFO -   PFOS Branched: matrices above LOQ: Brain, Feces, Heart, Kidney, Liver, Lung, Milk, Muscle, Plasma, Spleen, Urine
2026-02-18 15:52:49,280 - INFO -   PFNS Linear: matrices above LOQ: Brain, Feces, Heart, Kidney, Liver, Lung, Milk, Muscle, Plasma, Spleen
2026-02-18 15:52:49,282 - INFO -   PFNS Branched: matrices above LOQ: Brain, Feces, Heart, Kidney, Liver, Lung, Milk, Muscle, Plasma, Spleen, Urine
2026-02-18 15:52:49,285 - INFO -   PFDS Linear: matrices above LOQ: Brain, Feces, Heart, Kidney, Liver, Lung, Milk, Muscle, Plasma, Spleen
2026-02-18 15:52:49,287 - INFO -   PFDS Branched: matrices above LOQ: Feces, Heart, Kidney, Liver, Lung, Milk, Plasma, Spleen
2026-02-18 15:52:49,289 - INFO -   PFUnDS Linear: matrices above LOQ: Brain, Feces, Milk, Plasma
2026-02-18 15:52:49,292 - INFO -   PFUnDS Branched: matrices above LOQ: Feces, Liver, Milk, Plasma
2026-02-18 15:52:49,294 - INFO -   PFDoDS Linear: matrices above LOQ: Brain, Feces, Milk, Plasma
2026-02-18 15:52:49,297 - INFO -   PFDoDS Branched: matrices above LOQ: Feces, Milk, Plasma
2026-02-18 15:52:49,299 - INFO -   PFTrDS Linear: matrices above LOQ: Brain, Feces, Milk
2026-02-18 15:52:49,301 - INFO -   PFTrDS Branched: matrices above LOQ: Feces, Milk, Plasma
2026-02-18 15:52:49,305 - INFO -   PFNA Linear: matrices above LOQ: Milk
2026-02-18 15:52:49,313 - INFO -   PFDA Branched: matrices above LOQ: Milk
2026-02-18 15:52:49,315 - INFO -   PFUnDA Branched: matrices above LOQ: Milk
2026-02-18 15:52:49,316 - INFO -   PFDoDA Branched: matrices above LOQ: Milk
2026-02-18 15:52:49,319 - INFO -   PFTrDA Branched: matrices above LOQ: Milk
2026-02-18 15:52:49,321 - INFO -   PFTeDA Branched: matrices above LOQ: Milk
2026-02-18 15:52:49,322 - INFO - Found 19 compounds (31 compound-isomer pairs) meeting criteria
2026-02-18 15:52:49,328 - INFO - 
All compound-isomer pairs to process (31 total):
2026-02-18 15:52:49,328 - INFO -   PFBA         | Linear    
2026-02-18 15:52:49,328 - INFO -   PFDA         | Branched  
2026-02-18 15:52:49,328 - INFO -   PFDA         | Linear    
2026-02-18 15:52:49,328 - INFO -   PFDS         | Branched  
2026-02-18 15:52:49,328 - INFO -   PFDS         | Linear    
2026-02-18 15:52:49,328 - INFO -   PFDoDA       | Branched  
2026-02-18 15:52:49,328 - INFO -   PFDoDA       | Linear    
2026-02-18 15:52:49,328 - INFO -   PFDoDS       | Branched  
2026-02-18 15:52:49,328 - INFO -   PFDoDS       | Linear    
2026-02-18 15:52:49,328 - INFO -   PFHpA        | Linear    
2026-02-18 15:52:49,328 - INFO -   PFHpS        | Linear    
2026-02-18 15:52:49,328 - INFO -   PFHxA        | Linear    
2026-02-18 15:52:49,328 - INFO -   PFHxS        | Linear    
2026-02-18 15:52:49,328 - INFO -   PFNA         | Linear    
2026-02-18 15:52:49,328 - INFO -   PFNS         | Branched  
2026-02-18 15:52:49,328 - INFO -   PFNS         | Linear    
2026-02-18 15:52:49,328 - INFO -   PFOA         | Branched  
2026-02-18 15:52:49,328 - INFO -   PFOA         | Linear    
2026-02-18 15:52:49,328 - INFO -   PFOS         | Branched  
2026-02-18 15:52:49,328 - INFO -   PFOS         | Linear    
2026-02-18 15:52:49,328 - INFO -   PFPeA        | Linear    
2026-02-18 15:52:49,328 - INFO -   PFTeDA       | Branched  
2026-02-18 15:52:49,328 - INFO -   PFTeDA       | Linear    
2026-02-18 15:52:49,328 - INFO -   PFTrDA       | Branched  
2026-02-18 15:52:49,328 - INFO -   PFTrDA       | Linear    
2026-02-18 15:52:49,328 - INFO -   PFTrDS       | Branched  
2026-02-18 15:52:49,328 - INFO -   PFTrDS       | Linear    
2026-02-18 15:52:49,328 - INFO -   PFUnDA       | Branched  
2026-02-18 15:52:49,328 - INFO -   PFUnDA       | Linear    
2026-02-18 15:52:49,328 - INFO -   PFUnDS       | Branched  
2026-02-18 15:52:49,328 - INFO -   PFUnDS       | Linear    
2026-02-18 15:52:49,328 - INFO - 
2026-02-18 15:52:49,328 - INFO - === STARTING FULL MONTE CARLO RUN ===
2026-02-18 15:52:49,328 - INFO - Total compounds to process: 1
2026-02-18 15:52:49,343 - INFO - === PHASE 1: Running global mean fits (two-stage: log-RMSE then censored likelihood) ===
2026-02-18 15:52:49,343 - INFO - [PHASE 1 / Stage 1] Log-RMSE global fits (no sigma needed)
2026-02-18 15:52:49,381 - INFO - [GLOBAL FIT] Starting PFOS Linear
2026-02-18 15:52:49,385 - INFO - [GLOBAL FIT] PFOS Linear - Data: 231 points, 11 matrices above LOQ, 3 animals
2026-02-18 15:52:49,387 - INFO - [GLOBAL FIT] PFOS Linear - Fitting parameters: ['k_a', 'k_elim', 'k_feces', 'k_ehc', 'k_renal']
2026-02-18 15:55:57,660 - INFO - [GLOBAL FIT] PFOS Linear - Success: loss=1.87, iterations=56
2026-02-18 15:55:57,661 - INFO - [GLOBAL FIT] PFOS Linear - Parameters: k_a=291.816, k_elim=0.031, k_feces=0.417, k_ehc=18.418, k_renal=0.054
2026-02-18 15:55:57,663 - INFO - [GLOBAL FIT] PFOS Linear - Saved parameters to /Users/lucaprzygoda/Desktop/pfaa-pbtk-dairy-goats/results/optimization/global_fit/fit_PFOS_Linear.csv
2026-02-18 15:55:57,663 - INFO - [GLOBAL FIT] PFOS Linear - Completed in 188.3s
2026-02-18 15:55:57,664 - INFO - === Estimating pooled sigma from Stage 1 fits ===
2026-02-18 15:55:57,665 - INFO - [SIGMA EST] Estimating pooled sigma from 1 compound-isomer pairs (pooled residuals per matrix)...
2026-02-18 15:55:57,834 - INFO - [SIGMA EST] milk: pooled σ=0.349 (from 27 pooled residuals)
2026-02-18 15:55:57,834 - INFO - [SIGMA EST] plasma: pooled σ=0.411 (from 24 pooled residuals)
2026-02-18 15:55:57,834 - INFO - [SIGMA EST] lung: pooled σ=0.278 (from 3 pooled residuals)
2026-02-18 15:55:57,834 - INFO - [SIGMA EST] urine: pooled σ=0.349 (from 6 pooled residuals)
2026-02-18 15:55:57,835 - INFO - [SIGMA EST] spleen: pooled σ=0.178 (from 3 pooled residuals)
2026-02-18 15:55:57,835 - INFO - [SIGMA EST] muscle: pooled σ=0.270 (from 3 pooled residuals)
2026-02-18 15:55:57,835 - INFO - [SIGMA EST] brain: pooled σ=0.203 (from 3 pooled residuals)
2026-02-18 15:55:57,835 - INFO - [SIGMA EST] heart: pooled σ=0.138 (from 3 pooled residuals)
2026-02-18 15:55:57,835 - INFO - [SIGMA EST] kidney: pooled σ=0.548 (from 3 pooled residuals)
2026-02-18 15:55:57,835 - INFO - [SIGMA EST] feces: pooled σ=0.387 (from 13 pooled residuals)
2026-02-18 15:55:57,835 - INFO - [SIGMA EST] liver: pooled σ=0.199 (from 3 pooled residuals)
2026-02-18 15:55:57,836 - INFO - [SIGMA EST] Saved pooled sigma estimates to /Users/lucaprzygoda/Desktop/pfaa-pbtk-dairy-goats/results/optimization/sigma_estimates/sigma_pooled.csv
2026-02-18 15:55:57,886 - INFO - Pooled sigma estimates computed successfully
2026-02-18 15:55:57,886 - INFO -   milk: σ=0.349
2026-02-18 15:55:57,886 - INFO -   plasma: σ=0.411
2026-02-18 15:55:57,886 - INFO -   lung: σ=0.278
2026-02-18 15:55:57,886 - INFO -   urine: σ=0.349
2026-02-18 15:55:57,886 - INFO -   stomach: σ=0.400
2026-02-18 15:55:57,886 - INFO -   spleen: σ=0.178
2026-02-18 15:55:57,886 - INFO -   muscle: σ=0.270
2026-02-18 15:55:57,886 - INFO -   intestine: σ=0.400
2026-02-18 15:55:57,886 - INFO -   brain: σ=0.203
2026-02-18 15:55:57,886 - INFO -   heart: σ=0.138
2026-02-18 15:55:57,886 - INFO -   kidney: σ=0.548
2026-02-18 15:55:57,886 - INFO -   feces: σ=0.387
2026-02-18 15:55:57,886 - INFO -   rest: σ=0.400
2026-02-18 15:55:57,886 - INFO -   liver: σ=0.199
2026-02-18 15:55:57,886 - INFO - [PHASE 1 / Stage 2] Censored-likelihood (Tobit) global fits using estimated sigma
2026-02-18 15:55:57,920 - INFO - [GLOBAL FIT] Starting PFOS Linear
2026-02-18 15:55:57,923 - INFO - [GLOBAL FIT] PFOS Linear - Data: 231 points, 11 matrices above LOQ, 3 animals
2026-02-18 15:55:57,926 - INFO - [GLOBAL FIT] PFOS Linear - Fitting parameters: ['k_a', 'k_elim', 'k_feces', 'k_ehc', 'k_renal']
2026-02-18 15:58:09,070 - INFO - [GLOBAL FIT] PFOS Linear - Success: loss=237.99, iterations=34
2026-02-18 15:58:09,070 - INFO - [GLOBAL FIT] PFOS Linear - Parameters: k_a=124.063, k_elim=0.029, k_feces=0.417, k_ehc=7.448, k_renal=0.055
2026-02-18 15:58:09,071 - INFO - [GLOBAL FIT] PFOS Linear - Saved parameters to /Users/lucaprzygoda/Desktop/pfaa-pbtk-dairy-goats/results/optimization/global_fit/fit_PFOS_Linear.csv
2026-02-18 15:58:09,071 - INFO - [GLOBAL FIT] PFOS Linear - Completed in 131.2s
2026-02-18 15:58:09,072 - INFO - === PHASE 1/3 COMPLETED ===
2026-02-18 15:58:09,073 - INFO - Global mean fits (two-stage): 1/1 successful in 319.7s
2026-02-18 15:58:09,073 - INFO - === PHASE 2: Running jackknife fits ===
2026-02-18 15:58:09,107 - INFO - [JACKKNIFE] Starting PFOS Linear
2026-02-18 15:58:09,120 - INFO - [JACKKNIFE] PFOS Linear - Processing animal E2 (1/3)
2026-02-18 15:59:41,553 - INFO - [JACKKNIFE] PFOS Linear - Animal E2 completed in 92.4s (loss=153.32)
2026-02-18 15:59:41,554 - INFO - [JACKKNIFE] PFOS Linear - Processing animal E3 (2/3)
2026-02-18 16:01:31,302 - INFO - [JACKKNIFE] PFOS Linear - Animal E3 completed in 109.7s (loss=158.80)
2026-02-18 16:01:31,302 - INFO - [JACKKNIFE] PFOS Linear - Processing animal E4 (3/3)
2026-02-18 16:03:04,008 - INFO - [JACKKNIFE] PFOS Linear - Animal E4 completed in 92.7s (loss=158.76)
2026-02-18 16:03:04,010 - INFO - [JACKKNIFE] PFOS Linear - Saved jackknife results to /Users/lucaprzygoda/Desktop/pfaa-pbtk-dairy-goats/results/optimization/jackknife/jackknife_PFOS_Linear_LOAO.csv
2026-02-18 16:03:04,010 - INFO - [JACKKNIFE] PFOS Linear - Completed in 294.9s
2026-02-18 16:03:04,011 - INFO - === PHASE 2/3 COMPLETED ===
2026-02-18 16:03:04,011 - INFO - Jackknife fits: 1/1 successful in 294.9s
2026-02-18 16:03:04,011 - INFO - === PHASE 3: Running Monte Carlo sampling ===
2026-02-18 16:03:04,046 - INFO - [MONTE CARLO] Starting PFOS Linear
2026-02-18 16:03:04,048 - INFO - [MONTE CARLO] PFOS Linear - Phase 1 point estimates (linear): [7.44798633e+00 2.91995799e-02 5.48835663e-02 1.24063381e+02
 4.16827096e-01]
2026-02-18 16:03:04,048 - INFO - [MONTE CARLO] PFOS Linear - Phase 1 central values (log10): [ 0.87203887 -1.5346234  -1.26055768  2.09364361 -0.38004406]
2026-02-18 16:03:04,049 - INFO - [MONTE CARLO] PFOS Linear - Jackknife stds (log10, diagonal): [0.27512867 0.1463321  0.06683459 0.26178867 0.41795649]
2026-02-18 16:03:04,049 - INFO - [MONTE CARLO] PFOS Linear - Generating 10000 samples in log10-space around Phase 1 (diagonal covariance)
2026-02-18 16:03:04,050 - INFO - [MONTE CARLO] PFOS Linear - Sample means: [9.02414410e+00 3.09275008e-02 5.56215331e-02 1.49477628e+02
 6.67082183e-01]
2026-02-18 16:03:04,050 - INFO - [MONTE CARLO] PFOS Linear - Sample stds: [6.46337365e+00 1.07632851e-02 8.53469412e-03 9.98052898e+01
 8.50708438e-01]
2026-02-18 16:03:04,052 - INFO - [MONTE CARLO] PFOS Linear - Collecting predictions for: ['milk', 'plasma', 'lung', 'urine', 'muscle', 'spleen', 'feces', 'brain', 'heart', 'kidney', 'liver', 'elim']
2026-02-18 16:10:23,955 - INFO - [MONTE CARLO] PFOS Linear - Saved predictions to /Users/lucaprzygoda/Desktop/pfaa-pbtk-dairy-goats/results/optimization/monte_carlo/predictions_PFOS_Linear_monte_carlo.csv
2026-02-18 16:10:23,956 - INFO - [MONTE CARLO] PFOS Linear - Total samples: 10000 parameter draws × 3 animals = 30000 total predictions
2026-02-18 16:10:23,956 - INFO - [MONTE CARLO] PFOS Linear - Completed in 439.9s
2026-02-18 16:10:24,085 - INFO - === PHASE 3/3 COMPLETED ===
2026-02-18 16:10:24,085 - INFO - Monte Carlo sampling: 1/1 successful in 440.1s
2026-02-18 16:10:24,100 - INFO - === ALL PHASES COMPLETED ===
2026-02-18 16:10:24,100 - INFO - Total execution time: 1054.8s (0.3 hours)
2026-02-18 16:10:24,100 - INFO - Success rates: Global=1/1, Jackknife=1/1, Monte Carlo=1/1
2026-02-18 16:10:24,100 - INFO - Average global fit time: 319.7s per compound
2026-02-18 16:10:24,100 - INFO - Average jackknife time: 294.9s per compound
2026-02-18 16:10:24,100 - INFO - Average Monte Carlo time: 440.1s per compound
2026-02-18 16:10:24,100 - INFO - Fully successful compounds: 1/1
