2026-02-17 08:13:44,150 - INFO - Loading data files...
2026-02-17 08:13:44,175 - INFO - Loaded intake and physiological data: 17766 intake rows, 3 animals with urine volumes, 3 animals with feces mass, 3 animals with milk yield series, 3 animals with body weight series
2026-02-17 08:13:44,175 - INFO - Determining compound-isomer pairs: hay concentration not 0 and at least one of [Brain, Feces, Heart, Kidney, Liver, Lung, Milk, Muscle, Plasma, Spleen, Urine] above LOQ.
2026-02-17 08:13:44,184 - INFO -   PFBA Linear: matrices above LOQ: Feces, Milk, Plasma, Urine
2026-02-17 08:13:44,187 - INFO -   PFPeA Linear: matrices above LOQ: Feces, Milk, Muscle, Urine
2026-02-17 08:13:44,189 - INFO -   PFHxA Linear: matrices above LOQ: Urine
2026-02-17 08:13:44,191 - INFO -   PFHpA Linear: matrices above LOQ: Urine
2026-02-17 08:13:44,194 - INFO -   PFOA Linear: matrices above LOQ: Brain, Feces, Milk, Plasma, Urine
2026-02-17 08:13:44,196 - INFO -   PFOA Branched: matrices above LOQ: Milk, Plasma, Urine
2026-02-17 08:13:44,198 - INFO -   PFDA Linear: matrices above LOQ: Liver, Milk, Plasma
2026-02-17 08:13:44,201 - INFO -   PFUnDA Linear: matrices above LOQ: Milk, Plasma
2026-02-17 08:13:44,203 - INFO -   PFDoDA Linear: matrices above LOQ: Milk, Plasma
2026-02-17 08:13:44,206 - INFO -   PFTrDA Linear: matrices above LOQ: Milk, Plasma
2026-02-17 08:13:44,208 - INFO -   PFTeDA Linear: matrices above LOQ: Plasma
2026-02-17 08:13:44,210 - INFO -   PFHxS Linear: matrices above LOQ: Milk, Plasma, Urine
2026-02-17 08:13:44,212 - INFO -   PFHpS Linear: matrices above LOQ: Milk, Plasma
2026-02-17 08:13:44,215 - INFO -   PFOS Linear: matrices above LOQ: Brain, Feces, Heart, Kidney, Liver, Lung, Milk, Muscle, Plasma, Spleen, Urine
2026-02-17 08:13:44,218 - INFO -   PFOS Branched: matrices above LOQ: Brain, Feces, Heart, Kidney, Liver, Lung, Milk, Muscle, Plasma, Spleen, Urine
2026-02-17 08:13:44,221 - INFO -   PFNS Linear: matrices above LOQ: Brain, Feces, Heart, Kidney, Liver, Lung, Milk, Muscle, Plasma, Spleen
2026-02-17 08:13:44,223 - INFO -   PFNS Branched: matrices above LOQ: Brain, Feces, Heart, Kidney, Liver, Lung, Milk, Muscle, Plasma, Spleen, Urine
2026-02-17 08:13:44,226 - INFO -   PFDS Linear: matrices above LOQ: Brain, Feces, Heart, Kidney, Liver, Lung, Milk, Muscle, Plasma, Spleen
2026-02-17 08:13:44,228 - INFO -   PFDS Branched: matrices above LOQ: Feces, Heart, Kidney, Liver, Lung, Milk, Plasma, Spleen
2026-02-17 08:13:44,230 - INFO -   PFUnDS Linear: matrices above LOQ: Brain, Feces, Milk, Plasma
2026-02-17 08:13:44,233 - INFO -   PFUnDS Branched: matrices above LOQ: Feces, Liver, Milk, Plasma
2026-02-17 08:13:44,236 - INFO -   PFDoDS Linear: matrices above LOQ: Brain, Feces, Milk, Plasma
2026-02-17 08:13:44,238 - INFO -   PFDoDS Branched: matrices above LOQ: Feces, Milk, Plasma
2026-02-17 08:13:44,240 - INFO -   PFTrDS Linear: matrices above LOQ: Brain, Feces, Milk
2026-02-17 08:13:44,243 - INFO -   PFTrDS Branched: matrices above LOQ: Feces, Milk, Plasma
2026-02-17 08:13:44,246 - INFO -   PFNA Linear: matrices above LOQ: Milk
2026-02-17 08:13:44,254 - INFO -   PFDA Branched: matrices above LOQ: Milk
2026-02-17 08:13:44,256 - INFO -   PFUnDA Branched: matrices above LOQ: Milk
2026-02-17 08:13:44,257 - INFO -   PFDoDA Branched: matrices above LOQ: Milk
2026-02-17 08:13:44,259 - INFO -   PFTrDA Branched: matrices above LOQ: Milk
2026-02-17 08:13:44,261 - INFO -   PFTeDA Branched: matrices above LOQ: Milk
2026-02-17 08:13:44,263 - INFO - Found 19 compounds (31 compound-isomer pairs) meeting criteria
2026-02-17 08:13:44,268 - INFO - 
All compound-isomer pairs to process (31 total):
2026-02-17 08:13:44,268 - INFO -   PFBA         | Linear    
2026-02-17 08:13:44,268 - INFO -   PFDA         | Branched  
2026-02-17 08:13:44,268 - INFO -   PFDA         | Linear    
2026-02-17 08:13:44,268 - INFO -   PFDS         | Branched  
2026-02-17 08:13:44,268 - INFO -   PFDS         | Linear    
2026-02-17 08:13:44,268 - INFO -   PFDoDA       | Branched  
2026-02-17 08:13:44,268 - INFO -   PFDoDA       | Linear    
2026-02-17 08:13:44,268 - INFO -   PFDoDS       | Branched  
2026-02-17 08:13:44,268 - INFO -   PFDoDS       | Linear    
2026-02-17 08:13:44,268 - INFO -   PFHpA        | Linear    
2026-02-17 08:13:44,268 - INFO -   PFHpS        | Linear    
2026-02-17 08:13:44,268 - INFO -   PFHxA        | Linear    
2026-02-17 08:13:44,268 - INFO -   PFHxS        | Linear    
2026-02-17 08:13:44,268 - INFO -   PFNA         | Linear    
2026-02-17 08:13:44,268 - INFO -   PFNS         | Branched  
2026-02-17 08:13:44,268 - INFO -   PFNS         | Linear    
2026-02-17 08:13:44,268 - INFO -   PFOA         | Branched  
2026-02-17 08:13:44,268 - INFO -   PFOA         | Linear    
2026-02-17 08:13:44,268 - INFO -   PFOS         | Branched  
2026-02-17 08:13:44,268 - INFO -   PFOS         | Linear    
2026-02-17 08:13:44,268 - INFO -   PFPeA        | Linear    
2026-02-17 08:13:44,268 - INFO -   PFTeDA       | Branched  
2026-02-17 08:13:44,268 - INFO -   PFTeDA       | Linear    
2026-02-17 08:13:44,268 - INFO -   PFTrDA       | Branched  
2026-02-17 08:13:44,268 - INFO -   PFTrDA       | Linear    
2026-02-17 08:13:44,268 - INFO -   PFTrDS       | Branched  
2026-02-17 08:13:44,268 - INFO -   PFTrDS       | Linear    
2026-02-17 08:13:44,268 - INFO -   PFUnDA       | Branched  
2026-02-17 08:13:44,269 - INFO -   PFUnDA       | Linear    
2026-02-17 08:13:44,269 - INFO -   PFUnDS       | Branched  
2026-02-17 08:13:44,269 - INFO -   PFUnDS       | Linear    
2026-02-17 08:13:44,269 - INFO - 
2026-02-17 08:13:44,269 - INFO - === STARTING FULL MONTE CARLO RUN ===
2026-02-17 08:13:44,269 - INFO - Total compounds to process: 1
2026-02-17 08:13:44,285 - INFO - === PHASE 1: Running global mean fits ===
2026-02-17 08:13:44,322 - INFO - [GLOBAL FIT] Starting PFOS Linear
2026-02-17 08:13:44,326 - INFO - [GLOBAL FIT] PFOS Linear - Data: 231 points, 11 matrices above LOQ, 3 animals
2026-02-17 08:13:44,329 - INFO - [GLOBAL FIT] PFOS Linear - Fitting parameters: ['k_elim', 'k_feces', 'k_ehc', 'k_renal']
2026-02-17 08:13:44,329 - INFO - [GLOBAL FIT] PFOS Linear - Fixed parameters: {'k_a': 100.0}
2026-02-17 08:13:48,126 - WARNING - User interrupted during global fit phase
2026-02-17 08:13:49,089 - WARNING - Interrupted by user
