2026-02-16 20:32:11,287 - INFO - Loading data files...
2026-02-16 20:32:11,308 - INFO - Loaded intake and physiological data: 17766 intake rows, 3 animals with urine volumes, 3 animals with feces mass, 3 animals with milk yield series, 3 animals with body weight series
2026-02-16 20:32:11,308 - INFO - Determining compound-isomer pairs: hay concentration not 0 and at least one of [Brain, Feces, Heart, Kidney, Liver, Lung, Milk, Muscle, Plasma, Spleen, Urine] above LOQ.
2026-02-16 20:32:11,317 - INFO -   PFBA Linear: matrices above LOQ: Feces, Milk, Plasma, Urine
2026-02-16 20:32:11,320 - INFO -   PFPeA Linear: matrices above LOQ: Feces, Milk, Muscle, Urine
2026-02-16 20:32:11,322 - INFO -   PFHxA Linear: matrices above LOQ: Urine
2026-02-16 20:32:11,325 - INFO -   PFHpA Linear: matrices above LOQ: Urine
2026-02-16 20:32:11,327 - INFO -   PFOA Linear: matrices above LOQ: Brain, Feces, Milk, Plasma, Urine
2026-02-16 20:32:11,330 - INFO -   PFOA Branched: matrices above LOQ: Milk, Plasma, Urine
2026-02-16 20:32:11,332 - INFO -   PFDA Linear: matrices above LOQ: Liver, Milk, Plasma
2026-02-16 20:32:11,335 - INFO -   PFUnDA Linear: matrices above LOQ: Milk, Plasma
2026-02-16 20:32:11,337 - INFO -   PFDoDA Linear: matrices above LOQ: Milk, Plasma
2026-02-16 20:32:11,339 - INFO -   PFTrDA Linear: matrices above LOQ: Milk, Plasma
2026-02-16 20:32:11,342 - INFO -   PFTeDA Linear: matrices above LOQ: Plasma
2026-02-16 20:32:11,344 - INFO -   PFHxS Linear: matrices above LOQ: Milk, Plasma, Urine
2026-02-16 20:32:11,346 - INFO -   PFHpS Linear: matrices above LOQ: Milk, Plasma
2026-02-16 20:32:11,349 - INFO -   PFOS Linear: matrices above LOQ: Brain, Feces, Heart, Kidney, Liver, Lung, Milk, Muscle, Plasma, Spleen, Urine
2026-02-16 20:32:11,351 - INFO -   PFOS Branched: matrices above LOQ: Brain, Feces, Heart, Kidney, Liver, Lung, Milk, Muscle, Plasma, Spleen, Urine
2026-02-16 20:32:11,354 - INFO -   PFNS Linear: matrices above LOQ: Brain, Feces, Heart, Kidney, Liver, Lung, Milk, Muscle, Plasma, Spleen
2026-02-16 20:32:11,356 - INFO -   PFNS Branched: matrices above LOQ: Brain, Feces, Heart, Kidney, Liver, Lung, Milk, Muscle, Plasma, Spleen, Urine
2026-02-16 20:32:11,359 - INFO -   PFDS Linear: matrices above LOQ: Brain, Feces, Heart, Kidney, Liver, Lung, Milk, Muscle, Plasma, Spleen
2026-02-16 20:32:11,361 - INFO -   PFDS Branched: matrices above LOQ: Feces, Heart, Kidney, Liver, Lung, Milk, Plasma, Spleen
2026-02-16 20:32:11,363 - INFO -   PFUnDS Linear: matrices above LOQ: Brain, Feces, Milk, Plasma
2026-02-16 20:32:11,365 - INFO -   PFUnDS Branched: matrices above LOQ: Feces, Liver, Milk, Plasma
2026-02-16 20:32:11,368 - INFO -   PFDoDS Linear: matrices above LOQ: Brain, Feces, Milk, Plasma
2026-02-16 20:32:11,370 - INFO -   PFDoDS Branched: matrices above LOQ: Feces, Milk, Plasma
2026-02-16 20:32:11,372 - INFO -   PFTrDS Linear: matrices above LOQ: Brain, Feces, Milk
2026-02-16 20:32:11,375 - INFO -   PFTrDS Branched: matrices above LOQ: Feces, Milk, Plasma
2026-02-16 20:32:11,378 - INFO -   PFNA Linear: matrices above LOQ: Milk
2026-02-16 20:32:11,386 - INFO -   PFDA Branched: matrices above LOQ: Milk
2026-02-16 20:32:11,387 - INFO -   PFUnDA Branched: matrices above LOQ: Milk
2026-02-16 20:32:11,389 - INFO -   PFDoDA Branched: matrices above LOQ: Milk
2026-02-16 20:32:11,391 - INFO -   PFTrDA Branched: matrices above LOQ: Milk
2026-02-16 20:32:11,393 - INFO -   PFTeDA Branched: matrices above LOQ: Milk
2026-02-16 20:32:11,395 - INFO - Found 19 compounds (31 compound-isomer pairs) meeting criteria
2026-02-16 20:32:11,400 - INFO - 
All compound-isomer pairs to process (31 total):
2026-02-16 20:32:11,400 - INFO -   PFBA         | Linear    
2026-02-16 20:32:11,400 - INFO -   PFDA         | Branched  
2026-02-16 20:32:11,400 - INFO -   PFDA         | Linear    
2026-02-16 20:32:11,400 - INFO -   PFDS         | Branched  
2026-02-16 20:32:11,400 - INFO -   PFDS         | Linear    
2026-02-16 20:32:11,400 - INFO -   PFDoDA       | Branched  
2026-02-16 20:32:11,400 - INFO -   PFDoDA       | Linear    
2026-02-16 20:32:11,400 - INFO -   PFDoDS       | Branched  
2026-02-16 20:32:11,400 - INFO -   PFDoDS       | Linear    
2026-02-16 20:32:11,400 - INFO -   PFHpA        | Linear    
2026-02-16 20:32:11,400 - INFO -   PFHpS        | Linear    
2026-02-16 20:32:11,400 - INFO -   PFHxA        | Linear    
2026-02-16 20:32:11,400 - INFO -   PFHxS        | Linear    
2026-02-16 20:32:11,400 - INFO -   PFNA         | Linear    
2026-02-16 20:32:11,400 - INFO -   PFNS         | Branched  
2026-02-16 20:32:11,400 - INFO -   PFNS         | Linear    
2026-02-16 20:32:11,400 - INFO -   PFOA         | Branched  
2026-02-16 20:32:11,400 - INFO -   PFOA         | Linear    
2026-02-16 20:32:11,400 - INFO -   PFOS         | Branched  
2026-02-16 20:32:11,400 - INFO -   PFOS         | Linear    
2026-02-16 20:32:11,400 - INFO -   PFPeA        | Linear    
2026-02-16 20:32:11,400 - INFO -   PFTeDA       | Branched  
2026-02-16 20:32:11,400 - INFO -   PFTeDA       | Linear    
2026-02-16 20:32:11,400 - INFO -   PFTrDA       | Branched  
2026-02-16 20:32:11,400 - INFO -   PFTrDA       | Linear    
2026-02-16 20:32:11,400 - INFO -   PFTrDS       | Branched  
2026-02-16 20:32:11,400 - INFO -   PFTrDS       | Linear    
2026-02-16 20:32:11,400 - INFO -   PFUnDA       | Branched  
2026-02-16 20:32:11,400 - INFO -   PFUnDA       | Linear    
2026-02-16 20:32:11,400 - INFO -   PFUnDS       | Branched  
2026-02-16 20:32:11,400 - INFO -   PFUnDS       | Linear    
2026-02-16 20:32:11,400 - INFO - 
2026-02-16 20:32:11,400 - INFO - === STARTING FULL MONTE CARLO RUN ===
2026-02-16 20:32:11,400 - INFO - Total compounds to process: 1
2026-02-16 20:32:11,417 - INFO - === PHASE 1: Running global mean fits ===
2026-02-16 20:32:11,454 - INFO - [GLOBAL FIT] Starting PFOS Linear
2026-02-16 20:32:11,458 - INFO - [GLOBAL FIT] PFOS Linear - Data: 231 points, 11 matrices above LOQ, 3 animals
2026-02-16 20:32:11,460 - INFO - [GLOBAL FIT] PFOS Linear - Fitting parameters: ['k_elim', 'k_feces', 'k_ehc', 'k_renal']
2026-02-16 20:32:11,460 - INFO - [GLOBAL FIT] PFOS Linear - Fixed parameters: {'k_a': 100.0}
2026-02-16 20:33:53,967 - INFO - [GLOBAL FIT] PFOS Linear - Success: loss=233.40, iterations=39
2026-02-16 20:33:53,967 - INFO - [GLOBAL FIT] PFOS Linear - Parameters: k_elim=0.085, k_feces=0.231, k_ehc=10.000, k_renal=0.032, k_a=100.000
2026-02-16 20:33:53,969 - INFO - [GLOBAL FIT] PFOS Linear - Saved parameters to /Users/lucaprzygoda/Desktop/pfaa-pbtk-dairy-goats/results/optimization/global_fit/fit_PFOS_Linear.csv
2026-02-16 20:33:53,969 - INFO - [GLOBAL FIT] PFOS Linear - Completed in 102.5s
2026-02-16 20:33:53,970 - INFO - === PHASE 1/3 COMPLETED ===
2026-02-16 20:33:53,971 - INFO - Global mean fits: 1/1 successful in 102.6s
2026-02-16 20:33:53,971 - INFO - === Estimating pooled sigma from all fits ===
2026-02-16 20:33:53,971 - INFO - [SIGMA EST] Estimating pooled sigma from 1 compound-isomer pairs (pooled residuals per matrix)...
2026-02-16 20:33:54,176 - INFO - [SIGMA EST] plasma: pooled σ=0.272 (from 24 pooled residuals)
2026-02-16 20:33:54,176 - INFO - [SIGMA EST] urine: pooled σ=0.368 (from 6 pooled residuals)
2026-02-16 20:33:54,176 - INFO - [SIGMA EST] kidney: pooled σ=0.543 (from 3 pooled residuals)
2026-02-16 20:33:54,176 - INFO - [SIGMA EST] muscle: pooled σ=0.218 (from 3 pooled residuals)
2026-02-16 20:33:54,176 - INFO - [SIGMA EST] milk: pooled σ=0.595 (from 27 pooled residuals)
2026-02-16 20:33:54,176 - INFO - [SIGMA EST] lung: pooled σ=0.226 (from 3 pooled residuals)
2026-02-16 20:33:54,176 - INFO - [SIGMA EST] spleen: pooled σ=0.152 (from 3 pooled residuals)
2026-02-16 20:33:54,176 - INFO - [SIGMA EST] heart: pooled σ=0.112 (from 3 pooled residuals)
2026-02-16 20:33:54,176 - INFO - [SIGMA EST] liver: pooled σ=0.149 (from 3 pooled residuals)
2026-02-16 20:33:54,176 - INFO - [SIGMA EST] brain: pooled σ=0.176 (from 3 pooled residuals)
2026-02-16 20:33:54,176 - INFO - [SIGMA EST] feces: pooled σ=0.418 (from 13 pooled residuals)
2026-02-16 20:33:54,177 - INFO - [SIGMA EST] Saved pooled sigma estimates to /Users/lucaprzygoda/Desktop/pfaa-pbtk-dairy-goats/results/optimization/sigma_estimates/sigma_pooled.csv
2026-02-16 20:33:54,222 - INFO - Pooled sigma estimates computed successfully
2026-02-16 20:33:54,222 - INFO -   intestine: σ=0.400
2026-02-16 20:33:54,222 - INFO -   stomach: σ=0.400
2026-02-16 20:33:54,222 - INFO -   plasma: σ=0.272
2026-02-16 20:33:54,222 - INFO -   rest: σ=0.400
2026-02-16 20:33:54,222 - INFO -   urine: σ=0.368
2026-02-16 20:33:54,222 - INFO -   kidney: σ=0.543
2026-02-16 20:33:54,222 - INFO -   muscle: σ=0.218
2026-02-16 20:33:54,222 - INFO -   milk: σ=0.595
2026-02-16 20:33:54,222 - INFO -   lung: σ=0.226
2026-02-16 20:33:54,222 - INFO -   spleen: σ=0.152
2026-02-16 20:33:54,222 - INFO -   heart: σ=0.112
2026-02-16 20:33:54,222 - INFO -   liver: σ=0.149
2026-02-16 20:33:54,222 - INFO -   brain: σ=0.176
2026-02-16 20:33:54,222 - INFO -   feces: σ=0.418
2026-02-16 20:33:54,222 - INFO - === PHASE 2: Running jackknife fits ===
2026-02-16 20:33:54,258 - INFO - [JACKKNIFE] Starting PFOS Linear
2026-02-16 20:33:54,274 - INFO - [JACKKNIFE] PFOS Linear - Processing animal E2 (1/3)
2026-02-16 20:35:16,713 - INFO - [JACKKNIFE] PFOS Linear - Animal E2 completed in 82.4s (loss=156.16)
2026-02-16 20:35:16,714 - INFO - [JACKKNIFE] PFOS Linear - Processing animal E3 (2/3)
2026-02-16 20:36:17,970 - INFO - [JACKKNIFE] PFOS Linear - Animal E3 completed in 61.3s (loss=153.12)
2026-02-16 20:36:17,972 - INFO - [JACKKNIFE] PFOS Linear - Processing animal E4 (3/3)
2026-02-16 20:37:26,440 - INFO - [JACKKNIFE] PFOS Linear - Animal E4 completed in 68.5s (loss=155.55)
2026-02-16 20:37:26,444 - INFO - [JACKKNIFE] PFOS Linear - Saved jackknife results to /Users/lucaprzygoda/Desktop/pfaa-pbtk-dairy-goats/results/optimization/jackknife/jackknife_PFOS_Linear_LOAO.csv
2026-02-16 20:37:26,444 - INFO - [JACKKNIFE] PFOS Linear - Completed in 212.2s
2026-02-16 20:37:26,445 - INFO - === PHASE 2/3 COMPLETED ===
2026-02-16 20:37:26,445 - INFO - Jackknife fits: 1/1 successful in 212.2s
2026-02-16 20:37:26,445 - INFO - === PHASE 3: Running Monte Carlo sampling ===
2026-02-16 20:37:26,481 - INFO - [MONTE CARLO] Starting PFOS Linear
2026-02-16 20:37:26,483 - INFO - [MONTE CARLO] PFOS Linear - Phase 1 point estimates (linear): [1.00000000e+01 8.52526848e-02 3.21010362e-02 1.00000000e+02
 2.31054421e-01]
2026-02-16 20:37:26,483 - INFO - [MONTE CARLO] PFOS Linear - Phase 1 central values (log10): [ 1.         -1.06929194 -1.49348095  2.         -0.63628572]
2026-02-16 20:37:26,484 - INFO - [MONTE CARLO] PFOS Linear - Jackknife stds (log10, diagonal): [0.07222317 0.05057605 0.05861223 0.         0.07250487]
2026-02-16 20:37:26,484 - INFO - [MONTE CARLO] PFOS Linear - Generating 10000 samples in log10-space around Phase 1 (diagonal covariance)
2026-02-16 20:37:26,485 - INFO - [MONTE CARLO] PFOS Linear - Sample means: [1.01135832e+01 8.58500802e-02 3.24385043e-02 1.00026245e+02
 2.34346662e-01]
2026-02-16 20:37:26,486 - INFO - [MONTE CARLO] PFOS Linear - Sample stds: [1.69747744 0.0100485  0.00435922 2.33804351 0.03960783]
2026-02-16 20:37:26,488 - INFO - [MONTE CARLO] PFOS Linear - Collecting predictions for: ['plasma', 'urine', 'kidney', 'muscle', 'milk', 'lung', 'heart', 'spleen', 'liver', 'brain', 'feces', 'elim']
2026-02-16 20:43:43,160 - INFO - [MONTE CARLO] PFOS Linear - Saved predictions to /Users/lucaprzygoda/Desktop/pfaa-pbtk-dairy-goats/results/optimization/monte_carlo/predictions_PFOS_Linear_monte_carlo.csv
2026-02-16 20:43:43,160 - INFO - [MONTE CARLO] PFOS Linear - Total samples: 10000 parameter draws × 3 animals = 30000 total predictions
2026-02-16 20:43:43,161 - INFO - [MONTE CARLO] PFOS Linear - Completed in 376.7s
2026-02-16 20:43:43,289 - INFO - === PHASE 3/3 COMPLETED ===
2026-02-16 20:43:43,290 - INFO - Monte Carlo sampling: 1/1 successful in 376.8s
2026-02-16 20:43:43,298 - INFO - === ALL PHASES COMPLETED ===
2026-02-16 20:43:43,298 - INFO - Total execution time: 691.9s (0.2 hours)
2026-02-16 20:43:43,298 - INFO - Success rates: Global=1/1, Jackknife=1/1, Monte Carlo=1/1
2026-02-16 20:43:43,298 - INFO - Average global fit time: 102.6s per compound
2026-02-16 20:43:43,299 - INFO - Average jackknife time: 212.2s per compound
2026-02-16 20:43:43,299 - INFO - Average Monte Carlo time: 376.8s per compound
2026-02-16 20:43:43,299 - INFO - Fully successful compounds: 1/1
