2026-02-16 17:03:03,356 - INFO - Loading data files...
2026-02-16 17:03:03,376 - INFO - Loaded intake and physiological data: 17766 intake rows, 3 animals with urine volumes, 3 animals with feces mass, 3 animals with milk yield series, 3 animals with body weight series
2026-02-16 17:03:03,376 - INFO - Determining compound-isomer pairs: hay concentration not 0 and at least one of [Brain, Feces, Heart, Kidney, Liver, Lung, Milk, Muscle, Plasma, Spleen, Urine] above LOQ.
2026-02-16 17:03:03,385 - INFO -   PFBA Linear: matrices above LOQ: Feces, Milk, Plasma, Urine
2026-02-16 17:03:03,387 - INFO -   PFPeA Linear: matrices above LOQ: Feces, Milk, Muscle, Urine
2026-02-16 17:03:03,390 - INFO -   PFHxA Linear: matrices above LOQ: Urine
2026-02-16 17:03:03,392 - INFO -   PFHpA Linear: matrices above LOQ: Urine
2026-02-16 17:03:03,395 - INFO -   PFOA Linear: matrices above LOQ: Brain, Feces, Milk, Plasma, Urine
2026-02-16 17:03:03,397 - INFO -   PFOA Branched: matrices above LOQ: Milk, Plasma, Urine
2026-02-16 17:03:03,400 - INFO -   PFDA Linear: matrices above LOQ: Liver, Milk, Plasma
2026-02-16 17:03:03,403 - INFO -   PFUnDA Linear: matrices above LOQ: Milk, Plasma
2026-02-16 17:03:03,405 - INFO -   PFDoDA Linear: matrices above LOQ: Milk, Plasma
2026-02-16 17:03:03,407 - INFO -   PFTrDA Linear: matrices above LOQ: Milk, Plasma
2026-02-16 17:03:03,410 - INFO -   PFTeDA Linear: matrices above LOQ: Plasma
2026-02-16 17:03:03,412 - INFO -   PFHxS Linear: matrices above LOQ: Milk, Plasma, Urine
2026-02-16 17:03:03,415 - INFO -   PFHpS Linear: matrices above LOQ: Milk, Plasma
2026-02-16 17:03:03,418 - INFO -   PFOS Linear: matrices above LOQ: Brain, Feces, Heart, Kidney, Liver, Lung, Milk, Muscle, Plasma, Spleen, Urine
2026-02-16 17:03:03,420 - INFO -   PFOS Branched: matrices above LOQ: Brain, Feces, Heart, Kidney, Liver, Lung, Milk, Muscle, Plasma, Spleen, Urine
2026-02-16 17:03:03,423 - INFO -   PFNS Linear: matrices above LOQ: Brain, Feces, Heart, Kidney, Liver, Lung, Milk, Muscle, Plasma, Spleen
2026-02-16 17:03:03,425 - INFO -   PFNS Branched: matrices above LOQ: Brain, Feces, Heart, Kidney, Liver, Lung, Milk, Muscle, Plasma, Spleen, Urine
2026-02-16 17:03:03,428 - INFO -   PFDS Linear: matrices above LOQ: Brain, Feces, Heart, Kidney, Liver, Lung, Milk, Muscle, Plasma, Spleen
2026-02-16 17:03:03,430 - INFO -   PFDS Branched: matrices above LOQ: Feces, Heart, Kidney, Liver, Lung, Milk, Plasma, Spleen
2026-02-16 17:03:03,433 - INFO -   PFUnDS Linear: matrices above LOQ: Brain, Feces, Milk, Plasma
2026-02-16 17:03:03,435 - INFO -   PFUnDS Branched: matrices above LOQ: Feces, Liver, Milk, Plasma
2026-02-16 17:03:03,438 - INFO -   PFDoDS Linear: matrices above LOQ: Brain, Feces, Milk, Plasma
2026-02-16 17:03:03,440 - INFO -   PFDoDS Branched: matrices above LOQ: Feces, Milk, Plasma
2026-02-16 17:03:03,442 - INFO -   PFTrDS Linear: matrices above LOQ: Brain, Feces, Milk
2026-02-16 17:03:03,446 - INFO -   PFTrDS Branched: matrices above LOQ: Feces, Milk, Plasma
2026-02-16 17:03:03,449 - INFO -   PFNA Linear: matrices above LOQ: Milk
2026-02-16 17:03:03,457 - INFO -   PFDA Branched: matrices above LOQ: Milk
2026-02-16 17:03:03,459 - INFO -   PFUnDA Branched: matrices above LOQ: Milk
2026-02-16 17:03:03,460 - INFO -   PFDoDA Branched: matrices above LOQ: Milk
2026-02-16 17:03:03,462 - INFO -   PFTrDA Branched: matrices above LOQ: Milk
2026-02-16 17:03:03,464 - INFO -   PFTeDA Branched: matrices above LOQ: Milk
2026-02-16 17:03:03,466 - INFO - Found 19 compounds (31 compound-isomer pairs) meeting criteria
2026-02-16 17:03:03,471 - INFO - 
All compound-isomer pairs to process (31 total):
2026-02-16 17:03:03,471 - INFO -   PFBA         | Linear    
2026-02-16 17:03:03,471 - INFO -   PFDA         | Branched  
2026-02-16 17:03:03,471 - INFO -   PFDA         | Linear    
2026-02-16 17:03:03,471 - INFO -   PFDS         | Branched  
2026-02-16 17:03:03,471 - INFO -   PFDS         | Linear    
2026-02-16 17:03:03,471 - INFO -   PFDoDA       | Branched  
2026-02-16 17:03:03,471 - INFO -   PFDoDA       | Linear    
2026-02-16 17:03:03,471 - INFO -   PFDoDS       | Branched  
2026-02-16 17:03:03,472 - INFO -   PFDoDS       | Linear    
2026-02-16 17:03:03,472 - INFO -   PFHpA        | Linear    
2026-02-16 17:03:03,472 - INFO -   PFHpS        | Linear    
2026-02-16 17:03:03,472 - INFO -   PFHxA        | Linear    
2026-02-16 17:03:03,472 - INFO -   PFHxS        | Linear    
2026-02-16 17:03:03,472 - INFO -   PFNA         | Linear    
2026-02-16 17:03:03,472 - INFO -   PFNS         | Branched  
2026-02-16 17:03:03,472 - INFO -   PFNS         | Linear    
2026-02-16 17:03:03,472 - INFO -   PFOA         | Branched  
2026-02-16 17:03:03,472 - INFO -   PFOA         | Linear    
2026-02-16 17:03:03,472 - INFO -   PFOS         | Branched  
2026-02-16 17:03:03,472 - INFO -   PFOS         | Linear    
2026-02-16 17:03:03,472 - INFO -   PFPeA        | Linear    
2026-02-16 17:03:03,472 - INFO -   PFTeDA       | Branched  
2026-02-16 17:03:03,472 - INFO -   PFTeDA       | Linear    
2026-02-16 17:03:03,472 - INFO -   PFTrDA       | Branched  
2026-02-16 17:03:03,472 - INFO -   PFTrDA       | Linear    
2026-02-16 17:03:03,472 - INFO -   PFTrDS       | Branched  
2026-02-16 17:03:03,472 - INFO -   PFTrDS       | Linear    
2026-02-16 17:03:03,472 - INFO -   PFUnDA       | Branched  
2026-02-16 17:03:03,472 - INFO -   PFUnDA       | Linear    
2026-02-16 17:03:03,472 - INFO -   PFUnDS       | Branched  
2026-02-16 17:03:03,472 - INFO -   PFUnDS       | Linear    
2026-02-16 17:03:03,472 - INFO - 
2026-02-16 17:03:03,472 - INFO - === STARTING FULL MONTE CARLO RUN ===
2026-02-16 17:03:03,472 - INFO - Total compounds to process: 1
2026-02-16 17:03:03,490 - INFO - === PHASE 1: Running global mean fits ===
2026-02-16 17:03:03,531 - INFO - [GLOBAL FIT] Starting PFOS Linear
2026-02-16 17:03:03,536 - INFO - [GLOBAL FIT] PFOS Linear - Data: 231 points, 11 matrices above LOQ, 3 animals
2026-02-16 17:03:03,538 - INFO - [GLOBAL FIT] PFOS Linear - Fitting parameters: ['k_a', 'k_elim', 'k_feces', 'k_ehc', 'k_renal']
2026-02-16 17:04:55,815 - INFO - [GLOBAL FIT] PFOS Linear - Success: loss=243.79, iterations=35
2026-02-16 17:04:55,816 - INFO - [GLOBAL FIT] PFOS Linear - Parameters: k_a=130.710, k_elim=0.079, k_feces=0.678, k_ehc=4.792, k_renal=0.033
2026-02-16 17:04:55,817 - INFO - [GLOBAL FIT] PFOS Linear - Saved parameters to /Users/lucaprzygoda/Desktop/pfaa-pbtk-dairy-goats/results/optimization/global_fit/fit_PFOS_Linear.csv
2026-02-16 17:04:55,818 - INFO - [GLOBAL FIT] PFOS Linear - Completed in 112.3s
2026-02-16 17:04:55,819 - INFO - === PHASE 1/3 COMPLETED ===
2026-02-16 17:04:55,819 - INFO - Global mean fits: 1/1 successful in 112.3s
2026-02-16 17:04:55,819 - INFO - === Estimating pooled sigma from all fits ===
2026-02-16 17:04:55,820 - INFO - [SIGMA EST] Estimating pooled sigma from 1 compound-isomer pairs (pooled residuals per matrix)...
2026-02-16 17:04:56,005 - INFO - [SIGMA EST] muscle: pooled σ=0.215 (from 3 pooled residuals)
2026-02-16 17:04:56,006 - INFO - [SIGMA EST] lung: pooled σ=0.223 (from 3 pooled residuals)
2026-02-16 17:04:56,006 - INFO - [SIGMA EST] liver: pooled σ=0.146 (from 3 pooled residuals)
2026-02-16 17:04:56,006 - INFO - [SIGMA EST] feces: pooled σ=0.436 (from 13 pooled residuals)
2026-02-16 17:04:56,006 - INFO - [SIGMA EST] milk: pooled σ=0.640 (from 27 pooled residuals)
2026-02-16 17:04:56,006 - INFO - [SIGMA EST] urine: pooled σ=0.368 (from 6 pooled residuals)
2026-02-16 17:04:56,006 - INFO - [SIGMA EST] brain: pooled σ=0.176 (from 3 pooled residuals)
2026-02-16 17:04:56,006 - INFO - [SIGMA EST] spleen: pooled σ=0.152 (from 3 pooled residuals)
2026-02-16 17:04:56,006 - INFO - [SIGMA EST] heart: pooled σ=0.111 (from 3 pooled residuals)
2026-02-16 17:04:56,006 - INFO - [SIGMA EST] kidney: pooled σ=0.541 (from 3 pooled residuals)
2026-02-16 17:04:56,006 - INFO - [SIGMA EST] plasma: pooled σ=0.281 (from 24 pooled residuals)
2026-02-16 17:04:56,007 - INFO - [SIGMA EST] Saved pooled sigma estimates to /Users/lucaprzygoda/Desktop/pfaa-pbtk-dairy-goats/results/optimization/sigma_estimates/sigma_pooled.csv
2026-02-16 17:04:56,048 - INFO - Pooled sigma estimates computed successfully
2026-02-16 17:04:56,048 - INFO -   muscle: σ=0.215
2026-02-16 17:04:56,048 - INFO -   stomach: σ=0.400
2026-02-16 17:04:56,048 - INFO -   lung: σ=0.223
2026-02-16 17:04:56,048 - INFO -   liver: σ=0.146
2026-02-16 17:04:56,048 - INFO -   feces: σ=0.436
2026-02-16 17:04:56,048 - INFO -   milk: σ=0.640
2026-02-16 17:04:56,048 - INFO -   urine: σ=0.368
2026-02-16 17:04:56,048 - INFO -   brain: σ=0.176
2026-02-16 17:04:56,048 - INFO -   spleen: σ=0.152
2026-02-16 17:04:56,048 - INFO -   heart: σ=0.111
2026-02-16 17:04:56,049 - INFO -   intestine: σ=0.400
2026-02-16 17:04:56,049 - INFO -   kidney: σ=0.541
2026-02-16 17:04:56,049 - INFO -   rest: σ=0.400
2026-02-16 17:04:56,049 - INFO -   plasma: σ=0.281
2026-02-16 17:04:56,049 - INFO - === PHASE 2: Running jackknife fits ===
2026-02-16 17:04:56,084 - INFO - [JACKKNIFE] Starting PFOS Linear
2026-02-16 17:04:56,097 - INFO - [JACKKNIFE] PFOS Linear - Processing animal E2 (1/3)
2026-02-16 17:06:38,666 - INFO - [JACKKNIFE] PFOS Linear - Animal E2 completed in 102.6s (loss=156.43)
2026-02-16 17:06:38,667 - INFO - [JACKKNIFE] PFOS Linear - Processing animal E3 (2/3)
2026-02-16 17:08:17,787 - INFO - [JACKKNIFE] PFOS Linear - Animal E3 completed in 99.1s (loss=155.38)
2026-02-16 17:08:17,787 - INFO - [JACKKNIFE] PFOS Linear - Processing animal E4 (3/3)
2026-02-16 17:09:56,289 - INFO - [JACKKNIFE] PFOS Linear - Animal E4 completed in 98.5s (loss=156.09)
2026-02-16 17:09:56,291 - INFO - [JACKKNIFE] PFOS Linear - Saved jackknife results to /Users/lucaprzygoda/Desktop/pfaa-pbtk-dairy-goats/results/optimization/jackknife/jackknife_PFOS_Linear_LOAO.csv
2026-02-16 17:09:56,292 - INFO - [JACKKNIFE] PFOS Linear - Completed in 300.2s
2026-02-16 17:09:56,292 - INFO - === PHASE 2/3 COMPLETED ===
2026-02-16 17:09:56,292 - INFO - Jackknife fits: 1/1 successful in 300.2s
2026-02-16 17:09:56,292 - INFO - === PHASE 3: Running Monte Carlo sampling ===
2026-02-16 17:09:56,328 - INFO - [MONTE CARLO] Starting PFOS Linear
2026-02-16 17:09:56,330 - INFO - [MONTE CARLO] PFOS Linear - Phase 1 point estimates (linear): [4.79168490e+00 7.88396955e-02 3.33371338e-02 1.30710224e+02
 6.77572433e-01]
2026-02-16 17:09:56,331 - INFO - [MONTE CARLO] PFOS Linear - Phase 1 central values (log10): [ 0.68048825 -1.10325506 -1.47707174  2.11630956 -0.16904427]
2026-02-16 17:09:56,331 - INFO - [MONTE CARLO] PFOS Linear - Jackknife stds (log10, diagonal): [1.08863661 0.07942945 0.06055015 0.28592122 0.84458188]
2026-02-16 17:09:56,331 - INFO - [MONTE CARLO] PFOS Linear - Generating 10000 samples in log10-space around Phase 1 (diagonal covariance)
2026-02-16 17:09:56,332 - INFO - [MONTE CARLO] PFOS Linear - Sample means: [2.22774022e+02 8.01963109e-02 3.37095496e-02 1.63238807e+02
 4.74629030e+00]
2026-02-16 17:09:56,333 - INFO - [MONTE CARLO] PFOS Linear - Sample stds: [1.35537211e+04 1.48231002e-02 4.68121468e-03 1.21112431e+02
 3.41051241e+01]
2026-02-16 17:09:56,335 - INFO - [MONTE CARLO] PFOS Linear - Collecting predictions for: ['muscle', 'lung', 'liver', 'milk', 'feces', 'urine', 'brain', 'spleen', 'heart', 'kidney', 'plasma', 'elim']
2026-02-16 17:16:02,703 - INFO - [MONTE CARLO] PFOS Linear - Saved predictions to /Users/lucaprzygoda/Desktop/pfaa-pbtk-dairy-goats/results/optimization/monte_carlo/predictions_PFOS_Linear_monte_carlo.csv
2026-02-16 17:16:02,704 - INFO - [MONTE CARLO] PFOS Linear - Total samples: 10000 parameter draws × 3 animals = 30000 total predictions
2026-02-16 17:16:02,704 - INFO - [MONTE CARLO] PFOS Linear - Completed in 366.4s
2026-02-16 17:16:02,830 - INFO - === PHASE 3/3 COMPLETED ===
2026-02-16 17:16:02,830 - INFO - Monte Carlo sampling: 1/1 successful in 366.5s
2026-02-16 17:16:02,843 - INFO - === ALL PHASES COMPLETED ===
2026-02-16 17:16:02,843 - INFO - Total execution time: 779.4s (0.2 hours)
2026-02-16 17:16:02,843 - INFO - Success rates: Global=1/1, Jackknife=1/1, Monte Carlo=1/1
2026-02-16 17:16:02,843 - INFO - Average global fit time: 112.3s per compound
2026-02-16 17:16:02,843 - INFO - Average jackknife time: 300.2s per compound
2026-02-16 17:16:02,843 - INFO - Average Monte Carlo time: 366.5s per compound
2026-02-16 17:16:02,843 - INFO - Fully successful compounds: 1/1
