2026-02-17 13:29:16,524 - INFO - Loading data files...
2026-02-17 13:29:16,546 - INFO - Loaded intake and physiological data: 17766 intake rows, 3 animals with urine volumes, 3 animals with feces mass, 3 animals with milk yield series, 3 animals with body weight series
2026-02-17 13:29:16,546 - INFO - Determining compound-isomer pairs: hay concentration not 0 and at least one of [Brain, Feces, Heart, Kidney, Liver, Lung, Milk, Muscle, Plasma, Spleen, Urine] above LOQ.
2026-02-17 13:29:16,555 - INFO -   PFBA Linear: matrices above LOQ: Feces, Milk, Plasma, Urine
2026-02-17 13:29:16,558 - INFO -   PFPeA Linear: matrices above LOQ: Feces, Milk, Muscle, Urine
2026-02-17 13:29:16,560 - INFO -   PFHxA Linear: matrices above LOQ: Urine
2026-02-17 13:29:16,563 - INFO -   PFHpA Linear: matrices above LOQ: Urine
2026-02-17 13:29:16,565 - INFO -   PFOA Linear: matrices above LOQ: Brain, Feces, Milk, Plasma, Urine
2026-02-17 13:29:16,567 - INFO -   PFOA Branched: matrices above LOQ: Milk, Plasma, Urine
2026-02-17 13:29:16,570 - INFO -   PFDA Linear: matrices above LOQ: Liver, Milk, Plasma
2026-02-17 13:29:16,572 - INFO -   PFUnDA Linear: matrices above LOQ: Milk, Plasma
2026-02-17 13:29:16,575 - INFO -   PFDoDA Linear: matrices above LOQ: Milk, Plasma
2026-02-17 13:29:16,578 - INFO -   PFTrDA Linear: matrices above LOQ: Milk, Plasma
2026-02-17 13:29:16,580 - INFO -   PFTeDA Linear: matrices above LOQ: Plasma
2026-02-17 13:29:16,582 - INFO -   PFHxS Linear: matrices above LOQ: Milk, Plasma, Urine
2026-02-17 13:29:16,585 - INFO -   PFHpS Linear: matrices above LOQ: Milk, Plasma
2026-02-17 13:29:16,588 - INFO -   PFOS Linear: matrices above LOQ: Brain, Feces, Heart, Kidney, Liver, Lung, Milk, Muscle, Plasma, Spleen, Urine
2026-02-17 13:29:16,590 - INFO -   PFOS Branched: matrices above LOQ: Brain, Feces, Heart, Kidney, Liver, Lung, Milk, Muscle, Plasma, Spleen, Urine
2026-02-17 13:29:16,593 - INFO -   PFNS Linear: matrices above LOQ: Brain, Feces, Heart, Kidney, Liver, Lung, Milk, Muscle, Plasma, Spleen
2026-02-17 13:29:16,595 - INFO -   PFNS Branched: matrices above LOQ: Brain, Feces, Heart, Kidney, Liver, Lung, Milk, Muscle, Plasma, Spleen, Urine
2026-02-17 13:29:16,598 - INFO -   PFDS Linear: matrices above LOQ: Brain, Feces, Heart, Kidney, Liver, Lung, Milk, Muscle, Plasma, Spleen
2026-02-17 13:29:16,600 - INFO -   PFDS Branched: matrices above LOQ: Feces, Heart, Kidney, Liver, Lung, Milk, Plasma, Spleen
2026-02-17 13:29:16,602 - INFO -   PFUnDS Linear: matrices above LOQ: Brain, Feces, Milk, Plasma
2026-02-17 13:29:16,605 - INFO -   PFUnDS Branched: matrices above LOQ: Feces, Liver, Milk, Plasma
2026-02-17 13:29:16,607 - INFO -   PFDoDS Linear: matrices above LOQ: Brain, Feces, Milk, Plasma
2026-02-17 13:29:16,609 - INFO -   PFDoDS Branched: matrices above LOQ: Feces, Milk, Plasma
2026-02-17 13:29:16,611 - INFO -   PFTrDS Linear: matrices above LOQ: Brain, Feces, Milk
2026-02-17 13:29:16,614 - INFO -   PFTrDS Branched: matrices above LOQ: Feces, Milk, Plasma
2026-02-17 13:29:16,618 - INFO -   PFNA Linear: matrices above LOQ: Milk
2026-02-17 13:29:16,625 - INFO -   PFDA Branched: matrices above LOQ: Milk
2026-02-17 13:29:16,627 - INFO -   PFUnDA Branched: matrices above LOQ: Milk
2026-02-17 13:29:16,628 - INFO -   PFDoDA Branched: matrices above LOQ: Milk
2026-02-17 13:29:16,630 - INFO -   PFTrDA Branched: matrices above LOQ: Milk
2026-02-17 13:29:16,632 - INFO -   PFTeDA Branched: matrices above LOQ: Milk
2026-02-17 13:29:16,634 - INFO - Found 19 compounds (31 compound-isomer pairs) meeting criteria
2026-02-17 13:29:16,639 - INFO - 
All compound-isomer pairs to process (31 total):
2026-02-17 13:29:16,639 - INFO -   PFBA         | Linear    
2026-02-17 13:29:16,639 - INFO -   PFDA         | Branched  
2026-02-17 13:29:16,639 - INFO -   PFDA         | Linear    
2026-02-17 13:29:16,639 - INFO -   PFDS         | Branched  
2026-02-17 13:29:16,639 - INFO -   PFDS         | Linear    
2026-02-17 13:29:16,639 - INFO -   PFDoDA       | Branched  
2026-02-17 13:29:16,639 - INFO -   PFDoDA       | Linear    
2026-02-17 13:29:16,639 - INFO -   PFDoDS       | Branched  
2026-02-17 13:29:16,639 - INFO -   PFDoDS       | Linear    
2026-02-17 13:29:16,639 - INFO -   PFHpA        | Linear    
2026-02-17 13:29:16,639 - INFO -   PFHpS        | Linear    
2026-02-17 13:29:16,639 - INFO -   PFHxA        | Linear    
2026-02-17 13:29:16,639 - INFO -   PFHxS        | Linear    
2026-02-17 13:29:16,639 - INFO -   PFNA         | Linear    
2026-02-17 13:29:16,639 - INFO -   PFNS         | Branched  
2026-02-17 13:29:16,639 - INFO -   PFNS         | Linear    
2026-02-17 13:29:16,639 - INFO -   PFOA         | Branched  
2026-02-17 13:29:16,639 - INFO -   PFOA         | Linear    
2026-02-17 13:29:16,639 - INFO -   PFOS         | Branched  
2026-02-17 13:29:16,639 - INFO -   PFOS         | Linear    
2026-02-17 13:29:16,639 - INFO -   PFPeA        | Linear    
2026-02-17 13:29:16,639 - INFO -   PFTeDA       | Branched  
2026-02-17 13:29:16,639 - INFO -   PFTeDA       | Linear    
2026-02-17 13:29:16,639 - INFO -   PFTrDA       | Branched  
2026-02-17 13:29:16,639 - INFO -   PFTrDA       | Linear    
2026-02-17 13:29:16,639 - INFO -   PFTrDS       | Branched  
2026-02-17 13:29:16,639 - INFO -   PFTrDS       | Linear    
2026-02-17 13:29:16,639 - INFO -   PFUnDA       | Branched  
2026-02-17 13:29:16,639 - INFO -   PFUnDA       | Linear    
2026-02-17 13:29:16,639 - INFO -   PFUnDS       | Branched  
2026-02-17 13:29:16,639 - INFO -   PFUnDS       | Linear    
2026-02-17 13:29:16,639 - INFO - 
2026-02-17 13:29:16,639 - INFO - === STARTING FULL MONTE CARLO RUN ===
2026-02-17 13:29:16,639 - INFO - Total compounds to process: 1
2026-02-17 13:29:16,654 - INFO - === PHASE 1: Running global mean fits (two-stage: log-RMSE then censored likelihood) ===
2026-02-17 13:29:16,654 - INFO - [PHASE 1 / Stage 1] Log-RMSE global fits (no sigma needed)
2026-02-17 13:29:16,689 - INFO - [GLOBAL FIT] Starting PFDA Linear
2026-02-17 13:29:16,693 - INFO - [GLOBAL FIT] PFDA Linear - Data: 231 points, 3 matrices above LOQ, 3 animals
2026-02-17 13:29:16,695 - INFO - [GLOBAL FIT] PFDA Linear - Fitting parameters: ['k_a', 'k_elim']
2026-02-17 13:29:16,696 - INFO - [GLOBAL FIT] PFDA Linear - Fixed parameters: {'k_feces': 0.0, 'k_ehc': 0.0, 'k_renal': 0.0}
2026-02-17 13:29:39,721 - INFO - [GLOBAL FIT] PFDA Linear - Success: loss=1.06, iterations=14
2026-02-17 13:29:39,721 - INFO - [GLOBAL FIT] PFDA Linear - Parameters: k_a=264.633, k_elim=0.146, k_feces=0.000, k_ehc=0.000, k_renal=0.000
2026-02-17 13:29:39,723 - INFO - [GLOBAL FIT] PFDA Linear - Saved parameters to /Users/lucaprzygoda/Desktop/pfaa-pbtk-dairy-goats/results/optimization/global_fit/fit_PFDA_Linear.csv
2026-02-17 13:29:39,723 - INFO - [GLOBAL FIT] PFDA Linear - Completed in 23.0s
2026-02-17 13:29:39,724 - INFO - === Estimating pooled sigma from Stage 1 fits ===
2026-02-17 13:29:39,724 - INFO - [SIGMA EST] Estimating pooled sigma from 1 compound-isomer pairs (pooled residuals per matrix)...
2026-02-17 13:29:39,914 - INFO - [SIGMA EST] milk: pooled σ=0.633 (from 26 pooled residuals)
2026-02-17 13:29:39,914 - INFO - [SIGMA EST] plasma: pooled σ=0.281 (from 18 pooled residuals)
2026-02-17 13:29:39,914 - INFO - [SIGMA EST] liver: pooled σ=0.500 (from 2 pooled residuals)
2026-02-17 13:29:39,915 - INFO - [SIGMA EST] Saved pooled sigma estimates to /Users/lucaprzygoda/Desktop/pfaa-pbtk-dairy-goats/results/optimization/sigma_estimates/sigma_pooled.csv
2026-02-17 13:29:39,963 - INFO - Pooled sigma estimates computed successfully
2026-02-17 13:29:39,963 - INFO -   milk: σ=0.633
2026-02-17 13:29:39,963 - INFO -   muscle: σ=0.500
2026-02-17 13:29:39,963 - INFO -   plasma: σ=0.281
2026-02-17 13:29:39,963 - INFO -   intestine: σ=0.400
2026-02-17 13:29:39,963 - INFO -   lung: σ=0.500
2026-02-17 13:29:39,963 - INFO -   stomach: σ=0.400
2026-02-17 13:29:39,963 - INFO -   spleen: σ=0.500
2026-02-17 13:29:39,963 - INFO -   rest: σ=0.400
2026-02-17 13:29:39,963 - INFO -   liver: σ=0.500
2026-02-17 13:29:39,963 - INFO -   kidney: σ=0.500
2026-02-17 13:29:39,963 - INFO -   urine: σ=0.500
2026-02-17 13:29:39,963 - INFO -   brain: σ=0.500
2026-02-17 13:29:39,963 - INFO -   feces: σ=0.500
2026-02-17 13:29:39,963 - INFO -   heart: σ=0.500
2026-02-17 13:29:39,963 - INFO - [PHASE 1 / Stage 2] Censored-likelihood (Tobit) global fits using estimated sigma
2026-02-17 13:29:39,997 - INFO - [GLOBAL FIT] Starting PFDA Linear
2026-02-17 13:29:40,000 - INFO - [GLOBAL FIT] PFDA Linear - Data: 231 points, 3 matrices above LOQ, 3 animals
2026-02-17 13:29:40,002 - INFO - [GLOBAL FIT] PFDA Linear - Fitting parameters: ['k_a', 'k_elim']
2026-02-17 13:29:40,002 - INFO - [GLOBAL FIT] PFDA Linear - Fixed parameters: {'k_feces': 0.0, 'k_ehc': 0.0, 'k_renal': 0.0}
2026-02-17 13:30:04,980 - INFO - [GLOBAL FIT] PFDA Linear - Success: loss=-34.18, iterations=14
2026-02-17 13:30:04,980 - INFO - [GLOBAL FIT] PFDA Linear - Parameters: k_a=295.191, k_elim=0.153, k_feces=0.000, k_ehc=0.000, k_renal=0.000
2026-02-17 13:30:04,981 - INFO - [GLOBAL FIT] PFDA Linear - Saved parameters to /Users/lucaprzygoda/Desktop/pfaa-pbtk-dairy-goats/results/optimization/global_fit/fit_PFDA_Linear.csv
2026-02-17 13:30:04,982 - INFO - [GLOBAL FIT] PFDA Linear - Completed in 25.0s
2026-02-17 13:30:04,982 - INFO - === PHASE 1/3 COMPLETED ===
2026-02-17 13:30:04,983 - INFO - Global mean fits (two-stage): 1/1 successful in 48.3s
2026-02-17 13:30:04,983 - INFO - === PHASE 2: Running jackknife fits ===
2026-02-17 13:30:05,015 - INFO - [JACKKNIFE] Starting PFDA Linear
2026-02-17 13:30:05,028 - INFO - [JACKKNIFE] PFDA Linear - Processing animal E2 (1/3)
2026-02-17 13:30:21,921 - INFO - [JACKKNIFE] PFDA Linear - Animal E2 completed in 16.9s (loss=0.95)
2026-02-17 13:30:21,923 - INFO - [JACKKNIFE] PFDA Linear - Processing animal E3 (2/3)
2026-02-17 13:30:38,910 - INFO - [JACKKNIFE] PFDA Linear - Animal E3 completed in 17.0s (loss=1.02)
2026-02-17 13:30:38,911 - INFO - [JACKKNIFE] PFDA Linear - Processing animal E4 (3/3)
2026-02-17 13:30:55,724 - INFO - [JACKKNIFE] PFDA Linear - Animal E4 completed in 16.8s (loss=1.09)
2026-02-17 13:30:55,727 - INFO - [JACKKNIFE] PFDA Linear - Saved jackknife results to /Users/lucaprzygoda/Desktop/pfaa-pbtk-dairy-goats/results/optimization/jackknife/jackknife_PFDA_Linear_LOAO.csv
2026-02-17 13:30:55,727 - INFO - [JACKKNIFE] PFDA Linear - Completed in 50.7s
2026-02-17 13:30:55,728 - INFO - === PHASE 2/3 COMPLETED ===
2026-02-17 13:30:55,728 - INFO - Jackknife fits: 1/1 successful in 50.7s
2026-02-17 13:30:55,728 - INFO - === PHASE 3: Running Monte Carlo sampling ===
2026-02-17 13:30:55,761 - INFO - [MONTE CARLO] Starting PFDA Linear
2026-02-17 13:30:55,763 - INFO - [MONTE CARLO] PFDA Linear - Phase 1 point estimates (linear): [0.00000000e+00 1.52913947e-01 0.00000000e+00 2.95191204e+02
 0.00000000e+00]
2026-02-17 13:30:55,764 - INFO - [MONTE CARLO] PFDA Linear - Phase 1 central values (log10): [-12.          -0.8155529  -12.           2.47010341 -12.        ]
2026-02-17 13:30:55,764 - INFO - [MONTE CARLO] PFDA Linear - Jackknife stds (log10, diagonal): [0.         0.02072145 0.         0.05001714 0.        ]
2026-02-17 13:30:55,764 - INFO - [MONTE CARLO] PFDA Linear - Generating 10000 samples in log10-space around Phase 1 (diagonal covariance)
2026-02-17 13:30:55,765 - INFO - [MONTE CARLO] PFDA Linear - Sample means: [9.99908972e-13 1.53100144e-01 1.00051785e-12 2.97198607e+02
 1.00027976e-12]
2026-02-17 13:30:55,765 - INFO - [MONTE CARLO] PFDA Linear - Sample stds: [2.30587713e-14 7.31777880e-03 2.28428532e-14 3.48394332e+01
 2.31307166e-14]
2026-02-17 13:30:55,768 - INFO - [MONTE CARLO] PFDA Linear - Collecting predictions for: ['milk', 'muscle', 'plasma', 'lung', 'spleen', 'liver', 'kidney', 'urine', 'brain', 'feces', 'heart', 'elim']
2026-02-17 13:38:24,156 - INFO - [MONTE CARLO] PFDA Linear - Saved predictions to /Users/lucaprzygoda/Desktop/pfaa-pbtk-dairy-goats/results/optimization/monte_carlo/predictions_PFDA_Linear_monte_carlo.csv
2026-02-17 13:38:24,156 - INFO - [MONTE CARLO] PFDA Linear - Total samples: 10000 parameter draws × 3 animals = 30000 total predictions
2026-02-17 13:38:24,157 - INFO - [MONTE CARLO] PFDA Linear - Completed in 448.4s
2026-02-17 13:38:24,283 - INFO - === PHASE 3/3 COMPLETED ===
2026-02-17 13:38:24,284 - INFO - Monte Carlo sampling: 1/1 successful in 448.6s
2026-02-17 13:38:24,298 - INFO - === ALL PHASES COMPLETED ===
2026-02-17 13:38:24,298 - INFO - Total execution time: 547.7s (0.2 hours)
2026-02-17 13:38:24,298 - INFO - Success rates: Global=1/1, Jackknife=1/1, Monte Carlo=1/1
2026-02-17 13:38:24,298 - INFO - Average global fit time: 48.3s per compound
2026-02-17 13:38:24,298 - INFO - Average jackknife time: 50.7s per compound
2026-02-17 13:38:24,298 - INFO - Average Monte Carlo time: 448.6s per compound
2026-02-17 13:38:24,298 - INFO - Fully successful compounds: 1/1
