2026-03-02 15:18:13,197 - INFO - Loading data files...
2026-03-02 15:18:13,227 - INFO - Loaded intake and physiological data: 17766 intake rows, 3 animals with urine volumes, 3 animals with feces mass, 3 animals with milk yield series, 3 animals with body weight series
2026-03-02 15:18:13,227 - INFO - Determining compound-isomer pairs: hay concentration not 0 and at least one of [Brain, Feces, Heart, Kidney, Liver, Lung, Milk, Muscle, Plasma, Spleen, Urine] above LOQ.
2026-03-02 15:18:13,237 - INFO -   PFBA Linear: matrices above LOQ: Feces, Milk, Plasma, Urine
2026-03-02 15:18:13,240 - INFO -   PFPeA Linear: matrices above LOQ: Feces, Milk, Muscle, Urine
2026-03-02 15:18:13,242 - INFO -   PFHxA Linear: matrices above LOQ: Urine
2026-03-02 15:18:13,244 - INFO -   PFHpA Linear: matrices above LOQ: Urine
2026-03-02 15:18:13,247 - INFO -   PFOA Linear: matrices above LOQ: Brain, Feces, Milk, Plasma, Urine
2026-03-02 15:18:13,249 - INFO -   PFOA Branched: matrices above LOQ: Milk, Plasma, Urine
2026-03-02 15:18:13,251 - INFO -   PFDA Linear: matrices above LOQ: Liver, Milk, Plasma
2026-03-02 15:18:13,253 - INFO -   PFUnDA Linear: matrices above LOQ: Milk, Plasma
2026-03-02 15:18:13,256 - INFO -   PFDoDA Linear: matrices above LOQ: Milk, Plasma
2026-03-02 15:18:13,258 - INFO -   PFTrDA Linear: matrices above LOQ: Milk, Plasma
2026-03-02 15:18:13,260 - INFO -   PFTeDA Linear: matrices above LOQ: Plasma
2026-03-02 15:18:13,262 - INFO -   PFHxS Linear: matrices above LOQ: Milk, Plasma, Urine
2026-03-02 15:18:13,265 - INFO -   PFHpS Linear: matrices above LOQ: Milk, Plasma
2026-03-02 15:18:13,268 - INFO -   PFOS Linear: matrices above LOQ: Brain, Feces, Heart, Kidney, Liver, Lung, Milk, Muscle, Plasma, Spleen, Urine
2026-03-02 15:18:13,270 - INFO -   PFOS Branched: matrices above LOQ: Brain, Feces, Heart, Kidney, Liver, Lung, Milk, Muscle, Plasma, Spleen, Urine
2026-03-02 15:18:13,273 - INFO -   PFNS Linear: matrices above LOQ: Brain, Feces, Heart, Kidney, Liver, Lung, Milk, Muscle, Plasma, Spleen
2026-03-02 15:18:13,275 - INFO -   PFNS Branched: matrices above LOQ: Brain, Feces, Heart, Kidney, Liver, Lung, Milk, Muscle, Plasma, Spleen, Urine
2026-03-02 15:18:13,278 - INFO -   PFDS Linear: matrices above LOQ: Brain, Feces, Heart, Kidney, Liver, Lung, Milk, Muscle, Plasma, Spleen
2026-03-02 15:18:13,280 - INFO -   PFDS Branched: matrices above LOQ: Feces, Heart, Kidney, Liver, Lung, Milk, Plasma, Spleen
2026-03-02 15:18:13,282 - INFO -   PFUnDS Linear: matrices above LOQ: Brain, Feces, Milk, Plasma
2026-03-02 15:18:13,284 - INFO -   PFUnDS Branched: matrices above LOQ: Feces, Liver, Milk, Plasma
2026-03-02 15:18:13,286 - INFO -   PFDoDS Linear: matrices above LOQ: Brain, Feces, Milk, Plasma
2026-03-02 15:18:13,289 - INFO -   PFDoDS Branched: matrices above LOQ: Feces, Milk, Plasma
2026-03-02 15:18:13,291 - INFO -   PFTrDS Linear: matrices above LOQ: Brain, Feces, Milk
2026-03-02 15:18:13,294 - INFO -   PFTrDS Branched: matrices above LOQ: Feces, Milk, Plasma
2026-03-02 15:18:13,298 - INFO -   PFNA Linear: matrices above LOQ: Milk
2026-03-02 15:18:13,305 - INFO -   PFDA Branched: matrices above LOQ: Milk
2026-03-02 15:18:13,307 - INFO -   PFUnDA Branched: matrices above LOQ: Milk
2026-03-02 15:18:13,309 - INFO -   PFDoDA Branched: matrices above LOQ: Milk
2026-03-02 15:18:13,311 - INFO -   PFTrDA Branched: matrices above LOQ: Milk
2026-03-02 15:18:13,313 - INFO -   PFTeDA Branched: matrices above LOQ: Milk
2026-03-02 15:18:13,315 - INFO - Found 19 compounds (31 compound-isomer pairs) meeting criteria
2026-03-02 15:18:13,319 - INFO - 
All compound-isomer pairs to process (31 total):
2026-03-02 15:18:13,319 - INFO -   PFBA         | Linear    
2026-03-02 15:18:13,319 - INFO -   PFDA         | Branched  
2026-03-02 15:18:13,319 - INFO -   PFDA         | Linear    
2026-03-02 15:18:13,319 - INFO -   PFDS         | Branched  
2026-03-02 15:18:13,319 - INFO -   PFDS         | Linear    
2026-03-02 15:18:13,319 - INFO -   PFDoDA       | Branched  
2026-03-02 15:18:13,319 - INFO -   PFDoDA       | Linear    
2026-03-02 15:18:13,319 - INFO -   PFDoDS       | Branched  
2026-03-02 15:18:13,319 - INFO -   PFDoDS       | Linear    
2026-03-02 15:18:13,319 - INFO -   PFHpA        | Linear    
2026-03-02 15:18:13,319 - INFO -   PFHpS        | Linear    
2026-03-02 15:18:13,319 - INFO -   PFHxA        | Linear    
2026-03-02 15:18:13,319 - INFO -   PFHxS        | Linear    
2026-03-02 15:18:13,319 - INFO -   PFNA         | Linear    
2026-03-02 15:18:13,319 - INFO -   PFNS         | Branched  
2026-03-02 15:18:13,319 - INFO -   PFNS         | Linear    
2026-03-02 15:18:13,319 - INFO -   PFOA         | Branched  
2026-03-02 15:18:13,320 - INFO -   PFOA         | Linear    
2026-03-02 15:18:13,320 - INFO -   PFOS         | Branched  
2026-03-02 15:18:13,320 - INFO -   PFOS         | Linear    
2026-03-02 15:18:13,320 - INFO -   PFPeA        | Linear    
2026-03-02 15:18:13,320 - INFO -   PFTeDA       | Branched  
2026-03-02 15:18:13,320 - INFO -   PFTeDA       | Linear    
2026-03-02 15:18:13,320 - INFO -   PFTrDA       | Branched  
2026-03-02 15:18:13,320 - INFO -   PFTrDA       | Linear    
2026-03-02 15:18:13,320 - INFO -   PFTrDS       | Branched  
2026-03-02 15:18:13,320 - INFO -   PFTrDS       | Linear    
2026-03-02 15:18:13,320 - INFO -   PFUnDA       | Branched  
2026-03-02 15:18:13,320 - INFO -   PFUnDA       | Linear    
2026-03-02 15:18:13,320 - INFO -   PFUnDS       | Branched  
2026-03-02 15:18:13,320 - INFO -   PFUnDS       | Linear    
2026-03-02 15:18:13,320 - INFO - 
2026-03-02 15:18:13,320 - INFO - === STARTING FULL MONTE CARLO RUN ===
2026-03-02 15:18:13,320 - INFO - Total compounds to process: 1
2026-03-02 15:18:13,335 - INFO - === PHASE 1: Running global mean fits (two-stage: log-RMSE then censored likelihood) ===
2026-03-02 15:18:13,335 - INFO - [PHASE 1 / Stage 1] Log-RMSE global fits (no sigma needed)
2026-03-02 15:18:13,372 - INFO - [GLOBAL FIT] Starting PFHxS Linear
2026-03-02 15:18:13,376 - INFO - [GLOBAL FIT] PFHxS Linear - Data: 231 points, 3 matrices above LOQ, 3 animals
2026-03-02 15:18:13,379 - INFO - [GLOBAL FIT] PFHxS Linear - Fitting parameters: ['k_elim', 'k_a', 'k_urine']
2026-03-02 15:18:13,379 - INFO - [GLOBAL FIT] PFHxS Linear - Fixed parameters: {'k_feces': 0.0, 'k_ehc': 0.0}
2026-03-02 15:18:54,868 - INFO - [GLOBAL FIT] PFHxS Linear - Success: loss=1.32, iterations=18
2026-03-02 15:18:54,868 - INFO - [GLOBAL FIT] PFHxS Linear - Parameters: k_elim=0.114, k_a=283.816, k_urine=0.162, k_feces=0.000, k_ehc=0.000
2026-03-02 15:18:54,870 - INFO - [GLOBAL FIT] PFHxS Linear - Saved parameters to /Users/lucaprzygoda/Desktop/pfaa-pbtk-dairy-goats/results/optimization/global_fit/fit_PFHxS_Linear.csv
2026-03-02 15:18:54,870 - INFO - [GLOBAL FIT] PFHxS Linear - Completed in 41.5s
2026-03-02 15:18:54,871 - INFO - === Estimating pooled sigma from Stage 1 fits ===
2026-03-02 15:18:54,872 - INFO - [SIGMA EST] Estimating pooled sigma from 1 compound-isomer pairs (pooled residuals per matrix)...
2026-03-02 15:18:55,050 - INFO - [SIGMA EST] urine: pooled σ=0.125 (from 3 pooled residuals)
2026-03-02 15:18:55,050 - INFO - [SIGMA EST] plasma: pooled σ=0.758 (from 14 pooled residuals)
2026-03-02 15:18:55,050 - INFO - [SIGMA EST] milk: pooled σ=0.746 (from 15 pooled residuals)
2026-03-02 15:18:55,051 - INFO - [SIGMA EST] Saved pooled sigma estimates to /Users/lucaprzygoda/Desktop/pfaa-pbtk-dairy-goats/results/optimization/sigma_estimates/sigma_pooled.csv
2026-03-02 15:18:55,095 - INFO - Pooled sigma estimates computed successfully
2026-03-02 15:18:55,095 - INFO -   urine: σ=0.125
2026-03-02 15:18:55,095 - INFO -   intestine: σ=0.400
2026-03-02 15:18:55,095 - INFO -   brain: σ=0.500
2026-03-02 15:18:55,095 - INFO -   lung: σ=0.500
2026-03-02 15:18:55,095 - INFO -   kidney: σ=0.500
2026-03-02 15:18:55,095 - INFO -   muscle: σ=0.500
2026-03-02 15:18:55,095 - INFO -   plasma: σ=0.758
2026-03-02 15:18:55,095 - INFO -   heart: σ=0.500
2026-03-02 15:18:55,095 - INFO -   spleen: σ=0.500
2026-03-02 15:18:55,095 - INFO -   liver: σ=0.500
2026-03-02 15:18:55,095 - INFO -   rest: σ=0.400
2026-03-02 15:18:55,095 - INFO -   feces: σ=0.500
2026-03-02 15:18:55,095 - INFO -   milk: σ=0.746
2026-03-02 15:18:55,095 - INFO -   stomach: σ=0.400
2026-03-02 15:18:55,095 - INFO - [PHASE 1 / Stage 2] Censored-likelihood (Tobit) global fits using estimated sigma
2026-03-02 15:18:55,129 - INFO - [GLOBAL FIT] Starting PFHxS Linear
2026-03-02 15:18:55,132 - INFO - [GLOBAL FIT] PFHxS Linear - Data: 231 points, 3 matrices above LOQ, 3 animals
2026-03-02 15:18:55,134 - INFO - [GLOBAL FIT] PFHxS Linear - Fitting parameters: ['k_elim', 'k_a', 'k_urine']
2026-03-02 15:18:55,134 - INFO - [GLOBAL FIT] PFHxS Linear - Fixed parameters: {'k_feces': 0.0, 'k_ehc': 0.0}
2026-03-02 15:19:47,236 - INFO - [GLOBAL FIT] PFHxS Linear - Success: loss=-5.58, iterations=22
2026-03-02 15:19:47,237 - INFO - [GLOBAL FIT] PFHxS Linear - Parameters: k_elim=0.144, k_a=216.833, k_urine=0.185, k_feces=0.000, k_ehc=0.000
2026-03-02 15:19:47,238 - INFO - [GLOBAL FIT] PFHxS Linear - Saved parameters to /Users/lucaprzygoda/Desktop/pfaa-pbtk-dairy-goats/results/optimization/global_fit/fit_PFHxS_Linear.csv
2026-03-02 15:19:47,238 - INFO - [GLOBAL FIT] PFHxS Linear - Completed in 52.1s
2026-03-02 15:19:47,239 - INFO - === PHASE 1/3 COMPLETED ===
2026-03-02 15:19:47,239 - INFO - Global mean fits (two-stage): 1/1 successful in 93.9s
2026-03-02 15:19:47,239 - INFO - === PHASE 2: Running jackknife fits ===
2026-03-02 15:19:47,274 - INFO - [JACKKNIFE] Starting PFHxS Linear
2026-03-02 15:19:47,287 - INFO - [JACKKNIFE] PFHxS Linear - Processing animal E2 (1/3)
2026-03-02 15:20:15,938 - INFO - [JACKKNIFE] PFHxS Linear - Animal E2 completed in 28.7s (loss=-11.43)
2026-03-02 15:20:15,938 - INFO - [JACKKNIFE] PFHxS Linear - Processing animal E3 (2/3)
2026-03-02 15:21:02,535 - INFO - [JACKKNIFE] PFHxS Linear - Animal E3 completed in 46.6s (loss=0.20)
2026-03-02 15:21:02,536 - INFO - [JACKKNIFE] PFHxS Linear - Processing animal E4 (3/3)
2026-03-02 15:21:40,332 - INFO - [JACKKNIFE] PFHxS Linear - Animal E4 completed in 37.8s (loss=-4.61)
2026-03-02 15:21:40,334 - INFO - [JACKKNIFE] PFHxS Linear - Saved jackknife results to /Users/lucaprzygoda/Desktop/pfaa-pbtk-dairy-goats/results/optimization/jackknife/jackknife_PFHxS_Linear_LOAO.csv
2026-03-02 15:21:40,335 - INFO - [JACKKNIFE] PFHxS Linear - Completed in 113.1s
2026-03-02 15:21:40,335 - INFO - === PHASE 2/3 COMPLETED ===
2026-03-02 15:21:40,335 - INFO - Jackknife fits: 1/1 successful in 113.1s
2026-03-02 15:21:40,335 - INFO - === PHASE 3: Running Monte Carlo sampling ===
2026-03-02 15:21:40,370 - INFO - [MONTE CARLO] Starting PFHxS Linear
2026-03-02 15:21:41,239 - INFO - [MONTE CARLO] PFHxS Linear - Using Hessian full covariance (log10)
2026-03-02 15:21:41,240 - INFO - [MONTE CARLO] PFHxS Linear - Phase 1 point estimates (linear): [0.00000000e+00 1.44173013e-01 1.84982075e-01 2.16833404e+02
 0.00000000e+00]
2026-03-02 15:21:41,240 - INFO - [MONTE CARLO] PFHxS Linear - Phase 1 central values (log10): [-12.          -0.84111603  -0.73287035   2.33612619 -12.        ]
2026-03-02 15:21:41,240 - INFO - [MONTE CARLO] PFHxS Linear - Generating 10000 samples in log10-space (full covariance)
2026-03-02 15:21:41,241 - INFO - [MONTE CARLO] PFHxS Linear - Sample means: [1.00000000e-12 1.47095689e-01 1.86541180e-01 8.08748983e+15
 1.00000000e-12]
2026-03-02 15:21:41,241 - INFO - [MONTE CARLO] PFHxS Linear - Sample stds: [2.92825168e-26 2.73806750e-02 2.52498857e-02 7.07262718e+17
 2.92825168e-26]
2026-03-02 15:21:41,243 - INFO - [MONTE CARLO] PFHxS Linear - Collecting predictions for: ['urine', 'lung', 'brain', 'kidney', 'muscle', 'plasma', 'heart', 'spleen', 'liver', 'feces', 'milk', 'elim']
2026-03-02 15:22:40,069 - ERROR - [MONTE CARLO] PFHxS Linear - FAILED after 59.7s: Model solution contains NaN or infinite values at index 0
Traceback (most recent call last):
  File "/Users/lucaprzygoda/Desktop/pfaa-pbtk-dairy-goats/optimization/mc.py", line 262, in run_monte_carlo_for_pair
    pred, all_params = simulate_model(params, sim_configs[i], context)
                       ~~~~~~~~~~~~~~^^^^^^^^^^^^^^^^^^^^^^^^^^^^^^^^^
  File "/Users/lucaprzygoda/Desktop/pfaa-pbtk-dairy-goats/optimization/fit.py", line 136, in simulate_model
    raise ValueError(f"Model solution contains NaN or infinite values at index {i}")
ValueError: Model solution contains NaN or infinite values at index 0
2026-03-02 15:22:40,082 - INFO - === PHASE 3/3 COMPLETED ===
2026-03-02 15:22:40,082 - INFO - Monte Carlo sampling: 0/1 successful in 59.7s
2026-03-02 15:22:40,086 - INFO - === ALL PHASES COMPLETED ===
2026-03-02 15:22:40,086 - INFO - Total execution time: 266.8s (0.1 hours)
2026-03-02 15:22:40,086 - INFO - Success rates: Global=1/1, Jackknife=1/1, Monte Carlo=0/1
2026-03-02 15:22:40,086 - INFO - Average global fit time: 93.9s per compound
2026-03-02 15:22:40,086 - INFO - Average jackknife time: 113.1s per compound
2026-03-02 15:22:40,086 - INFO - Fully successful compounds: 0/1
