2026-02-17 08:30:58,390 - INFO - Loading data files...
2026-02-17 08:30:58,409 - INFO - Loaded intake and physiological data: 17766 intake rows, 3 animals with urine volumes, 3 animals with feces mass, 3 animals with milk yield series, 3 animals with body weight series
2026-02-17 08:30:58,409 - INFO - Determining compound-isomer pairs: hay concentration not 0 and at least one of [Brain, Feces, Heart, Kidney, Liver, Lung, Milk, Muscle, Plasma, Spleen, Urine] above LOQ.
2026-02-17 08:30:58,416 - INFO -   PFBA Linear: matrices above LOQ: Feces, Milk, Plasma, Urine
2026-02-17 08:30:58,419 - INFO -   PFPeA Linear: matrices above LOQ: Feces, Milk, Muscle, Urine
2026-02-17 08:30:58,421 - INFO -   PFHxA Linear: matrices above LOQ: Urine
2026-02-17 08:30:58,423 - INFO -   PFHpA Linear: matrices above LOQ: Urine
2026-02-17 08:30:58,426 - INFO -   PFOA Linear: matrices above LOQ: Brain, Feces, Milk, Plasma, Urine
2026-02-17 08:30:58,428 - INFO -   PFOA Branched: matrices above LOQ: Milk, Plasma, Urine
2026-02-17 08:30:58,430 - INFO -   PFDA Linear: matrices above LOQ: Liver, Milk, Plasma
2026-02-17 08:30:58,432 - INFO -   PFUnDA Linear: matrices above LOQ: Milk, Plasma
2026-02-17 08:30:58,434 - INFO -   PFDoDA Linear: matrices above LOQ: Milk, Plasma
2026-02-17 08:30:58,437 - INFO -   PFTrDA Linear: matrices above LOQ: Milk, Plasma
2026-02-17 08:30:58,439 - INFO -   PFTeDA Linear: matrices above LOQ: Plasma
2026-02-17 08:30:58,441 - INFO -   PFHxS Linear: matrices above LOQ: Milk, Plasma, Urine
2026-02-17 08:30:58,444 - INFO -   PFHpS Linear: matrices above LOQ: Milk, Plasma
2026-02-17 08:30:58,447 - INFO -   PFOS Linear: matrices above LOQ: Brain, Feces, Heart, Kidney, Liver, Lung, Milk, Muscle, Plasma, Spleen, Urine
2026-02-17 08:30:58,449 - INFO -   PFOS Branched: matrices above LOQ: Brain, Feces, Heart, Kidney, Liver, Lung, Milk, Muscle, Plasma, Spleen, Urine
2026-02-17 08:30:58,452 - INFO -   PFNS Linear: matrices above LOQ: Brain, Feces, Heart, Kidney, Liver, Lung, Milk, Muscle, Plasma, Spleen
2026-02-17 08:30:58,454 - INFO -   PFNS Branched: matrices above LOQ: Brain, Feces, Heart, Kidney, Liver, Lung, Milk, Muscle, Plasma, Spleen, Urine
2026-02-17 08:30:58,456 - INFO -   PFDS Linear: matrices above LOQ: Brain, Feces, Heart, Kidney, Liver, Lung, Milk, Muscle, Plasma, Spleen
2026-02-17 08:30:58,459 - INFO -   PFDS Branched: matrices above LOQ: Feces, Heart, Kidney, Liver, Lung, Milk, Plasma, Spleen
2026-02-17 08:30:58,461 - INFO -   PFUnDS Linear: matrices above LOQ: Brain, Feces, Milk, Plasma
2026-02-17 08:30:58,463 - INFO -   PFUnDS Branched: matrices above LOQ: Feces, Liver, Milk, Plasma
2026-02-17 08:30:58,466 - INFO -   PFDoDS Linear: matrices above LOQ: Brain, Feces, Milk, Plasma
2026-02-17 08:30:58,468 - INFO -   PFDoDS Branched: matrices above LOQ: Feces, Milk, Plasma
2026-02-17 08:30:58,470 - INFO -   PFTrDS Linear: matrices above LOQ: Brain, Feces, Milk
2026-02-17 08:30:58,473 - INFO -   PFTrDS Branched: matrices above LOQ: Feces, Milk, Plasma
2026-02-17 08:30:58,476 - INFO -   PFNA Linear: matrices above LOQ: Milk
2026-02-17 08:30:58,484 - INFO -   PFDA Branched: matrices above LOQ: Milk
2026-02-17 08:30:58,486 - INFO -   PFUnDA Branched: matrices above LOQ: Milk
2026-02-17 08:30:58,487 - INFO -   PFDoDA Branched: matrices above LOQ: Milk
2026-02-17 08:30:58,489 - INFO -   PFTrDA Branched: matrices above LOQ: Milk
2026-02-17 08:30:58,491 - INFO -   PFTeDA Branched: matrices above LOQ: Milk
2026-02-17 08:30:58,493 - INFO - Found 19 compounds (31 compound-isomer pairs) meeting criteria
2026-02-17 08:30:58,497 - INFO - 
All compound-isomer pairs to process (31 total):
2026-02-17 08:30:58,497 - INFO -   PFBA         | Linear    
2026-02-17 08:30:58,497 - INFO -   PFDA         | Branched  
2026-02-17 08:30:58,497 - INFO -   PFDA         | Linear    
2026-02-17 08:30:58,497 - INFO -   PFDS         | Branched  
2026-02-17 08:30:58,497 - INFO -   PFDS         | Linear    
2026-02-17 08:30:58,497 - INFO -   PFDoDA       | Branched  
2026-02-17 08:30:58,497 - INFO -   PFDoDA       | Linear    
2026-02-17 08:30:58,497 - INFO -   PFDoDS       | Branched  
2026-02-17 08:30:58,497 - INFO -   PFDoDS       | Linear    
2026-02-17 08:30:58,497 - INFO -   PFHpA        | Linear    
2026-02-17 08:30:58,497 - INFO -   PFHpS        | Linear    
2026-02-17 08:30:58,497 - INFO -   PFHxA        | Linear    
2026-02-17 08:30:58,497 - INFO -   PFHxS        | Linear    
2026-02-17 08:30:58,497 - INFO -   PFNA         | Linear    
2026-02-17 08:30:58,497 - INFO -   PFNS         | Branched  
2026-02-17 08:30:58,498 - INFO -   PFNS         | Linear    
2026-02-17 08:30:58,498 - INFO -   PFOA         | Branched  
2026-02-17 08:30:58,498 - INFO -   PFOA         | Linear    
2026-02-17 08:30:58,498 - INFO -   PFOS         | Branched  
2026-02-17 08:30:58,498 - INFO -   PFOS         | Linear    
2026-02-17 08:30:58,498 - INFO -   PFPeA        | Linear    
2026-02-17 08:30:58,498 - INFO -   PFTeDA       | Branched  
2026-02-17 08:30:58,498 - INFO -   PFTeDA       | Linear    
2026-02-17 08:30:58,498 - INFO -   PFTrDA       | Branched  
2026-02-17 08:30:58,498 - INFO -   PFTrDA       | Linear    
2026-02-17 08:30:58,498 - INFO -   PFTrDS       | Branched  
2026-02-17 08:30:58,498 - INFO -   PFTrDS       | Linear    
2026-02-17 08:30:58,498 - INFO -   PFUnDA       | Branched  
2026-02-17 08:30:58,498 - INFO -   PFUnDA       | Linear    
2026-02-17 08:30:58,498 - INFO -   PFUnDS       | Branched  
2026-02-17 08:30:58,498 - INFO -   PFUnDS       | Linear    
2026-02-17 08:30:58,498 - INFO - 
2026-02-17 08:30:58,498 - INFO - === STARTING FULL MONTE CARLO RUN ===
2026-02-17 08:30:58,498 - INFO - Total compounds to process: 1
2026-02-17 08:30:58,511 - INFO - === PHASE 1: Running global mean fits ===
2026-02-17 08:30:58,548 - INFO - [GLOBAL FIT] Starting PFOS Linear
2026-02-17 08:30:58,552 - INFO - [GLOBAL FIT] PFOS Linear - Data: 231 points, 11 matrices above LOQ, 3 animals
2026-02-17 08:30:58,555 - INFO - [GLOBAL FIT] PFOS Linear - Fitting parameters: ['k_a', 'k_elim', 'k_feces', 'k_ehc', 'k_renal']
2026-02-17 08:32:45,462 - INFO - [GLOBAL FIT] PFOS Linear - Success: loss=248.66, iterations=33
2026-02-17 08:32:45,463 - INFO - [GLOBAL FIT] PFOS Linear - Parameters: k_a=0.458, k_elim=0.118, k_feces=0.026, k_ehc=0.399, k_renal=0.039
2026-02-17 08:32:45,465 - INFO - [GLOBAL FIT] PFOS Linear - Saved parameters to /Users/lucaprzygoda/Desktop/pfaa-pbtk-dairy-goats/results/optimization/global_fit/fit_PFOS_Linear.csv
2026-02-17 08:32:45,465 - INFO - [GLOBAL FIT] PFOS Linear - Completed in 106.9s
2026-02-17 08:32:45,466 - INFO - === PHASE 1/3 COMPLETED ===
2026-02-17 08:32:45,466 - INFO - Global mean fits: 1/1 successful in 107.0s
2026-02-17 08:32:45,466 - INFO - === Estimating pooled sigma from all fits ===
2026-02-17 08:32:45,467 - INFO - [SIGMA EST] Estimating pooled sigma from 1 compound-isomer pairs (pooled residuals per matrix)...
2026-02-17 08:32:45,627 - INFO - [SIGMA EST] plasma: pooled σ=0.317 (from 24 pooled residuals)
2026-02-17 08:32:45,628 - INFO - [SIGMA EST] liver: pooled σ=0.177 (from 3 pooled residuals)
2026-02-17 08:32:45,628 - INFO - [SIGMA EST] spleen: pooled σ=0.168 (from 3 pooled residuals)
2026-02-17 08:32:45,628 - INFO - [SIGMA EST] feces: pooled σ=0.370 (from 13 pooled residuals)
2026-02-17 08:32:45,628 - INFO - [SIGMA EST] urine: pooled σ=0.381 (from 6 pooled residuals)
2026-02-17 08:32:45,628 - INFO - [SIGMA EST] milk: pooled σ=0.547 (from 27 pooled residuals)
2026-02-17 08:32:45,628 - INFO - [SIGMA EST] lung: pooled σ=0.255 (from 3 pooled residuals)
2026-02-17 08:32:45,628 - INFO - [SIGMA EST] muscle: pooled σ=0.247 (from 3 pooled residuals)
2026-02-17 08:32:45,628 - INFO - [SIGMA EST] heart: pooled σ=0.128 (from 3 pooled residuals)
2026-02-17 08:32:45,628 - INFO - [SIGMA EST] brain: pooled σ=0.193 (from 3 pooled residuals)
2026-02-17 08:32:45,628 - INFO - [SIGMA EST] kidney: pooled σ=0.544 (from 3 pooled residuals)
2026-02-17 08:32:45,630 - INFO - [SIGMA EST] Saved pooled sigma estimates to /Users/lucaprzygoda/Desktop/pfaa-pbtk-dairy-goats/results/optimization/sigma_estimates/sigma_pooled.csv
2026-02-17 08:32:45,671 - INFO - Pooled sigma estimates computed successfully
2026-02-17 08:32:45,671 - INFO -   plasma: σ=0.317
2026-02-17 08:32:45,671 - INFO -   liver: σ=0.177
2026-02-17 08:32:45,671 - INFO -   spleen: σ=0.168
2026-02-17 08:32:45,671 - INFO -   feces: σ=0.370
2026-02-17 08:32:45,671 - INFO -   urine: σ=0.381
2026-02-17 08:32:45,671 - INFO -   milk: σ=0.547
2026-02-17 08:32:45,671 - INFO -   lung: σ=0.255
2026-02-17 08:32:45,671 - INFO -   muscle: σ=0.247
2026-02-17 08:32:45,671 - INFO -   heart: σ=0.128
2026-02-17 08:32:45,671 - INFO -   brain: σ=0.193
2026-02-17 08:32:45,671 - INFO -   stomach: σ=0.400
2026-02-17 08:32:45,671 - INFO -   rest: σ=0.400
2026-02-17 08:32:45,671 - INFO -   kidney: σ=0.544
2026-02-17 08:32:45,671 - INFO -   intestine: σ=0.400
2026-02-17 08:32:45,671 - INFO - === PHASE 2: Running jackknife fits ===
2026-02-17 08:32:45,705 - INFO - [JACKKNIFE] Starting PFOS Linear
2026-02-17 08:32:45,717 - INFO - [JACKKNIFE] PFOS Linear - Processing animal E2 (1/3)
2026-02-17 08:34:12,799 - INFO - [JACKKNIFE] PFOS Linear - Animal E2 completed in 87.1s (loss=155.62)
2026-02-17 08:34:12,801 - INFO - [JACKKNIFE] PFOS Linear - Processing animal E3 (2/3)
2026-02-17 08:35:23,516 - INFO - [JACKKNIFE] PFOS Linear - Animal E3 completed in 70.7s (loss=168.62)
2026-02-17 08:35:23,517 - INFO - [JACKKNIFE] PFOS Linear - Processing animal E4 (3/3)
2026-02-17 08:36:35,518 - INFO - [JACKKNIFE] PFOS Linear - Animal E4 completed in 72.0s (loss=158.95)
2026-02-17 08:36:35,521 - INFO - [JACKKNIFE] PFOS Linear - Saved jackknife results to /Users/lucaprzygoda/Desktop/pfaa-pbtk-dairy-goats/results/optimization/jackknife/jackknife_PFOS_Linear_LOAO.csv
2026-02-17 08:36:35,522 - INFO - [JACKKNIFE] PFOS Linear - Completed in 229.8s
2026-02-17 08:36:35,522 - INFO - === PHASE 2/3 COMPLETED ===
2026-02-17 08:36:35,522 - INFO - Jackknife fits: 1/1 successful in 229.9s
2026-02-17 08:36:35,522 - INFO - === PHASE 3: Running Monte Carlo sampling ===
2026-02-17 08:36:35,557 - INFO - [MONTE CARLO] Starting PFOS Linear
2026-02-17 08:36:35,559 - INFO - [MONTE CARLO] PFOS Linear - Phase 1 point estimates (linear): [0.39934039 0.11798957 0.03876981 0.45766205 0.02629416]
2026-02-17 08:36:35,560 - INFO - [MONTE CARLO] PFOS Linear - Phase 1 central values (log10): [-0.39865676 -0.92815638 -1.41150634 -0.3394551  -1.58014069]
2026-02-17 08:36:35,560 - INFO - [MONTE CARLO] PFOS Linear - Jackknife stds (log10, diagonal): [0.24119937 0.04621088 0.01735637 0.14452368 0.06907134]
2026-02-17 08:36:35,560 - INFO - [MONTE CARLO] PFOS Linear - Generating 10000 samples in log10-space around Phase 1 (diagonal covariance)
2026-02-17 08:36:35,561 - INFO - [MONTE CARLO] PFOS Linear - Sample means: [0.46229567 0.11868112 0.03881757 0.48441973 0.02663405]
2026-02-17 08:36:35,562 - INFO - [MONTE CARLO] PFOS Linear - Sample stds: [0.28123931 0.0126843  0.00153856 0.16791602 0.00428524]
2026-02-17 08:36:35,564 - INFO - [MONTE CARLO] PFOS Linear - Collecting predictions for: ['plasma', 'liver', 'spleen', 'feces', 'urine', 'milk', 'lung', 'muscle', 'heart', 'brain', 'kidney', 'elim']
2026-02-17 08:42:49,926 - INFO - [MONTE CARLO] PFOS Linear - Saved predictions to /Users/lucaprzygoda/Desktop/pfaa-pbtk-dairy-goats/results/optimization/monte_carlo/predictions_PFOS_Linear_monte_carlo.csv
2026-02-17 08:42:49,927 - INFO - [MONTE CARLO] PFOS Linear - Total samples: 10000 parameter draws × 3 animals = 30000 total predictions
2026-02-17 08:42:49,927 - INFO - [MONTE CARLO] PFOS Linear - Completed in 374.4s
2026-02-17 08:42:50,051 - INFO - === PHASE 3/3 COMPLETED ===
2026-02-17 08:42:50,051 - INFO - Monte Carlo sampling: 1/1 successful in 374.5s
2026-02-17 08:42:50,060 - INFO - === ALL PHASES COMPLETED ===
2026-02-17 08:42:50,060 - INFO - Total execution time: 711.6s (0.2 hours)
2026-02-17 08:42:50,060 - INFO - Success rates: Global=1/1, Jackknife=1/1, Monte Carlo=1/1
2026-02-17 08:42:50,060 - INFO - Average global fit time: 107.0s per compound
2026-02-17 08:42:50,060 - INFO - Average jackknife time: 229.9s per compound
2026-02-17 08:42:50,060 - INFO - Average Monte Carlo time: 374.5s per compound
2026-02-17 08:42:50,060 - INFO - Fully successful compounds: 1/1
