2026-02-17 13:00:40,836 - INFO - Loading data files...
2026-02-17 13:00:40,855 - INFO - Loaded intake and physiological data: 17766 intake rows, 3 animals with urine volumes, 3 animals with feces mass, 3 animals with milk yield series, 3 animals with body weight series
2026-02-17 13:00:40,855 - INFO - Determining compound-isomer pairs: hay concentration not 0 and at least one of [Brain, Feces, Heart, Kidney, Liver, Lung, Milk, Muscle, Plasma, Spleen, Urine] above LOQ.
2026-02-17 13:00:40,863 - INFO -   PFBA Linear: matrices above LOQ: Feces, Milk, Plasma, Urine
2026-02-17 13:00:40,865 - INFO -   PFPeA Linear: matrices above LOQ: Feces, Milk, Muscle, Urine
2026-02-17 13:00:40,867 - INFO -   PFHxA Linear: matrices above LOQ: Urine
2026-02-17 13:00:40,869 - INFO -   PFHpA Linear: matrices above LOQ: Urine
2026-02-17 13:00:40,872 - INFO -   PFOA Linear: matrices above LOQ: Brain, Feces, Milk, Plasma, Urine
2026-02-17 13:00:40,875 - INFO -   PFOA Branched: matrices above LOQ: Milk, Plasma, Urine
2026-02-17 13:00:40,877 - INFO -   PFDA Linear: matrices above LOQ: Liver, Milk, Plasma
2026-02-17 13:00:40,879 - INFO -   PFUnDA Linear: matrices above LOQ: Milk, Plasma
2026-02-17 13:00:40,881 - INFO -   PFDoDA Linear: matrices above LOQ: Milk, Plasma
2026-02-17 13:00:40,884 - INFO -   PFTrDA Linear: matrices above LOQ: Milk, Plasma
2026-02-17 13:00:40,886 - INFO -   PFTeDA Linear: matrices above LOQ: Plasma
2026-02-17 13:00:40,888 - INFO -   PFHxS Linear: matrices above LOQ: Milk, Plasma, Urine
2026-02-17 13:00:40,891 - INFO -   PFHpS Linear: matrices above LOQ: Milk, Plasma
2026-02-17 13:00:40,894 - INFO -   PFOS Linear: matrices above LOQ: Brain, Feces, Heart, Kidney, Liver, Lung, Milk, Muscle, Plasma, Spleen, Urine
2026-02-17 13:00:40,896 - INFO -   PFOS Branched: matrices above LOQ: Brain, Feces, Heart, Kidney, Liver, Lung, Milk, Muscle, Plasma, Spleen, Urine
2026-02-17 13:00:40,899 - INFO -   PFNS Linear: matrices above LOQ: Brain, Feces, Heart, Kidney, Liver, Lung, Milk, Muscle, Plasma, Spleen
2026-02-17 13:00:40,901 - INFO -   PFNS Branched: matrices above LOQ: Brain, Feces, Heart, Kidney, Liver, Lung, Milk, Muscle, Plasma, Spleen, Urine
2026-02-17 13:00:40,904 - INFO -   PFDS Linear: matrices above LOQ: Brain, Feces, Heart, Kidney, Liver, Lung, Milk, Muscle, Plasma, Spleen
2026-02-17 13:00:40,906 - INFO -   PFDS Branched: matrices above LOQ: Feces, Heart, Kidney, Liver, Lung, Milk, Plasma, Spleen
2026-02-17 13:00:40,908 - INFO -   PFUnDS Linear: matrices above LOQ: Brain, Feces, Milk, Plasma
2026-02-17 13:00:40,910 - INFO -   PFUnDS Branched: matrices above LOQ: Feces, Liver, Milk, Plasma
2026-02-17 13:00:40,913 - INFO -   PFDoDS Linear: matrices above LOQ: Brain, Feces, Milk, Plasma
2026-02-17 13:00:40,915 - INFO -   PFDoDS Branched: matrices above LOQ: Feces, Milk, Plasma
2026-02-17 13:00:40,917 - INFO -   PFTrDS Linear: matrices above LOQ: Brain, Feces, Milk
2026-02-17 13:00:40,920 - INFO -   PFTrDS Branched: matrices above LOQ: Feces, Milk, Plasma
2026-02-17 13:00:40,924 - INFO -   PFNA Linear: matrices above LOQ: Milk
2026-02-17 13:00:40,931 - INFO -   PFDA Branched: matrices above LOQ: Milk
2026-02-17 13:00:40,933 - INFO -   PFUnDA Branched: matrices above LOQ: Milk
2026-02-17 13:00:40,935 - INFO -   PFDoDA Branched: matrices above LOQ: Milk
2026-02-17 13:00:40,936 - INFO -   PFTrDA Branched: matrices above LOQ: Milk
2026-02-17 13:00:40,938 - INFO -   PFTeDA Branched: matrices above LOQ: Milk
2026-02-17 13:00:40,940 - INFO - Found 19 compounds (31 compound-isomer pairs) meeting criteria
2026-02-17 13:00:40,945 - INFO - 
All compound-isomer pairs to process (31 total):
2026-02-17 13:00:40,945 - INFO -   PFBA         | Linear    
2026-02-17 13:00:40,945 - INFO -   PFDA         | Branched  
2026-02-17 13:00:40,945 - INFO -   PFDA         | Linear    
2026-02-17 13:00:40,945 - INFO -   PFDS         | Branched  
2026-02-17 13:00:40,945 - INFO -   PFDS         | Linear    
2026-02-17 13:00:40,945 - INFO -   PFDoDA       | Branched  
2026-02-17 13:00:40,945 - INFO -   PFDoDA       | Linear    
2026-02-17 13:00:40,945 - INFO -   PFDoDS       | Branched  
2026-02-17 13:00:40,945 - INFO -   PFDoDS       | Linear    
2026-02-17 13:00:40,945 - INFO -   PFHpA        | Linear    
2026-02-17 13:00:40,945 - INFO -   PFHpS        | Linear    
2026-02-17 13:00:40,945 - INFO -   PFHxA        | Linear    
2026-02-17 13:00:40,945 - INFO -   PFHxS        | Linear    
2026-02-17 13:00:40,945 - INFO -   PFNA         | Linear    
2026-02-17 13:00:40,946 - INFO -   PFNS         | Branched  
2026-02-17 13:00:40,946 - INFO -   PFNS         | Linear    
2026-02-17 13:00:40,946 - INFO -   PFOA         | Branched  
2026-02-17 13:00:40,946 - INFO -   PFOA         | Linear    
2026-02-17 13:00:40,946 - INFO -   PFOS         | Branched  
2026-02-17 13:00:40,946 - INFO -   PFOS         | Linear    
2026-02-17 13:00:40,946 - INFO -   PFPeA        | Linear    
2026-02-17 13:00:40,946 - INFO -   PFTeDA       | Branched  
2026-02-17 13:00:40,946 - INFO -   PFTeDA       | Linear    
2026-02-17 13:00:40,946 - INFO -   PFTrDA       | Branched  
2026-02-17 13:00:40,946 - INFO -   PFTrDA       | Linear    
2026-02-17 13:00:40,946 - INFO -   PFTrDS       | Branched  
2026-02-17 13:00:40,946 - INFO -   PFTrDS       | Linear    
2026-02-17 13:00:40,946 - INFO -   PFUnDA       | Branched  
2026-02-17 13:00:40,946 - INFO -   PFUnDA       | Linear    
2026-02-17 13:00:40,946 - INFO -   PFUnDS       | Branched  
2026-02-17 13:00:40,946 - INFO -   PFUnDS       | Linear    
2026-02-17 13:00:40,946 - INFO - 
2026-02-17 13:00:40,946 - INFO - === STARTING FULL MONTE CARLO RUN ===
2026-02-17 13:00:40,946 - INFO - Total compounds to process: 1
2026-02-17 13:00:40,960 - INFO - === PHASE 1: Running global mean fits (two-stage: log-RMSE then censored likelihood) ===
2026-02-17 13:00:40,960 - INFO - [PHASE 1 / Stage 1] Log-RMSE global fits (no sigma needed)
2026-02-17 13:00:40,997 - INFO - [GLOBAL FIT] Starting PFDA Linear
2026-02-17 13:00:41,001 - INFO - [GLOBAL FIT] PFDA Linear - Data: 231 points, 3 matrices above LOQ, 3 animals
2026-02-17 13:00:41,003 - INFO - [GLOBAL FIT] PFDA Linear - Fitting parameters: ['k_a', 'k_elim']
2026-02-17 13:00:41,004 - INFO - [GLOBAL FIT] PFDA Linear - Fixed parameters: {'k_feces': 0.0, 'k_ehc': 0.0, 'k_renal': 0.0}
2026-02-17 13:00:43,112 - WARNING - User interrupted during Stage 1 (log-RMSE) global fit phase
2026-02-17 13:00:44,366 - WARNING - Interrupted by user
