2026-03-02 15:50:49,414 - INFO - Loading data files...
2026-03-02 15:50:49,448 - INFO - Loaded intake and physiological data: 17766 intake rows, 3 animals with urine volumes, 3 animals with feces mass, 3 animals with milk yield series, 3 animals with body weight series
2026-03-02 15:50:49,449 - INFO - Determining compound-isomer pairs: hay concentration not 0 and at least one of [Brain, Feces, Heart, Kidney, Liver, Lung, Milk, Muscle, Plasma, Spleen, Urine] above LOQ.
2026-03-02 15:50:49,459 - INFO -   PFBA Linear: matrices above LOQ: Feces, Milk, Plasma, Urine
2026-03-02 15:50:49,461 - INFO -   PFPeA Linear: matrices above LOQ: Feces, Milk, Muscle, Urine
2026-03-02 15:50:49,463 - INFO -   PFHxA Linear: matrices above LOQ: Urine
2026-03-02 15:50:49,466 - INFO -   PFHpA Linear: matrices above LOQ: Urine
2026-03-02 15:50:49,468 - INFO -   PFOA Linear: matrices above LOQ: Brain, Feces, Milk, Plasma, Urine
2026-03-02 15:50:49,470 - INFO -   PFOA Branched: matrices above LOQ: Milk, Plasma, Urine
2026-03-02 15:50:49,473 - INFO -   PFDA Linear: matrices above LOQ: Liver, Milk, Plasma
2026-03-02 15:50:49,475 - INFO -   PFUnDA Linear: matrices above LOQ: Milk, Plasma
2026-03-02 15:50:49,477 - INFO -   PFDoDA Linear: matrices above LOQ: Milk, Plasma
2026-03-02 15:50:49,480 - INFO -   PFTrDA Linear: matrices above LOQ: Milk, Plasma
2026-03-02 15:50:49,482 - INFO -   PFTeDA Linear: matrices above LOQ: Plasma
2026-03-02 15:50:49,484 - INFO -   PFHxS Linear: matrices above LOQ: Milk, Plasma, Urine
2026-03-02 15:50:49,487 - INFO -   PFHpS Linear: matrices above LOQ: Milk, Plasma
2026-03-02 15:50:49,490 - INFO -   PFOS Linear: matrices above LOQ: Brain, Feces, Heart, Kidney, Liver, Lung, Milk, Muscle, Plasma, Spleen, Urine
2026-03-02 15:50:49,492 - INFO -   PFOS Branched: matrices above LOQ: Brain, Feces, Heart, Kidney, Liver, Lung, Milk, Muscle, Plasma, Spleen, Urine
2026-03-02 15:50:49,494 - INFO -   PFNS Linear: matrices above LOQ: Brain, Feces, Heart, Kidney, Liver, Lung, Milk, Muscle, Plasma, Spleen
2026-03-02 15:50:49,497 - INFO -   PFNS Branched: matrices above LOQ: Brain, Feces, Heart, Kidney, Liver, Lung, Milk, Muscle, Plasma, Spleen, Urine
2026-03-02 15:50:49,499 - INFO -   PFDS Linear: matrices above LOQ: Brain, Feces, Heart, Kidney, Liver, Lung, Milk, Muscle, Plasma, Spleen
2026-03-02 15:50:49,502 - INFO -   PFDS Branched: matrices above LOQ: Feces, Heart, Kidney, Liver, Lung, Milk, Plasma, Spleen
2026-03-02 15:50:49,504 - INFO -   PFUnDS Linear: matrices above LOQ: Brain, Feces, Milk, Plasma
2026-03-02 15:50:49,506 - INFO -   PFUnDS Branched: matrices above LOQ: Feces, Liver, Milk, Plasma
2026-03-02 15:50:49,508 - INFO -   PFDoDS Linear: matrices above LOQ: Brain, Feces, Milk, Plasma
2026-03-02 15:50:49,511 - INFO -   PFDoDS Branched: matrices above LOQ: Feces, Milk, Plasma
2026-03-02 15:50:49,513 - INFO -   PFTrDS Linear: matrices above LOQ: Brain, Feces, Milk
2026-03-02 15:50:49,515 - INFO -   PFTrDS Branched: matrices above LOQ: Feces, Milk, Plasma
2026-03-02 15:50:49,519 - INFO -   PFNA Linear: matrices above LOQ: Milk
2026-03-02 15:50:49,527 - INFO -   PFDA Branched: matrices above LOQ: Milk
2026-03-02 15:50:49,528 - INFO -   PFUnDA Branched: matrices above LOQ: Milk
2026-03-02 15:50:49,530 - INFO -   PFDoDA Branched: matrices above LOQ: Milk
2026-03-02 15:50:49,532 - INFO -   PFTrDA Branched: matrices above LOQ: Milk
2026-03-02 15:50:49,534 - INFO -   PFTeDA Branched: matrices above LOQ: Milk
2026-03-02 15:50:49,536 - INFO - Found 19 compounds (31 compound-isomer pairs) meeting criteria
2026-03-02 15:50:49,541 - INFO - 
All compound-isomer pairs to process (31 total):
2026-03-02 15:50:49,541 - INFO -   PFBA         | Linear    
2026-03-02 15:50:49,541 - INFO -   PFDA         | Branched  
2026-03-02 15:50:49,541 - INFO -   PFDA         | Linear    
2026-03-02 15:50:49,541 - INFO -   PFDS         | Branched  
2026-03-02 15:50:49,541 - INFO -   PFDS         | Linear    
2026-03-02 15:50:49,541 - INFO -   PFDoDA       | Branched  
2026-03-02 15:50:49,541 - INFO -   PFDoDA       | Linear    
2026-03-02 15:50:49,541 - INFO -   PFDoDS       | Branched  
2026-03-02 15:50:49,541 - INFO -   PFDoDS       | Linear    
2026-03-02 15:50:49,541 - INFO -   PFHpA        | Linear    
2026-03-02 15:50:49,541 - INFO -   PFHpS        | Linear    
2026-03-02 15:50:49,541 - INFO -   PFHxA        | Linear    
2026-03-02 15:50:49,541 - INFO -   PFHxS        | Linear    
2026-03-02 15:50:49,541 - INFO -   PFNA         | Linear    
2026-03-02 15:50:49,541 - INFO -   PFNS         | Branched  
2026-03-02 15:50:49,541 - INFO -   PFNS         | Linear    
2026-03-02 15:50:49,541 - INFO -   PFOA         | Branched  
2026-03-02 15:50:49,541 - INFO -   PFOA         | Linear    
2026-03-02 15:50:49,541 - INFO -   PFOS         | Branched  
2026-03-02 15:50:49,541 - INFO -   PFOS         | Linear    
2026-03-02 15:50:49,541 - INFO -   PFPeA        | Linear    
2026-03-02 15:50:49,541 - INFO -   PFTeDA       | Branched  
2026-03-02 15:50:49,541 - INFO -   PFTeDA       | Linear    
2026-03-02 15:50:49,541 - INFO -   PFTrDA       | Branched  
2026-03-02 15:50:49,541 - INFO -   PFTrDA       | Linear    
2026-03-02 15:50:49,541 - INFO -   PFTrDS       | Branched  
2026-03-02 15:50:49,541 - INFO -   PFTrDS       | Linear    
2026-03-02 15:50:49,541 - INFO -   PFUnDA       | Branched  
2026-03-02 15:50:49,541 - INFO -   PFUnDA       | Linear    
2026-03-02 15:50:49,541 - INFO -   PFUnDS       | Branched  
2026-03-02 15:50:49,541 - INFO -   PFUnDS       | Linear    
2026-03-02 15:50:49,541 - INFO - 
2026-03-02 15:50:49,541 - INFO - === STARTING FULL MONTE CARLO RUN ===
2026-03-02 15:50:49,541 - INFO - Total compounds to process: 1
2026-03-02 15:50:49,562 - INFO - === PHASE 1: Running global mean fits (two-stage: log-RMSE then censored likelihood) ===
2026-03-02 15:50:49,562 - INFO - [PHASE 1 / Stage 1] Log-RMSE global fits (no sigma needed)
2026-03-02 15:50:49,599 - INFO - [GLOBAL FIT] Starting PFHxS Linear
2026-03-02 15:50:49,604 - INFO - [GLOBAL FIT] PFHxS Linear - Data: 231 points, 3 matrices above LOQ, 3 animals
2026-03-02 15:50:49,607 - INFO - [GLOBAL FIT] PFHxS Linear - Fitting parameters: ['k_elim', 'k_a', 'k_urine']
2026-03-02 15:50:49,608 - INFO - [GLOBAL FIT] PFHxS Linear - Fixed parameters: {'k_feces': 0.0, 'k_ehc': 0.0}
2026-03-02 15:51:31,364 - INFO - [GLOBAL FIT] PFHxS Linear - Success: loss=1.32, iterations=18
2026-03-02 15:51:31,364 - INFO - [GLOBAL FIT] PFHxS Linear - Parameters: k_elim=0.114, k_a=283.816, k_urine=0.162, k_feces=0.000, k_ehc=0.000
2026-03-02 15:51:31,366 - INFO - [GLOBAL FIT] PFHxS Linear - Saved parameters to /Users/lucaprzygoda/Desktop/pfaa-pbtk-dairy-goats/results/optimization/global_fit/fit_PFHxS_Linear.csv
2026-03-02 15:51:31,366 - INFO - [GLOBAL FIT] PFHxS Linear - Completed in 41.8s
2026-03-02 15:51:31,367 - INFO - === Estimating pooled sigma from Stage 1 fits ===
2026-03-02 15:51:31,368 - INFO - [SIGMA EST] Estimating pooled sigma from 1 compound-isomer pairs (pooled residuals per matrix)...
2026-03-02 15:51:31,557 - INFO - [SIGMA EST] urine: pooled σ=0.125 (from 3 pooled residuals)
2026-03-02 15:51:31,557 - INFO - [SIGMA EST] milk: pooled σ=0.746 (from 15 pooled residuals)
2026-03-02 15:51:31,557 - INFO - [SIGMA EST] plasma: pooled σ=0.758 (from 14 pooled residuals)
2026-03-02 15:51:31,558 - INFO - [SIGMA EST] Saved pooled sigma estimates to /Users/lucaprzygoda/Desktop/pfaa-pbtk-dairy-goats/results/optimization/sigma_estimates/sigma_pooled.csv
2026-03-02 15:51:31,601 - INFO - Pooled sigma estimates computed successfully
2026-03-02 15:51:31,601 - INFO -   brain: σ=0.500
2026-03-02 15:51:31,601 - INFO -   muscle: σ=0.500
2026-03-02 15:51:31,601 - INFO -   lung: σ=0.500
2026-03-02 15:51:31,601 - INFO -   liver: σ=0.500
2026-03-02 15:51:31,601 - INFO -   heart: σ=0.500
2026-03-02 15:51:31,601 - INFO -   urine: σ=0.125
2026-03-02 15:51:31,601 - INFO -   milk: σ=0.746
2026-03-02 15:51:31,601 - INFO -   stomach: σ=0.400
2026-03-02 15:51:31,601 - INFO -   intestine: σ=0.400
2026-03-02 15:51:31,601 - INFO -   feces: σ=0.500
2026-03-02 15:51:31,601 - INFO -   kidney: σ=0.500
2026-03-02 15:51:31,601 - INFO -   rest: σ=0.400
2026-03-02 15:51:31,601 - INFO -   plasma: σ=0.758
2026-03-02 15:51:31,601 - INFO -   spleen: σ=0.500
2026-03-02 15:51:31,601 - INFO - [PHASE 1 / Stage 2] Censored-likelihood (Tobit) global fits using estimated sigma
2026-03-02 15:51:31,635 - INFO - [GLOBAL FIT] Starting PFHxS Linear
2026-03-02 15:51:31,638 - INFO - [GLOBAL FIT] PFHxS Linear - Data: 231 points, 3 matrices above LOQ, 3 animals
2026-03-02 15:51:31,640 - INFO - [GLOBAL FIT] PFHxS Linear - Fitting parameters: ['k_elim', 'k_a', 'k_urine']
2026-03-02 15:51:31,641 - INFO - [GLOBAL FIT] PFHxS Linear - Fixed parameters: {'k_feces': 0.0, 'k_ehc': 0.0}
2026-03-02 15:52:23,208 - INFO - [GLOBAL FIT] PFHxS Linear - Success: loss=-5.58, iterations=22
2026-03-02 15:52:23,208 - INFO - [GLOBAL FIT] PFHxS Linear - Parameters: k_elim=0.144, k_a=216.833, k_urine=0.185, k_feces=0.000, k_ehc=0.000
2026-03-02 15:52:23,209 - INFO - [GLOBAL FIT] PFHxS Linear - Saved parameters to /Users/lucaprzygoda/Desktop/pfaa-pbtk-dairy-goats/results/optimization/global_fit/fit_PFHxS_Linear.csv
2026-03-02 15:52:23,209 - INFO - [GLOBAL FIT] PFHxS Linear - Completed in 51.6s
2026-03-02 15:52:23,210 - INFO - === PHASE 1/3 COMPLETED ===
2026-03-02 15:52:23,211 - INFO - Global mean fits (two-stage): 1/1 successful in 93.6s
2026-03-02 15:52:23,211 - INFO - === PHASE 2: Running jackknife fits ===
2026-03-02 15:52:23,244 - INFO - [JACKKNIFE] Starting PFHxS Linear
2026-03-02 15:52:23,257 - INFO - [JACKKNIFE] PFHxS Linear - Processing animal E2 (1/3)
2026-03-02 15:52:51,561 - INFO - [JACKKNIFE] PFHxS Linear - Animal E2 completed in 28.3s (loss=-11.43)
2026-03-02 15:52:51,561 - INFO - [JACKKNIFE] PFHxS Linear - Processing animal E3 (2/3)
2026-03-02 15:53:37,821 - INFO - [JACKKNIFE] PFHxS Linear - Animal E3 completed in 46.3s (loss=0.20)
2026-03-02 15:53:37,822 - INFO - [JACKKNIFE] PFHxS Linear - Processing animal E4 (3/3)
2026-03-02 15:54:15,250 - INFO - [JACKKNIFE] PFHxS Linear - Animal E4 completed in 37.4s (loss=-4.61)
2026-03-02 15:54:15,253 - INFO - [JACKKNIFE] PFHxS Linear - Saved jackknife results to /Users/lucaprzygoda/Desktop/pfaa-pbtk-dairy-goats/results/optimization/jackknife/jackknife_PFHxS_Linear_LOAO.csv
2026-03-02 15:54:15,253 - INFO - [JACKKNIFE] PFHxS Linear - Completed in 112.0s
2026-03-02 15:54:15,253 - INFO - === PHASE 2/3 COMPLETED ===
2026-03-02 15:54:15,254 - INFO - Jackknife fits: 1/1 successful in 112.0s
2026-03-02 15:54:15,254 - INFO - === PHASE 3: Running Monte Carlo sampling ===
2026-03-02 15:54:15,287 - INFO - [MONTE CARLO] Starting PFHxS Linear
2026-03-02 15:54:16,147 - INFO - [MONTE CARLO] PFHxS Linear - Using Hessian full covariance (log10)
2026-03-02 15:54:16,148 - INFO - [MONTE CARLO] PFHxS Linear - Phase 1 point estimates (linear): [0.00000000e+00 1.44173013e-01 1.84982075e-01 2.16833404e+02
 0.00000000e+00]
2026-03-02 15:54:16,148 - INFO - [MONTE CARLO] PFHxS Linear - Phase 1 central values (log10): [-12.          -0.84111603  -0.73287035   2.33612619 -12.        ]
2026-03-02 15:54:16,148 - INFO - [MONTE CARLO] PFHxS Linear - Generating 10000 samples in log10-space (full covariance)
2026-03-02 15:54:16,149 - INFO - [MONTE CARLO] PFHxS Linear - Sample means: [1.00000000e-12 1.47095689e-01 1.86541180e-01 8.08748983e+15
 1.00000000e-12]
2026-03-02 15:54:16,149 - INFO - [MONTE CARLO] PFHxS Linear - Sample stds: [2.92825168e-26 2.73806750e-02 2.52498857e-02 7.07262718e+17
 2.92825168e-26]
2026-03-02 15:54:16,151 - INFO - [MONTE CARLO] PFHxS Linear - Collecting predictions for: ['brain', 'muscle', 'lung', 'liver', 'milk', 'heart', 'urine', 'feces', 'kidney', 'plasma', 'spleen', 'elim']
2026-03-02 15:55:14,603 - ERROR - [MONTE CARLO] PFHxS Linear - simulation failed for sample 1380, animal E2: Model solution contains NaN or infinite values at index 0
2026-03-02 15:55:14,621 - ERROR - [MONTE CARLO] PFHxS Linear - simulation failed for sample 1380, animal E3: Model solution contains NaN or infinite values at index 0
2026-03-02 15:55:14,640 - ERROR - [MONTE CARLO] PFHxS Linear - simulation failed for sample 1380, animal E4: Model solution contains NaN or infinite values at index 0
2026-03-02 15:55:15,770 - ERROR - [MONTE CARLO] PFHxS Linear - simulation failed for sample 1407, animal E2: Model solution contains NaN or infinite values at index 0
2026-03-02 15:55:15,788 - ERROR - [MONTE CARLO] PFHxS Linear - simulation failed for sample 1407, animal E3: Model solution contains NaN or infinite values at index 0
2026-03-02 15:55:15,806 - ERROR - [MONTE CARLO] PFHxS Linear - simulation failed for sample 1407, animal E4: Model solution contains NaN or infinite values at index 0
2026-03-02 15:55:56,862 - ERROR - [MONTE CARLO] PFHxS Linear - simulation failed for sample 2379, animal E2: Model solution contains NaN or infinite values at index 0
2026-03-02 15:55:56,881 - ERROR - [MONTE CARLO] PFHxS Linear - simulation failed for sample 2379, animal E3: Model solution contains NaN or infinite values at index 0
2026-03-02 15:55:56,899 - ERROR - [MONTE CARLO] PFHxS Linear - simulation failed for sample 2379, animal E4: Model solution contains NaN or infinite values at index 0
2026-03-02 16:00:29,093 - ERROR - [MONTE CARLO] PFHxS Linear - simulation failed for sample 8742, animal E2: Model solution contains NaN or infinite values at index 0
2026-03-02 16:00:29,110 - ERROR - [MONTE CARLO] PFHxS Linear - simulation failed for sample 8742, animal E3: Model solution contains NaN or infinite values at index 0
2026-03-02 16:00:29,129 - ERROR - [MONTE CARLO] PFHxS Linear - simulation failed for sample 8742, animal E4: Model solution contains NaN or infinite values at index 0
2026-03-02 16:00:42,059 - ERROR - [MONTE CARLO] PFHxS Linear - simulation failed for sample 9043, animal E2: Model solution contains NaN or infinite values at index 0
2026-03-02 16:00:42,077 - ERROR - [MONTE CARLO] PFHxS Linear - simulation failed for sample 9043, animal E3: Model solution contains NaN or infinite values at index 0
2026-03-02 16:00:42,096 - ERROR - [MONTE CARLO] PFHxS Linear - simulation failed for sample 9043, animal E4: Model solution contains NaN or infinite values at index 0
2026-03-02 16:01:26,495 - INFO - [MONTE CARLO] PFHxS Linear - Saved predictions to /Users/lucaprzygoda/Desktop/pfaa-pbtk-dairy-goats/results/optimization/monte_carlo/predictions_PFHxS_Linear_monte_carlo.csv
2026-03-02 16:01:26,495 - INFO - [MONTE CARLO] PFHxS Linear - Total samples: 10000 parameter draws × 3 animals = 30000 total predictions
2026-03-02 16:01:26,495 - INFO - [MONTE CARLO] PFHxS Linear - Completed in 431.2s
2026-03-02 16:01:26,625 - INFO - === PHASE 3/3 COMPLETED ===
2026-03-02 16:01:26,625 - INFO - Monte Carlo sampling: 1/1 successful in 431.4s
2026-03-02 16:01:26,634 - INFO - === ALL PHASES COMPLETED ===
2026-03-02 16:01:26,635 - INFO - Total execution time: 637.1s (0.2 hours)
2026-03-02 16:01:26,635 - INFO - Success rates: Global=1/1, Jackknife=1/1, Monte Carlo=1/1
2026-03-02 16:01:26,635 - INFO - Average global fit time: 93.6s per compound
2026-03-02 16:01:26,635 - INFO - Average jackknife time: 112.0s per compound
2026-03-02 16:01:26,635 - INFO - Average Monte Carlo time: 431.4s per compound
2026-03-02 16:01:26,635 - INFO - Fully successful compounds: 1/1
