2026-02-16 20:55:00,495 - INFO - Loading data files...
2026-02-16 20:55:00,552 - INFO - Loaded intake and physiological data: 17766 intake rows, 3 animals with urine volumes, 3 animals with feces mass, 3 animals with milk yield series, 3 animals with body weight series
2026-02-16 20:55:00,552 - INFO - Determining compound-isomer pairs: hay concentration not 0 and at least one of [Brain, Feces, Heart, Kidney, Liver, Lung, Milk, Muscle, Plasma, Spleen, Urine] above LOQ.
2026-02-16 20:55:00,574 - INFO -   PFBA Linear: matrices above LOQ: Feces, Milk, Plasma, Urine
2026-02-16 20:55:00,577 - INFO -   PFPeA Linear: matrices above LOQ: Feces, Milk, Muscle, Urine
2026-02-16 20:55:00,580 - INFO -   PFHxA Linear: matrices above LOQ: Urine
2026-02-16 20:55:00,583 - INFO -   PFHpA Linear: matrices above LOQ: Urine
2026-02-16 20:55:00,585 - INFO -   PFOA Linear: matrices above LOQ: Brain, Feces, Milk, Plasma, Urine
2026-02-16 20:55:00,588 - INFO -   PFOA Branched: matrices above LOQ: Milk, Plasma, Urine
2026-02-16 20:55:00,593 - INFO -   PFDA Linear: matrices above LOQ: Liver, Milk, Plasma
2026-02-16 20:55:00,598 - INFO -   PFUnDA Linear: matrices above LOQ: Milk, Plasma
2026-02-16 20:55:00,601 - INFO -   PFDoDA Linear: matrices above LOQ: Milk, Plasma
2026-02-16 20:55:00,603 - INFO -   PFTrDA Linear: matrices above LOQ: Milk, Plasma
2026-02-16 20:55:00,607 - INFO -   PFTeDA Linear: matrices above LOQ: Plasma
2026-02-16 20:55:00,609 - INFO -   PFHxS Linear: matrices above LOQ: Milk, Plasma, Urine
2026-02-16 20:55:00,612 - INFO -   PFHpS Linear: matrices above LOQ: Milk, Plasma
2026-02-16 20:55:00,615 - INFO -   PFOS Linear: matrices above LOQ: Brain, Feces, Heart, Kidney, Liver, Lung, Milk, Muscle, Plasma, Spleen, Urine
2026-02-16 20:55:00,618 - INFO -   PFOS Branched: matrices above LOQ: Brain, Feces, Heart, Kidney, Liver, Lung, Milk, Muscle, Plasma, Spleen, Urine
2026-02-16 20:55:00,620 - INFO -   PFNS Linear: matrices above LOQ: Brain, Feces, Heart, Kidney, Liver, Lung, Milk, Muscle, Plasma, Spleen
2026-02-16 20:55:00,622 - INFO -   PFNS Branched: matrices above LOQ: Brain, Feces, Heart, Kidney, Liver, Lung, Milk, Muscle, Plasma, Spleen, Urine
2026-02-16 20:55:00,625 - INFO -   PFDS Linear: matrices above LOQ: Brain, Feces, Heart, Kidney, Liver, Lung, Milk, Muscle, Plasma, Spleen
2026-02-16 20:55:00,627 - INFO -   PFDS Branched: matrices above LOQ: Feces, Heart, Kidney, Liver, Lung, Milk, Plasma, Spleen
2026-02-16 20:55:00,630 - INFO -   PFUnDS Linear: matrices above LOQ: Brain, Feces, Milk, Plasma
2026-02-16 20:55:00,632 - INFO -   PFUnDS Branched: matrices above LOQ: Feces, Liver, Milk, Plasma
2026-02-16 20:55:00,634 - INFO -   PFDoDS Linear: matrices above LOQ: Brain, Feces, Milk, Plasma
2026-02-16 20:55:00,636 - INFO -   PFDoDS Branched: matrices above LOQ: Feces, Milk, Plasma
2026-02-16 20:55:00,638 - INFO -   PFTrDS Linear: matrices above LOQ: Brain, Feces, Milk
2026-02-16 20:55:00,641 - INFO -   PFTrDS Branched: matrices above LOQ: Feces, Milk, Plasma
2026-02-16 20:55:00,644 - INFO -   PFNA Linear: matrices above LOQ: Milk
2026-02-16 20:55:00,652 - INFO -   PFDA Branched: matrices above LOQ: Milk
2026-02-16 20:55:00,653 - INFO -   PFUnDA Branched: matrices above LOQ: Milk
2026-02-16 20:55:00,655 - INFO -   PFDoDA Branched: matrices above LOQ: Milk
2026-02-16 20:55:00,657 - INFO -   PFTrDA Branched: matrices above LOQ: Milk
2026-02-16 20:55:00,659 - INFO -   PFTeDA Branched: matrices above LOQ: Milk
2026-02-16 20:55:00,661 - INFO - Found 19 compounds (31 compound-isomer pairs) meeting criteria
2026-02-16 20:55:00,666 - INFO - 
All compound-isomer pairs to process (31 total):
2026-02-16 20:55:00,666 - INFO -   PFBA         | Linear    
2026-02-16 20:55:00,666 - INFO -   PFDA         | Branched  
2026-02-16 20:55:00,666 - INFO -   PFDA         | Linear    
2026-02-16 20:55:00,666 - INFO -   PFDS         | Branched  
2026-02-16 20:55:00,666 - INFO -   PFDS         | Linear    
2026-02-16 20:55:00,666 - INFO -   PFDoDA       | Branched  
2026-02-16 20:55:00,666 - INFO -   PFDoDA       | Linear    
2026-02-16 20:55:00,666 - INFO -   PFDoDS       | Branched  
2026-02-16 20:55:00,666 - INFO -   PFDoDS       | Linear    
2026-02-16 20:55:00,666 - INFO -   PFHpA        | Linear    
2026-02-16 20:55:00,666 - INFO -   PFHpS        | Linear    
2026-02-16 20:55:00,666 - INFO -   PFHxA        | Linear    
2026-02-16 20:55:00,666 - INFO -   PFHxS        | Linear    
2026-02-16 20:55:00,666 - INFO -   PFNA         | Linear    
2026-02-16 20:55:00,666 - INFO -   PFNS         | Branched  
2026-02-16 20:55:00,666 - INFO -   PFNS         | Linear    
2026-02-16 20:55:00,666 - INFO -   PFOA         | Branched  
2026-02-16 20:55:00,666 - INFO -   PFOA         | Linear    
2026-02-16 20:55:00,666 - INFO -   PFOS         | Branched  
2026-02-16 20:55:00,666 - INFO -   PFOS         | Linear    
2026-02-16 20:55:00,666 - INFO -   PFPeA        | Linear    
2026-02-16 20:55:00,666 - INFO -   PFTeDA       | Branched  
2026-02-16 20:55:00,666 - INFO -   PFTeDA       | Linear    
2026-02-16 20:55:00,666 - INFO -   PFTrDA       | Branched  
2026-02-16 20:55:00,666 - INFO -   PFTrDA       | Linear    
2026-02-16 20:55:00,666 - INFO -   PFTrDS       | Branched  
2026-02-16 20:55:00,666 - INFO -   PFTrDS       | Linear    
2026-02-16 20:55:00,666 - INFO -   PFUnDA       | Branched  
2026-02-16 20:55:00,666 - INFO -   PFUnDA       | Linear    
2026-02-16 20:55:00,666 - INFO -   PFUnDS       | Branched  
2026-02-16 20:55:00,666 - INFO -   PFUnDS       | Linear    
2026-02-16 20:55:00,666 - INFO - 
2026-02-16 20:55:00,666 - INFO - === STARTING FULL MONTE CARLO RUN ===
2026-02-16 20:55:00,666 - INFO - Total compounds to process: 1
2026-02-16 20:55:00,683 - INFO - === PHASE 1: Running global mean fits ===
2026-02-16 20:55:00,722 - INFO - [GLOBAL FIT] Starting PFOS Linear
2026-02-16 20:55:00,727 - INFO - [GLOBAL FIT] PFOS Linear - Data: 231 points, 11 matrices above LOQ, 3 animals
2026-02-16 20:55:00,729 - INFO - [GLOBAL FIT] PFOS Linear - Fitting parameters: ['k_a', 'k_elim', 'k_feces', 'k_ehc', 'k_renal']
2026-02-16 20:57:09,734 - INFO - [GLOBAL FIT] PFOS Linear - Success: loss=230.55, iterations=41
2026-02-16 20:57:09,734 - INFO - [GLOBAL FIT] PFOS Linear - Parameters: k_a=179.291, k_elim=0.099, k_feces=0.056, k_ehc=78.337, k_renal=0.036
2026-02-16 20:57:09,736 - INFO - [GLOBAL FIT] PFOS Linear - Saved parameters to /Users/lucaprzygoda/Desktop/pfaa-pbtk-dairy-goats/results/optimization/global_fit/fit_PFOS_Linear.csv
2026-02-16 20:57:09,736 - INFO - [GLOBAL FIT] PFOS Linear - Completed in 129.0s
2026-02-16 20:57:09,737 - INFO - === PHASE 1/3 COMPLETED ===
2026-02-16 20:57:09,738 - INFO - Global mean fits: 1/1 successful in 129.1s
2026-02-16 20:57:09,738 - INFO - === Estimating pooled sigma from all fits ===
2026-02-16 20:57:09,738 - INFO - [SIGMA EST] Estimating pooled sigma from 1 compound-isomer pairs (pooled residuals per matrix)...
2026-02-16 20:57:09,921 - INFO - [SIGMA EST] milk: pooled σ=0.613 (from 27 pooled residuals)
2026-02-16 20:57:09,921 - INFO - [SIGMA EST] liver: pooled σ=0.164 (from 3 pooled residuals)
2026-02-16 20:57:09,921 - INFO - [SIGMA EST] spleen: pooled σ=0.161 (from 3 pooled residuals)
2026-02-16 20:57:09,921 - INFO - [SIGMA EST] heart: pooled σ=0.121 (from 3 pooled residuals)
2026-02-16 20:57:09,921 - INFO - [SIGMA EST] lung: pooled σ=0.241 (from 3 pooled residuals)
2026-02-16 20:57:09,921 - INFO - [SIGMA EST] muscle: pooled σ=0.233 (from 3 pooled residuals)
2026-02-16 20:57:09,921 - INFO - [SIGMA EST] feces: pooled σ=0.405 (from 13 pooled residuals)
2026-02-16 20:57:09,922 - INFO - [SIGMA EST] plasma: pooled σ=0.276 (from 24 pooled residuals)
2026-02-16 20:57:09,922 - INFO - [SIGMA EST] brain: pooled σ=0.186 (from 3 pooled residuals)
2026-02-16 20:57:09,922 - INFO - [SIGMA EST] urine: pooled σ=0.370 (from 6 pooled residuals)
2026-02-16 20:57:09,922 - INFO - [SIGMA EST] kidney: pooled σ=0.543 (from 3 pooled residuals)
2026-02-16 20:57:09,923 - INFO - [SIGMA EST] Saved pooled sigma estimates to /Users/lucaprzygoda/Desktop/pfaa-pbtk-dairy-goats/results/optimization/sigma_estimates/sigma_pooled.csv
2026-02-16 20:57:09,963 - INFO - Pooled sigma estimates computed successfully
2026-02-16 20:57:09,963 - INFO -   milk: σ=0.613
2026-02-16 20:57:09,963 - INFO -   rest: σ=0.400
2026-02-16 20:57:09,963 - INFO -   liver: σ=0.164
2026-02-16 20:57:09,963 - INFO -   spleen: σ=0.161
2026-02-16 20:57:09,963 - INFO -   heart: σ=0.121
2026-02-16 20:57:09,963 - INFO -   lung: σ=0.241
2026-02-16 20:57:09,963 - INFO -   muscle: σ=0.233
2026-02-16 20:57:09,963 - INFO -   intestine: σ=0.400
2026-02-16 20:57:09,963 - INFO -   feces: σ=0.405
2026-02-16 20:57:09,963 - INFO -   plasma: σ=0.276
2026-02-16 20:57:09,963 - INFO -   brain: σ=0.186
2026-02-16 20:57:09,963 - INFO -   urine: σ=0.370
2026-02-16 20:57:09,963 - INFO -   kidney: σ=0.543
2026-02-16 20:57:09,963 - INFO -   stomach: σ=0.400
2026-02-16 20:57:09,963 - INFO - === PHASE 2: Running jackknife fits ===
2026-02-16 20:57:09,997 - INFO - [JACKKNIFE] Starting PFOS Linear
2026-02-16 20:57:10,010 - INFO - [JACKKNIFE] PFOS Linear - Processing animal E2 (1/3)
2026-02-16 20:58:24,662 - INFO - [JACKKNIFE] PFOS Linear - Animal E2 completed in 74.7s (loss=151.68)
2026-02-16 20:58:24,663 - INFO - [JACKKNIFE] PFOS Linear - Processing animal E3 (2/3)
2026-02-16 20:59:55,082 - INFO - [JACKKNIFE] PFOS Linear - Animal E3 completed in 90.4s (loss=152.51)
2026-02-16 20:59:55,084 - INFO - [JACKKNIFE] PFOS Linear - Processing animal E4 (3/3)
2026-02-16 21:01:26,482 - INFO - [JACKKNIFE] PFOS Linear - Animal E4 completed in 91.4s (loss=151.59)
2026-02-16 21:01:26,485 - INFO - [JACKKNIFE] PFOS Linear - Saved jackknife results to /Users/lucaprzygoda/Desktop/pfaa-pbtk-dairy-goats/results/optimization/jackknife/jackknife_PFOS_Linear_LOAO.csv
2026-02-16 21:01:26,485 - INFO - [JACKKNIFE] PFOS Linear - Completed in 256.5s
2026-02-16 21:01:26,486 - INFO - === PHASE 2/3 COMPLETED ===
2026-02-16 21:01:26,486 - INFO - Jackknife fits: 1/1 successful in 256.5s
2026-02-16 21:01:26,486 - INFO - === PHASE 3: Running Monte Carlo sampling ===
2026-02-16 21:01:26,520 - INFO - [MONTE CARLO] Starting PFOS Linear
2026-02-16 21:01:26,522 - INFO - [MONTE CARLO] PFOS Linear - Phase 1 point estimates (linear): [7.83370387e+01 9.92904770e-02 3.58958850e-02 1.79291312e+02
 5.59687237e-02]
2026-02-16 21:01:26,523 - INFO - [MONTE CARLO] PFOS Linear - Phase 1 central values (log10): [ 1.89396715 -1.0030924  -1.44495534  2.25355925 -1.2520546 ]
2026-02-16 21:01:26,523 - INFO - [MONTE CARLO] PFOS Linear - Jackknife stds (log10, diagonal): [0.70966578 0.08931739 0.06609551 0.44093027 0.26697086]
2026-02-16 21:01:26,523 - INFO - [MONTE CARLO] PFOS Linear - Generating 10000 samples in log10-space around Phase 1 (diagonal covariance)
2026-02-16 21:01:26,524 - INFO - [MONTE CARLO] PFOS Linear - Sample means: [3.08877462e+02 1.01451804e-01 3.63685415e-02 3.03684622e+02
 6.77778911e-02]
2026-02-16 21:01:26,525 - INFO - [MONTE CARLO] PFOS Linear - Sample stds: [2.90699748e+03 2.11372127e-02 5.51805267e-03 4.03617664e+02
 4.65538679e-02]
2026-02-16 21:01:26,526 - INFO - [MONTE CARLO] PFOS Linear - Collecting predictions for: ['liver', 'heart', 'spleen', 'lung', 'urine', 'muscle', 'feces', 'plasma', 'brain', 'milk', 'kidney', 'elim']
2026-02-16 21:07:39,078 - INFO - [MONTE CARLO] PFOS Linear - Saved predictions to /Users/lucaprzygoda/Desktop/pfaa-pbtk-dairy-goats/results/optimization/monte_carlo/predictions_PFOS_Linear_monte_carlo.csv
2026-02-16 21:07:39,079 - INFO - [MONTE CARLO] PFOS Linear - Total samples: 10000 parameter draws × 3 animals = 30000 total predictions
2026-02-16 21:07:39,079 - INFO - [MONTE CARLO] PFOS Linear - Completed in 372.6s
2026-02-16 21:07:39,210 - INFO - === PHASE 3/3 COMPLETED ===
2026-02-16 21:07:39,210 - INFO - Monte Carlo sampling: 1/1 successful in 372.7s
2026-02-16 21:07:39,221 - INFO - === ALL PHASES COMPLETED ===
2026-02-16 21:07:39,222 - INFO - Total execution time: 758.6s (0.2 hours)
2026-02-16 21:07:39,222 - INFO - Success rates: Global=1/1, Jackknife=1/1, Monte Carlo=1/1
2026-02-16 21:07:39,222 - INFO - Average global fit time: 129.1s per compound
2026-02-16 21:07:39,222 - INFO - Average jackknife time: 256.5s per compound
2026-02-16 21:07:39,222 - INFO - Average Monte Carlo time: 372.7s per compound
2026-02-16 21:07:39,222 - INFO - Fully successful compounds: 1/1
