2026-03-02 14:51:52,984 - INFO - Loading data files...
2026-03-02 14:51:53,011 - INFO - Loaded intake and physiological data: 17766 intake rows, 3 animals with urine volumes, 3 animals with feces mass, 3 animals with milk yield series, 3 animals with body weight series
2026-03-02 14:51:53,011 - INFO - Determining compound-isomer pairs: hay concentration not 0 and at least one of [Brain, Feces, Heart, Kidney, Liver, Lung, Milk, Muscle, Plasma, Spleen, Urine] above LOQ.
2026-03-02 14:51:53,020 - INFO -   PFBA Linear: matrices above LOQ: Feces, Milk, Plasma, Urine
2026-03-02 14:51:53,023 - INFO -   PFPeA Linear: matrices above LOQ: Feces, Milk, Muscle, Urine
2026-03-02 14:51:53,025 - INFO -   PFHxA Linear: matrices above LOQ: Urine
2026-03-02 14:51:53,028 - INFO -   PFHpA Linear: matrices above LOQ: Urine
2026-03-02 14:51:53,030 - INFO -   PFOA Linear: matrices above LOQ: Brain, Feces, Milk, Plasma, Urine
2026-03-02 14:51:53,032 - INFO -   PFOA Branched: matrices above LOQ: Milk, Plasma, Urine
2026-03-02 14:51:53,035 - INFO -   PFDA Linear: matrices above LOQ: Liver, Milk, Plasma
2026-03-02 14:51:53,037 - INFO -   PFUnDA Linear: matrices above LOQ: Milk, Plasma
2026-03-02 14:51:53,039 - INFO -   PFDoDA Linear: matrices above LOQ: Milk, Plasma
2026-03-02 14:51:53,042 - INFO -   PFTrDA Linear: matrices above LOQ: Milk, Plasma
2026-03-02 14:51:53,044 - INFO -   PFTeDA Linear: matrices above LOQ: Plasma
2026-03-02 14:51:53,046 - INFO -   PFHxS Linear: matrices above LOQ: Milk, Plasma, Urine
2026-03-02 14:51:53,049 - INFO -   PFHpS Linear: matrices above LOQ: Milk, Plasma
2026-03-02 14:51:53,051 - INFO -   PFOS Linear: matrices above LOQ: Brain, Feces, Heart, Kidney, Liver, Lung, Milk, Muscle, Plasma, Spleen, Urine
2026-03-02 14:51:53,053 - INFO -   PFOS Branched: matrices above LOQ: Brain, Feces, Heart, Kidney, Liver, Lung, Milk, Muscle, Plasma, Spleen, Urine
2026-03-02 14:51:53,056 - INFO -   PFNS Linear: matrices above LOQ: Brain, Feces, Heart, Kidney, Liver, Lung, Milk, Muscle, Plasma, Spleen
2026-03-02 14:51:53,058 - INFO -   PFNS Branched: matrices above LOQ: Brain, Feces, Heart, Kidney, Liver, Lung, Milk, Muscle, Plasma, Spleen, Urine
2026-03-02 14:51:53,061 - INFO -   PFDS Linear: matrices above LOQ: Brain, Feces, Heart, Kidney, Liver, Lung, Milk, Muscle, Plasma, Spleen
2026-03-02 14:51:53,063 - INFO -   PFDS Branched: matrices above LOQ: Feces, Heart, Kidney, Liver, Lung, Milk, Plasma, Spleen
2026-03-02 14:51:53,065 - INFO -   PFUnDS Linear: matrices above LOQ: Brain, Feces, Milk, Plasma
2026-03-02 14:51:53,067 - INFO -   PFUnDS Branched: matrices above LOQ: Feces, Liver, Milk, Plasma
2026-03-02 14:51:53,070 - INFO -   PFDoDS Linear: matrices above LOQ: Brain, Feces, Milk, Plasma
2026-03-02 14:51:53,072 - INFO -   PFDoDS Branched: matrices above LOQ: Feces, Milk, Plasma
2026-03-02 14:51:53,074 - INFO -   PFTrDS Linear: matrices above LOQ: Brain, Feces, Milk
2026-03-02 14:51:53,076 - INFO -   PFTrDS Branched: matrices above LOQ: Feces, Milk, Plasma
2026-03-02 14:51:53,080 - INFO -   PFNA Linear: matrices above LOQ: Milk
2026-03-02 14:51:53,088 - INFO -   PFDA Branched: matrices above LOQ: Milk
2026-03-02 14:51:53,090 - INFO -   PFUnDA Branched: matrices above LOQ: Milk
2026-03-02 14:51:53,092 - INFO -   PFDoDA Branched: matrices above LOQ: Milk
2026-03-02 14:51:53,093 - INFO -   PFTrDA Branched: matrices above LOQ: Milk
2026-03-02 14:51:53,095 - INFO -   PFTeDA Branched: matrices above LOQ: Milk
2026-03-02 14:51:53,098 - INFO - Found 19 compounds (31 compound-isomer pairs) meeting criteria
2026-03-02 14:51:53,102 - INFO - 
All compound-isomer pairs to process (31 total):
2026-03-02 14:51:53,102 - INFO -   PFBA         | Linear    
2026-03-02 14:51:53,102 - INFO -   PFDA         | Branched  
2026-03-02 14:51:53,102 - INFO -   PFDA         | Linear    
2026-03-02 14:51:53,102 - INFO -   PFDS         | Branched  
2026-03-02 14:51:53,102 - INFO -   PFDS         | Linear    
2026-03-02 14:51:53,102 - INFO -   PFDoDA       | Branched  
2026-03-02 14:51:53,102 - INFO -   PFDoDA       | Linear    
2026-03-02 14:51:53,102 - INFO -   PFDoDS       | Branched  
2026-03-02 14:51:53,102 - INFO -   PFDoDS       | Linear    
2026-03-02 14:51:53,102 - INFO -   PFHpA        | Linear    
2026-03-02 14:51:53,102 - INFO -   PFHpS        | Linear    
2026-03-02 14:51:53,103 - INFO -   PFHxA        | Linear    
2026-03-02 14:51:53,103 - INFO -   PFHxS        | Linear    
2026-03-02 14:51:53,103 - INFO -   PFNA         | Linear    
2026-03-02 14:51:53,103 - INFO -   PFNS         | Branched  
2026-03-02 14:51:53,103 - INFO -   PFNS         | Linear    
2026-03-02 14:51:53,103 - INFO -   PFOA         | Branched  
2026-03-02 14:51:53,103 - INFO -   PFOA         | Linear    
2026-03-02 14:51:53,103 - INFO -   PFOS         | Branched  
2026-03-02 14:51:53,103 - INFO -   PFOS         | Linear    
2026-03-02 14:51:53,103 - INFO -   PFPeA        | Linear    
2026-03-02 14:51:53,103 - INFO -   PFTeDA       | Branched  
2026-03-02 14:51:53,103 - INFO -   PFTeDA       | Linear    
2026-03-02 14:51:53,103 - INFO -   PFTrDA       | Branched  
2026-03-02 14:51:53,103 - INFO -   PFTrDA       | Linear    
2026-03-02 14:51:53,103 - INFO -   PFTrDS       | Branched  
2026-03-02 14:51:53,103 - INFO -   PFTrDS       | Linear    
2026-03-02 14:51:53,103 - INFO -   PFUnDA       | Branched  
2026-03-02 14:51:53,103 - INFO -   PFUnDA       | Linear    
2026-03-02 14:51:53,103 - INFO -   PFUnDS       | Branched  
2026-03-02 14:51:53,103 - INFO -   PFUnDS       | Linear    
2026-03-02 14:51:53,103 - INFO - 
2026-03-02 14:51:53,103 - INFO - === STARTING FULL MONTE CARLO RUN ===
2026-03-02 14:51:53,103 - INFO - Total compounds to process: 1
2026-03-02 14:51:53,122 - INFO - === PHASE 1: Running global mean fits (two-stage: log-RMSE then censored likelihood) ===
2026-03-02 14:51:53,122 - INFO - [PHASE 1 / Stage 1] Log-RMSE global fits (no sigma needed)
2026-03-02 14:51:53,158 - INFO - [GLOBAL FIT] Starting PFHxS Linear
2026-03-02 14:51:53,162 - INFO - [GLOBAL FIT] PFHxS Linear - Data: 231 points, 3 matrices above LOQ, 3 animals
2026-03-02 14:51:53,165 - INFO - [GLOBAL FIT] PFHxS Linear - Fitting parameters: ['k_elim', 'k_a', 'k_urine']
2026-03-02 14:51:53,165 - INFO - [GLOBAL FIT] PFHxS Linear - Fixed parameters: {'k_feces': 0.0, 'k_ehc': 0.0}
2026-03-02 14:52:33,597 - INFO - [GLOBAL FIT] PFHxS Linear - Success: loss=1.41, iterations=18
2026-03-02 14:52:33,598 - INFO - [GLOBAL FIT] PFHxS Linear - Parameters: k_elim=0.001, k_a=56.246, k_urine=0.211, k_feces=0.000, k_ehc=0.000
2026-03-02 14:52:33,599 - INFO - [GLOBAL FIT] PFHxS Linear - Saved parameters to /Users/lucaprzygoda/Desktop/pfaa-pbtk-dairy-goats/results/optimization/global_fit/fit_PFHxS_Linear.csv
2026-03-02 14:52:33,600 - INFO - [GLOBAL FIT] PFHxS Linear - Completed in 40.4s
2026-03-02 14:52:33,601 - INFO - === Estimating pooled sigma from Stage 1 fits ===
2026-03-02 14:52:33,602 - INFO - [SIGMA EST] Estimating pooled sigma from 1 compound-isomer pairs (pooled residuals per matrix)...
2026-03-02 14:52:33,795 - INFO - [SIGMA EST] plasma: pooled σ=0.582 (from 14 pooled residuals)
2026-03-02 14:52:33,795 - INFO - [SIGMA EST] urine: pooled σ=0.186 (from 3 pooled residuals)
2026-03-02 14:52:33,795 - INFO - [SIGMA EST] milk: pooled σ=0.613 (from 15 pooled residuals)
2026-03-02 14:52:33,796 - INFO - [SIGMA EST] Saved pooled sigma estimates to /Users/lucaprzygoda/Desktop/pfaa-pbtk-dairy-goats/results/optimization/sigma_estimates/sigma_pooled.csv
2026-03-02 14:52:33,840 - INFO - Pooled sigma estimates computed successfully
2026-03-02 14:52:33,840 - INFO -   intestine: σ=0.400
2026-03-02 14:52:33,840 - INFO -   feces: σ=0.500
2026-03-02 14:52:33,840 - INFO -   spleen: σ=0.500
2026-03-02 14:52:33,840 - INFO -   rest: σ=0.400
2026-03-02 14:52:33,840 - INFO -   kidney: σ=0.500
2026-03-02 14:52:33,840 - INFO -   plasma: σ=0.582
2026-03-02 14:52:33,840 - INFO -   heart: σ=0.500
2026-03-02 14:52:33,840 - INFO -   lung: σ=0.500
2026-03-02 14:52:33,840 - INFO -   urine: σ=0.186
2026-03-02 14:52:33,840 - INFO -   stomach: σ=0.400
2026-03-02 14:52:33,840 - INFO -   milk: σ=0.613
2026-03-02 14:52:33,840 - INFO -   liver: σ=0.500
2026-03-02 14:52:33,840 - INFO -   brain: σ=0.500
2026-03-02 14:52:33,840 - INFO -   muscle: σ=0.500
2026-03-02 14:52:33,840 - INFO - [PHASE 1 / Stage 2] Censored-likelihood (Tobit) global fits using estimated sigma
2026-03-02 14:52:33,875 - INFO - [GLOBAL FIT] Starting PFHxS Linear
2026-03-02 14:52:33,878 - INFO - [GLOBAL FIT] PFHxS Linear - Data: 231 points, 3 matrices above LOQ, 3 animals
2026-03-02 14:52:33,880 - INFO - [GLOBAL FIT] PFHxS Linear - Fitting parameters: ['k_elim', 'k_a', 'k_urine']
2026-03-02 14:52:33,881 - INFO - [GLOBAL FIT] PFHxS Linear - Fixed parameters: {'k_feces': 0.0, 'k_ehc': 0.0}
2026-03-02 14:53:25,835 - INFO - [GLOBAL FIT] PFHxS Linear - Success: loss=2.86, iterations=22
2026-03-02 14:53:25,837 - INFO - [GLOBAL FIT] PFHxS Linear - Parameters: k_elim=0.001, k_a=276.499, k_urine=0.205, k_feces=0.000, k_ehc=0.000
2026-03-02 14:53:25,838 - INFO - [GLOBAL FIT] PFHxS Linear - Saved parameters to /Users/lucaprzygoda/Desktop/pfaa-pbtk-dairy-goats/results/optimization/global_fit/fit_PFHxS_Linear.csv
2026-03-02 14:53:25,838 - INFO - [GLOBAL FIT] PFHxS Linear - Completed in 52.0s
2026-03-02 14:53:25,839 - INFO - === PHASE 1/3 COMPLETED ===
2026-03-02 14:53:25,839 - INFO - Global mean fits (two-stage): 1/1 successful in 92.7s
2026-03-02 14:53:25,839 - INFO - === PHASE 2: Running jackknife fits ===
2026-03-02 14:53:25,873 - INFO - [JACKKNIFE] Starting PFHxS Linear
2026-03-02 14:53:25,886 - INFO - [JACKKNIFE] PFHxS Linear - Processing animal E2 (1/3)
2026-03-02 14:54:01,111 - INFO - [JACKKNIFE] PFHxS Linear - Animal E2 completed in 35.2s (loss=-9.75)
2026-03-02 14:54:01,112 - INFO - [JACKKNIFE] PFHxS Linear - Processing animal E3 (2/3)
2026-03-02 14:54:47,289 - INFO - [JACKKNIFE] PFHxS Linear - Animal E3 completed in 46.2s (loss=3.04)
2026-03-02 14:54:47,289 - INFO - [JACKKNIFE] PFHxS Linear - Processing animal E4 (3/3)
2026-03-02 14:55:22,421 - INFO - [JACKKNIFE] PFHxS Linear - Animal E4 completed in 35.1s (loss=8.35)
2026-03-02 14:55:22,423 - INFO - [JACKKNIFE] PFHxS Linear - Saved jackknife results to /Users/lucaprzygoda/Desktop/pfaa-pbtk-dairy-goats/results/optimization/jackknife/jackknife_PFHxS_Linear_LOAO.csv
2026-03-02 14:55:22,423 - INFO - [JACKKNIFE] PFHxS Linear - Completed in 116.6s
2026-03-02 14:55:22,424 - INFO - === PHASE 2/3 COMPLETED ===
2026-03-02 14:55:22,424 - INFO - Jackknife fits: 1/1 successful in 116.6s
2026-03-02 14:55:22,424 - INFO - === PHASE 3: Running Monte Carlo sampling ===
2026-03-02 14:55:22,458 - INFO - [MONTE CARLO] Starting PFHxS Linear
2026-03-02 14:55:23,335 - INFO - [MONTE CARLO] PFHxS Linear - Using Hessian full covariance (log10)
2026-03-02 14:55:23,336 - INFO - [MONTE CARLO] PFHxS Linear - Phase 1 point estimates (linear): [0.00000000e+00 1.00692754e-03 2.04962413e-01 2.76499298e+02
 0.00000000e+00]
2026-03-02 14:55:23,336 - INFO - [MONTE CARLO] PFHxS Linear - Phase 1 central values (log10): [-12.          -2.99700178  -0.68832578   2.44169403 -12.        ]
2026-03-02 14:55:23,336 - INFO - [MONTE CARLO] PFHxS Linear - Generating 10000 samples in log10-space (full covariance)
2026-03-02 14:55:23,337 - INFO - [MONTE CARLO] PFHxS Linear - Sample means: [1.00000000e-12 1.51424890e+00 2.05391522e-01 3.58074457e+21
 1.00000000e-12]
2026-03-02 14:55:23,337 - INFO - [MONTE CARLO] PFHxS Linear - Sample stds: [2.92825168e-26 7.03718175e+01 1.63722962e-02 3.41748173e+23
 2.92825168e-26]
2026-03-02 14:55:23,339 - INFO - [MONTE CARLO] PFHxS Linear - Collecting predictions for: ['feces', 'spleen', 'kidney', 'plasma', 'heart', 'lung', 'milk', 'urine', 'liver', 'brain', 'muscle', 'elim']
2026-03-02 14:55:25,301 - ERROR - [MONTE CARLO] PFHxS Linear - FAILED after 2.8s: Model solution contains NaN or infinite values at index 0
Traceback (most recent call last):
  File "/Users/lucaprzygoda/Desktop/pfaa-pbtk-dairy-goats/optimization/mc.py", line 262, in run_monte_carlo_for_pair
    pred, all_params = simulate_model(params, sim_configs[i], context)
                       ~~~~~~~~~~~~~~^^^^^^^^^^^^^^^^^^^^^^^^^^^^^^^^^
  File "/Users/lucaprzygoda/Desktop/pfaa-pbtk-dairy-goats/optimization/fit.py", line 134, in simulate_model
    raise ValueError(f"Model solution contains NaN or infinite values at index {i}")
ValueError: Model solution contains NaN or infinite values at index 0
2026-03-02 14:55:25,302 - INFO - === PHASE 3/3 COMPLETED ===
2026-03-02 14:55:25,302 - INFO - Monte Carlo sampling: 0/1 successful in 2.9s
2026-03-02 14:55:25,306 - INFO - === ALL PHASES COMPLETED ===
2026-03-02 14:55:25,306 - INFO - Total execution time: 212.2s (0.1 hours)
2026-03-02 14:55:25,306 - INFO - Success rates: Global=1/1, Jackknife=1/1, Monte Carlo=0/1
2026-03-02 14:55:25,306 - INFO - Average global fit time: 92.7s per compound
2026-03-02 14:55:25,306 - INFO - Average jackknife time: 116.6s per compound
2026-03-02 14:55:25,306 - INFO - Fully successful compounds: 0/1
