2026-02-18 17:28:49,488 - INFO - Loading data files...
2026-02-18 17:28:49,508 - INFO - Loaded intake and physiological data: 17766 intake rows, 3 animals with urine volumes, 3 animals with feces mass, 3 animals with milk yield series, 3 animals with body weight series
2026-02-18 17:28:49,508 - INFO - Determining compound-isomer pairs: hay concentration not 0 and at least one of [Brain, Feces, Heart, Kidney, Liver, Lung, Milk, Muscle, Plasma, Spleen, Urine] above LOQ.
2026-02-18 17:28:49,516 - INFO -   PFBA Linear: matrices above LOQ: Feces, Milk, Plasma, Urine
2026-02-18 17:28:49,519 - INFO -   PFPeA Linear: matrices above LOQ: Feces, Milk, Muscle, Urine
2026-02-18 17:28:49,521 - INFO -   PFHxA Linear: matrices above LOQ: Urine
2026-02-18 17:28:49,524 - INFO -   PFHpA Linear: matrices above LOQ: Urine
2026-02-18 17:28:49,526 - INFO -   PFOA Linear: matrices above LOQ: Brain, Feces, Milk, Plasma, Urine
2026-02-18 17:28:49,529 - INFO -   PFOA Branched: matrices above LOQ: Milk, Plasma, Urine
2026-02-18 17:28:49,532 - INFO -   PFDA Linear: matrices above LOQ: Liver, Milk, Plasma
2026-02-18 17:28:49,534 - INFO -   PFUnDA Linear: matrices above LOQ: Milk, Plasma
2026-02-18 17:28:49,537 - INFO -   PFDoDA Linear: matrices above LOQ: Milk, Plasma
2026-02-18 17:28:49,539 - INFO -   PFTrDA Linear: matrices above LOQ: Milk, Plasma
2026-02-18 17:28:49,542 - INFO -   PFTeDA Linear: matrices above LOQ: Plasma
2026-02-18 17:28:49,544 - INFO -   PFHxS Linear: matrices above LOQ: Milk, Plasma, Urine
2026-02-18 17:28:49,547 - INFO -   PFHpS Linear: matrices above LOQ: Milk, Plasma
2026-02-18 17:28:49,551 - INFO -   PFOS Linear: matrices above LOQ: Brain, Feces, Heart, Kidney, Liver, Lung, Milk, Muscle, Plasma, Spleen, Urine
2026-02-18 17:28:49,553 - INFO -   PFOS Branched: matrices above LOQ: Brain, Feces, Heart, Kidney, Liver, Lung, Milk, Muscle, Plasma, Spleen, Urine
2026-02-18 17:28:49,556 - INFO -   PFNS Linear: matrices above LOQ: Brain, Feces, Heart, Kidney, Liver, Lung, Milk, Muscle, Plasma, Spleen
2026-02-18 17:28:49,559 - INFO -   PFNS Branched: matrices above LOQ: Brain, Feces, Heart, Kidney, Liver, Lung, Milk, Muscle, Plasma, Spleen, Urine
2026-02-18 17:28:49,561 - INFO -   PFDS Linear: matrices above LOQ: Brain, Feces, Heart, Kidney, Liver, Lung, Milk, Muscle, Plasma, Spleen
2026-02-18 17:28:49,564 - INFO -   PFDS Branched: matrices above LOQ: Feces, Heart, Kidney, Liver, Lung, Milk, Plasma, Spleen
2026-02-18 17:28:49,566 - INFO -   PFUnDS Linear: matrices above LOQ: Brain, Feces, Milk, Plasma
2026-02-18 17:28:49,569 - INFO -   PFUnDS Branched: matrices above LOQ: Feces, Liver, Milk, Plasma
2026-02-18 17:28:49,571 - INFO -   PFDoDS Linear: matrices above LOQ: Brain, Feces, Milk, Plasma
2026-02-18 17:28:49,573 - INFO -   PFDoDS Branched: matrices above LOQ: Feces, Milk, Plasma
2026-02-18 17:28:49,576 - INFO -   PFTrDS Linear: matrices above LOQ: Brain, Feces, Milk
2026-02-18 17:28:49,578 - INFO -   PFTrDS Branched: matrices above LOQ: Feces, Milk, Plasma
2026-02-18 17:28:49,582 - INFO -   PFNA Linear: matrices above LOQ: Milk
2026-02-18 17:28:49,589 - INFO -   PFDA Branched: matrices above LOQ: Milk
2026-02-18 17:28:49,591 - INFO -   PFUnDA Branched: matrices above LOQ: Milk
2026-02-18 17:28:49,593 - INFO -   PFDoDA Branched: matrices above LOQ: Milk
2026-02-18 17:28:49,595 - INFO -   PFTrDA Branched: matrices above LOQ: Milk
2026-02-18 17:28:49,596 - INFO -   PFTeDA Branched: matrices above LOQ: Milk
2026-02-18 17:28:49,598 - INFO - Found 19 compounds (31 compound-isomer pairs) meeting criteria
2026-02-18 17:28:49,603 - INFO - 
All compound-isomer pairs to process (31 total):
2026-02-18 17:28:49,603 - INFO -   PFBA         | Linear    
2026-02-18 17:28:49,603 - INFO -   PFDA         | Branched  
2026-02-18 17:28:49,603 - INFO -   PFDA         | Linear    
2026-02-18 17:28:49,603 - INFO -   PFDS         | Branched  
2026-02-18 17:28:49,604 - INFO -   PFDS         | Linear    
2026-02-18 17:28:49,604 - INFO -   PFDoDA       | Branched  
2026-02-18 17:28:49,604 - INFO -   PFDoDA       | Linear    
2026-02-18 17:28:49,604 - INFO -   PFDoDS       | Branched  
2026-02-18 17:28:49,604 - INFO -   PFDoDS       | Linear    
2026-02-18 17:28:49,604 - INFO -   PFHpA        | Linear    
2026-02-18 17:28:49,604 - INFO -   PFHpS        | Linear    
2026-02-18 17:28:49,604 - INFO -   PFHxA        | Linear    
2026-02-18 17:28:49,604 - INFO -   PFHxS        | Linear    
2026-02-18 17:28:49,604 - INFO -   PFNA         | Linear    
2026-02-18 17:28:49,604 - INFO -   PFNS         | Branched  
2026-02-18 17:28:49,604 - INFO -   PFNS         | Linear    
2026-02-18 17:28:49,604 - INFO -   PFOA         | Branched  
2026-02-18 17:28:49,604 - INFO -   PFOA         | Linear    
2026-02-18 17:28:49,604 - INFO -   PFOS         | Branched  
2026-02-18 17:28:49,604 - INFO -   PFOS         | Linear    
2026-02-18 17:28:49,604 - INFO -   PFPeA        | Linear    
2026-02-18 17:28:49,604 - INFO -   PFTeDA       | Branched  
2026-02-18 17:28:49,604 - INFO -   PFTeDA       | Linear    
2026-02-18 17:28:49,604 - INFO -   PFTrDA       | Branched  
2026-02-18 17:28:49,604 - INFO -   PFTrDA       | Linear    
2026-02-18 17:28:49,604 - INFO -   PFTrDS       | Branched  
2026-02-18 17:28:49,604 - INFO -   PFTrDS       | Linear    
2026-02-18 17:28:49,604 - INFO -   PFUnDA       | Branched  
2026-02-18 17:28:49,604 - INFO -   PFUnDA       | Linear    
2026-02-18 17:28:49,604 - INFO -   PFUnDS       | Branched  
2026-02-18 17:28:49,604 - INFO -   PFUnDS       | Linear    
2026-02-18 17:28:49,604 - INFO - 
2026-02-18 17:28:49,604 - INFO - === STARTING FULL MONTE CARLO RUN ===
2026-02-18 17:28:49,604 - INFO - Total compounds to process: 1
2026-02-18 17:28:49,619 - INFO - === PHASE 1: Running global mean fits (two-stage: log-RMSE then censored likelihood) ===
2026-02-18 17:28:49,619 - INFO - [PHASE 1 / Stage 1] Log-RMSE global fits (no sigma needed)
2026-02-18 17:28:49,655 - INFO - [GLOBAL FIT] Starting PFOS Linear
2026-02-18 17:28:49,660 - INFO - [GLOBAL FIT] PFOS Linear - Data: 231 points, 11 matrices above LOQ, 3 animals
2026-02-18 17:28:49,662 - INFO - [GLOBAL FIT] PFOS Linear - Fitting parameters: ['k_elim', 'k_feces', 'k_ehc', 'k_renal']
2026-02-18 17:28:49,663 - INFO - [GLOBAL FIT] PFOS Linear - Fixed parameters: {'k_a': 100.0}
2026-02-18 17:30:17,883 - INFO - [GLOBAL FIT] PFOS Linear - Success: loss=1.88, iterations=32
2026-02-18 17:30:17,884 - INFO - [GLOBAL FIT] PFOS Linear - Parameters: k_elim=0.031, k_feces=0.325, k_ehc=8.132, k_renal=0.054, k_a=100.000
2026-02-18 17:30:17,886 - INFO - [GLOBAL FIT] PFOS Linear - Saved parameters to /Users/lucaprzygoda/Desktop/pfaa-pbtk-dairy-goats/results/optimization/global_fit/fit_PFOS_Linear.csv
2026-02-18 17:30:17,886 - INFO - [GLOBAL FIT] PFOS Linear - Completed in 88.2s
2026-02-18 17:30:17,887 - INFO - === Estimating pooled sigma from Stage 1 fits ===
2026-02-18 17:30:17,888 - INFO - [SIGMA EST] Estimating pooled sigma from 1 compound-isomer pairs (pooled residuals per matrix)...
2026-02-18 17:30:18,055 - INFO - [SIGMA EST] brain: pooled σ=0.203 (from 3 pooled residuals)
2026-02-18 17:30:18,055 - INFO - [SIGMA EST] muscle: pooled σ=0.271 (from 3 pooled residuals)
2026-02-18 17:30:18,056 - INFO - [SIGMA EST] feces: pooled σ=0.387 (from 13 pooled residuals)
2026-02-18 17:30:18,056 - INFO - [SIGMA EST] milk: pooled σ=0.347 (from 27 pooled residuals)
2026-02-18 17:30:18,056 - INFO - [SIGMA EST] kidney: pooled σ=0.548 (from 3 pooled residuals)
2026-02-18 17:30:18,056 - INFO - [SIGMA EST] urine: pooled σ=0.349 (from 6 pooled residuals)
2026-02-18 17:30:18,056 - INFO - [SIGMA EST] heart: pooled σ=0.138 (from 3 pooled residuals)
2026-02-18 17:30:18,056 - INFO - [SIGMA EST] spleen: pooled σ=0.178 (from 3 pooled residuals)
2026-02-18 17:30:18,056 - INFO - [SIGMA EST] plasma: pooled σ=0.410 (from 24 pooled residuals)
2026-02-18 17:30:18,056 - INFO - [SIGMA EST] lung: pooled σ=0.279 (from 3 pooled residuals)
2026-02-18 17:30:18,056 - INFO - [SIGMA EST] liver: pooled σ=0.200 (from 3 pooled residuals)
2026-02-18 17:30:18,057 - INFO - [SIGMA EST] Saved pooled sigma estimates to /Users/lucaprzygoda/Desktop/pfaa-pbtk-dairy-goats/results/optimization/sigma_estimates/sigma_pooled.csv
2026-02-18 17:30:18,106 - INFO - Pooled sigma estimates computed successfully
2026-02-18 17:30:18,106 - INFO -   brain: σ=0.203
2026-02-18 17:30:18,106 - INFO -   intestine: σ=0.400
2026-02-18 17:30:18,106 - INFO -   muscle: σ=0.271
2026-02-18 17:30:18,106 - INFO -   feces: σ=0.387
2026-02-18 17:30:18,106 - INFO -   milk: σ=0.347
2026-02-18 17:30:18,106 - INFO -   rest: σ=0.400
2026-02-18 17:30:18,106 - INFO -   kidney: σ=0.548
2026-02-18 17:30:18,106 - INFO -   urine: σ=0.349
2026-02-18 17:30:18,106 - INFO -   stomach: σ=0.400
2026-02-18 17:30:18,106 - INFO -   heart: σ=0.138
2026-02-18 17:30:18,106 - INFO -   spleen: σ=0.178
2026-02-18 17:30:18,106 - INFO -   plasma: σ=0.410
2026-02-18 17:30:18,106 - INFO -   lung: σ=0.279
2026-02-18 17:30:18,106 - INFO -   liver: σ=0.200
2026-02-18 17:30:18,106 - INFO - [PHASE 1 / Stage 2] Censored-likelihood (Tobit) global fits using estimated sigma
2026-02-18 17:30:18,140 - INFO - [GLOBAL FIT] Starting PFOS Linear
2026-02-18 17:30:18,143 - INFO - [GLOBAL FIT] PFOS Linear - Data: 231 points, 11 matrices above LOQ, 3 animals
2026-02-18 17:30:18,145 - INFO - [GLOBAL FIT] PFOS Linear - Fitting parameters: ['k_elim', 'k_feces', 'k_ehc', 'k_renal']
2026-02-18 17:30:18,145 - INFO - [GLOBAL FIT] PFOS Linear - Fixed parameters: {'k_a': 100.0}
2026-02-18 17:31:26,046 - INFO - [GLOBAL FIT] PFOS Linear - Success: loss=238.44, iterations=22
2026-02-18 17:31:26,047 - INFO - [GLOBAL FIT] PFOS Linear - Parameters: k_elim=0.026, k_feces=0.467, k_ehc=5.615, k_renal=0.060, k_a=100.000
2026-02-18 17:31:26,048 - INFO - [GLOBAL FIT] PFOS Linear - Saved parameters to /Users/lucaprzygoda/Desktop/pfaa-pbtk-dairy-goats/results/optimization/global_fit/fit_PFOS_Linear.csv
2026-02-18 17:31:26,048 - INFO - [GLOBAL FIT] PFOS Linear - Completed in 67.9s
2026-02-18 17:31:26,049 - INFO - === PHASE 1/3 COMPLETED ===
2026-02-18 17:31:26,049 - INFO - Global mean fits (two-stage): 1/1 successful in 156.4s
2026-02-18 17:31:26,049 - INFO - === PHASE 2: Running jackknife fits ===
2026-02-18 17:31:26,083 - INFO - [JACKKNIFE] Starting PFOS Linear
2026-02-18 17:31:26,096 - INFO - [JACKKNIFE] PFOS Linear - Processing animal E2 (1/3)
2026-02-18 17:32:21,185 - INFO - [JACKKNIFE] PFOS Linear - Animal E2 completed in 55.1s (loss=153.72)
2026-02-18 17:32:21,186 - INFO - [JACKKNIFE] PFOS Linear - Processing animal E3 (2/3)
2026-02-18 17:33:01,700 - INFO - [JACKKNIFE] PFOS Linear - Animal E3 completed in 40.5s (loss=159.89)
2026-02-18 17:33:01,701 - INFO - [JACKKNIFE] PFOS Linear - Processing animal E4 (3/3)
2026-02-18 17:34:01,786 - INFO - [JACKKNIFE] PFOS Linear - Animal E4 completed in 60.1s (loss=159.08)
2026-02-18 17:34:01,788 - INFO - [JACKKNIFE] PFOS Linear - Saved jackknife results to /Users/lucaprzygoda/Desktop/pfaa-pbtk-dairy-goats/results/optimization/jackknife/jackknife_PFOS_Linear_LOAO.csv
2026-02-18 17:34:01,789 - INFO - [JACKKNIFE] PFOS Linear - Completed in 155.7s
2026-02-18 17:34:01,789 - INFO - === PHASE 2/3 COMPLETED ===
2026-02-18 17:34:01,789 - INFO - Jackknife fits: 1/1 successful in 155.7s
2026-02-18 17:34:01,789 - INFO - === PHASE 3: Running Monte Carlo sampling ===
2026-02-18 17:34:01,823 - INFO - [MONTE CARLO] Starting PFOS Linear
2026-02-18 17:34:01,825 - INFO - [MONTE CARLO] PFOS Linear - Phase 1 point estimates (linear): [5.61468185e+00 2.59819128e-02 5.95321492e-02 1.00000000e+02
 4.67008236e-01]
2026-02-18 17:34:01,826 - INFO - [MONTE CARLO] PFOS Linear - Phase 1 central values (log10): [ 0.74932515 -1.58532888 -1.22524844  2.         -0.33067546]
2026-02-18 17:34:01,826 - INFO - [MONTE CARLO] PFOS Linear - Jackknife stds (log10, diagonal): [0.30039785 0.16314295 0.0522305  0.         0.29375747]
2026-02-18 17:34:01,826 - INFO - [MONTE CARLO] PFOS Linear - Generating 10000 samples in log10-space around Phase 1 (diagonal covariance)
2026-02-18 17:34:01,827 - INFO - [MONTE CARLO] PFOS Linear - Sample means: [7.06618250e+00 2.79049629e-02 6.00373762e-02 1.00026245e+02
 5.88867869e-01]
2026-02-18 17:34:01,828 - INFO - [MONTE CARLO] PFOS Linear - Sample stds: [5.68690314 0.01090889 0.00718303 2.33804351 0.45558446]
2026-02-18 17:34:01,830 - INFO - [MONTE CARLO] PFOS Linear - Collecting predictions for: ['brain', 'muscle', 'feces', 'milk', 'kidney', 'urine', 'heart', 'spleen', 'plasma', 'lung', 'liver', 'elim']
2026-02-18 17:41:30,937 - INFO - [MONTE CARLO] PFOS Linear - Saved predictions to /Users/lucaprzygoda/Desktop/pfaa-pbtk-dairy-goats/results/optimization/monte_carlo/predictions_PFOS_Linear_monte_carlo.csv
2026-02-18 17:41:30,937 - INFO - [MONTE CARLO] PFOS Linear - Total samples: 10000 parameter draws × 3 animals = 30000 total predictions
2026-02-18 17:41:30,938 - INFO - [MONTE CARLO] PFOS Linear - Completed in 449.1s
2026-02-18 17:41:31,056 - INFO - === PHASE 3/3 COMPLETED ===
2026-02-18 17:41:31,056 - INFO - Monte Carlo sampling: 1/1 successful in 449.3s
2026-02-18 17:41:31,065 - INFO - === ALL PHASES COMPLETED ===
2026-02-18 17:41:31,065 - INFO - Total execution time: 761.5s (0.2 hours)
2026-02-18 17:41:31,065 - INFO - Success rates: Global=1/1, Jackknife=1/1, Monte Carlo=1/1
2026-02-18 17:41:31,065 - INFO - Average global fit time: 156.4s per compound
2026-02-18 17:41:31,065 - INFO - Average jackknife time: 155.7s per compound
2026-02-18 17:41:31,065 - INFO - Average Monte Carlo time: 449.3s per compound
2026-02-18 17:41:31,065 - INFO - Fully successful compounds: 1/1
