2026-02-16 09:22:51,906 - INFO - Loading data files...
2026-02-16 09:22:51,950 - INFO - Loaded intake and physiological data: 16920 intake rows, 3 animals with urine volumes, 3 animals with feces mass, 3 animals with milk yield series
2026-02-16 09:22:51,950 - INFO - Determining compound-isomer pairs: hay concentration not 0 and at least one of [Brain, Feces, Heart, Kidney, Liver, Lung, Milk, Muscle, Plasma, Spleen, Urine] above LOQ.
2026-02-16 09:22:51,979 - INFO -   PFBA Linear: matrices above LOQ: Feces, Milk, Plasma, Urine
2026-02-16 09:22:51,990 - INFO -   PFPeA Linear: matrices above LOQ: Feces, Milk, Muscle, Urine
2026-02-16 09:22:52,002 - INFO -   PFHxA Linear: matrices above LOQ: Urine
2026-02-16 09:22:52,014 - INFO -   PFHpA Linear: matrices above LOQ: Urine
2026-02-16 09:22:52,025 - INFO -   PFOA Linear: matrices above LOQ: Brain, Feces, Milk, Plasma, Urine
2026-02-16 09:22:52,037 - INFO -   PFOA Branched: matrices above LOQ: Milk, Plasma, Urine
2026-02-16 09:22:52,048 - INFO -   PFDA Linear: matrices above LOQ: Liver, Milk, Plasma
2026-02-16 09:22:52,060 - INFO -   PFUnDA Linear: matrices above LOQ: Milk, Plasma
2026-02-16 09:22:52,073 - INFO -   PFDoDA Linear: matrices above LOQ: Milk, Plasma
2026-02-16 09:22:52,085 - INFO -   PFTrDA Linear: matrices above LOQ: Milk, Plasma
2026-02-16 09:22:52,097 - INFO -   PFTeDA Linear: matrices above LOQ: Plasma
2026-02-16 09:22:52,119 - INFO -   PFHxS Linear: matrices above LOQ: Milk, Plasma, Urine
2026-02-16 09:22:52,136 - INFO -   PFHpS Linear: matrices above LOQ: Milk, Plasma
2026-02-16 09:22:52,155 - INFO -   PFOS Linear: matrices above LOQ: Brain, Feces, Heart, Kidney, Liver, Lung, Milk, Muscle, Plasma, Spleen, Urine
2026-02-16 09:22:52,172 - INFO -   PFOS Branched: matrices above LOQ: Brain, Feces, Heart, Kidney, Liver, Lung, Milk, Muscle, Plasma, Spleen, Urine
2026-02-16 09:22:52,189 - INFO -   PFNS Linear: matrices above LOQ: Brain, Feces, Heart, Kidney, Liver, Lung, Milk, Muscle, Plasma, Spleen
2026-02-16 09:22:52,204 - INFO -   PFNS Branched: matrices above LOQ: Brain, Feces, Heart, Kidney, Liver, Lung, Milk, Muscle, Plasma, Spleen, Urine
2026-02-16 09:22:52,220 - INFO -   PFDS Linear: matrices above LOQ: Brain, Feces, Heart, Kidney, Liver, Lung, Milk, Muscle, Plasma, Spleen
2026-02-16 09:22:52,235 - INFO -   PFDS Branched: matrices above LOQ: Feces, Heart, Kidney, Liver, Lung, Milk, Plasma, Spleen
2026-02-16 09:22:52,250 - INFO -   PFUnDS Linear: matrices above LOQ: Brain, Feces, Milk, Plasma
2026-02-16 09:22:52,266 - INFO -   PFUnDS Branched: matrices above LOQ: Feces, Liver, Milk, Plasma
2026-02-16 09:22:52,279 - INFO -   PFDoDS Linear: matrices above LOQ: Brain, Feces, Milk, Plasma
2026-02-16 09:22:52,291 - INFO -   PFDoDS Branched: matrices above LOQ: Feces, Milk, Plasma
2026-02-16 09:22:52,303 - INFO -   PFTrDS Linear: matrices above LOQ: Brain, Feces, Milk
2026-02-16 09:22:52,315 - INFO -   PFTrDS Branched: matrices above LOQ: Feces, Milk, Plasma
2026-02-16 09:22:52,331 - INFO -   PFNA Linear: matrices above LOQ: Milk
2026-02-16 09:22:52,372 - INFO -   PFDA Branched: matrices above LOQ: Milk
2026-02-16 09:22:52,381 - INFO -   PFUnDA Branched: matrices above LOQ: Milk
2026-02-16 09:22:52,390 - INFO -   PFDoDA Branched: matrices above LOQ: Milk
2026-02-16 09:22:52,399 - INFO -   PFTrDA Branched: matrices above LOQ: Milk
2026-02-16 09:22:52,408 - INFO -   PFTeDA Branched: matrices above LOQ: Milk
2026-02-16 09:22:52,416 - INFO - Found 19 compounds (31 compound-isomer pairs) meeting criteria
2026-02-16 09:22:52,432 - INFO - 
All compound-isomer pairs to process (31 total):
2026-02-16 09:22:52,432 - INFO -   PFBA         | Linear    
2026-02-16 09:22:52,432 - INFO -   PFDA         | Branched  
2026-02-16 09:22:52,432 - INFO -   PFDA         | Linear    
2026-02-16 09:22:52,432 - INFO -   PFDS         | Branched  
2026-02-16 09:22:52,432 - INFO -   PFDS         | Linear    
2026-02-16 09:22:52,432 - INFO -   PFDoDA       | Branched  
2026-02-16 09:22:52,432 - INFO -   PFDoDA       | Linear    
2026-02-16 09:22:52,432 - INFO -   PFDoDS       | Branched  
2026-02-16 09:22:52,432 - INFO -   PFDoDS       | Linear    
2026-02-16 09:22:52,432 - INFO -   PFHpA        | Linear    
2026-02-16 09:22:52,432 - INFO -   PFHpS        | Linear    
2026-02-16 09:22:52,432 - INFO -   PFHxA        | Linear    
2026-02-16 09:22:52,432 - INFO -   PFHxS        | Linear    
2026-02-16 09:22:52,433 - INFO -   PFNA         | Linear    
2026-02-16 09:22:52,433 - INFO -   PFNS         | Branched  
2026-02-16 09:22:52,433 - INFO -   PFNS         | Linear    
2026-02-16 09:22:52,433 - INFO -   PFOA         | Branched  
2026-02-16 09:22:52,433 - INFO -   PFOA         | Linear    
2026-02-16 09:22:52,433 - INFO -   PFOS         | Branched  
2026-02-16 09:22:52,433 - INFO -   PFOS         | Linear    
2026-02-16 09:22:52,433 - INFO -   PFPeA        | Linear    
2026-02-16 09:22:52,433 - INFO -   PFTeDA       | Branched  
2026-02-16 09:22:52,433 - INFO -   PFTeDA       | Linear    
2026-02-16 09:22:52,433 - INFO -   PFTrDA       | Branched  
2026-02-16 09:22:52,433 - INFO -   PFTrDA       | Linear    
2026-02-16 09:22:52,433 - INFO -   PFTrDS       | Branched  
2026-02-16 09:22:52,433 - INFO -   PFTrDS       | Linear    
2026-02-16 09:22:52,433 - INFO -   PFUnDA       | Branched  
2026-02-16 09:22:52,433 - INFO -   PFUnDA       | Linear    
2026-02-16 09:22:52,433 - INFO -   PFUnDS       | Branched  
2026-02-16 09:22:52,433 - INFO -   PFUnDS       | Linear    
2026-02-16 09:22:52,433 - INFO - 
2026-02-16 09:22:52,433 - INFO - === STARTING FULL MONTE CARLO RUN ===
2026-02-16 09:22:52,433 - INFO - Total compounds to process: 31
2026-02-16 09:22:52,543 - INFO - === PHASE 1: Running global mean fits ===
2026-02-16 09:22:52,700 - INFO - [GLOBAL FIT] Starting PFBA Linear
2026-02-16 09:22:52,705 - INFO - [GLOBAL FIT] PFBA Linear - Data: 231 points, 15 matrices, 3 animals
2026-02-16 09:22:52,720 - INFO - [GLOBAL FIT] PFBA Linear - Fitting parameters: ['k_a', 'k_elim', 'k_feces', 'k_renal']
2026-02-16 09:22:52,720 - INFO - [GLOBAL FIT] PFBA Linear - Fixed parameters: {'k_ehc': 0.0}
2026-02-16 09:22:52,814 - INFO - [GLOBAL FIT] Starting PFDA Branched
2026-02-16 09:22:52,818 - INFO - [GLOBAL FIT] PFDA Branched - Data: 150 points, 5 matrices, 3 animals
2026-02-16 09:22:52,829 - INFO - [GLOBAL FIT] PFDA Branched - Fitting parameters: ['k_a', 'k_elim']
2026-02-16 09:22:52,829 - INFO - [GLOBAL FIT] PFDA Branched - Fixed parameters: {'k_feces': 0.0, 'k_ehc': 0.0, 'k_renal': 0.0}
2026-02-16 09:22:52,921 - INFO - [GLOBAL FIT] Starting PFDA Linear
2026-02-16 09:22:52,926 - INFO - [GLOBAL FIT] PFDA Linear - Data: 231 points, 15 matrices, 3 animals
2026-02-16 09:22:52,941 - INFO - [GLOBAL FIT] PFDA Linear - Fitting parameters: ['k_a', 'k_elim']
2026-02-16 09:22:52,942 - INFO - [GLOBAL FIT] PFDA Linear - Fixed parameters: {'k_feces': 0.0, 'k_ehc': 0.0, 'k_renal': 0.0}
2026-02-16 09:22:53,035 - INFO - [GLOBAL FIT] Starting PFDS Branched
2026-02-16 09:22:53,040 - INFO - [GLOBAL FIT] PFDS Branched - Data: 231 points, 15 matrices, 3 animals
2026-02-16 09:22:53,054 - INFO - [GLOBAL FIT] PFDS Branched - Fitting parameters: ['k_a', 'k_elim', 'k_feces', 'k_ehc']
2026-02-16 09:22:53,054 - INFO - [GLOBAL FIT] PFDS Branched - Fixed parameters: {'k_renal': 0.0}
2026-02-16 09:22:53,149 - INFO - [GLOBAL FIT] Starting PFDS Linear
2026-02-16 09:22:53,154 - INFO - [GLOBAL FIT] PFDS Linear - Data: 231 points, 15 matrices, 3 animals
2026-02-16 09:22:53,169 - INFO - [GLOBAL FIT] PFDS Linear - Fitting parameters: ['k_a', 'k_elim', 'k_feces', 'k_ehc']
2026-02-16 09:22:53,169 - INFO - [GLOBAL FIT] PFDS Linear - Fixed parameters: {'k_renal': 0.0}
2026-02-16 09:22:53,266 - INFO - [GLOBAL FIT] Starting PFDoDA Branched
2026-02-16 09:22:53,272 - INFO - [GLOBAL FIT] PFDoDA Branched - Data: 150 points, 5 matrices, 3 animals
2026-02-16 09:22:53,283 - INFO - [GLOBAL FIT] PFDoDA Branched - Fitting parameters: ['k_a', 'k_elim']
2026-02-16 09:22:53,283 - INFO - [GLOBAL FIT] PFDoDA Branched - Fixed parameters: {'k_feces': 0.0, 'k_ehc': 0.0, 'k_renal': 0.0}
2026-02-16 09:22:53,383 - INFO - [GLOBAL FIT] Starting PFDoDA Linear
2026-02-16 09:22:53,387 - INFO - [GLOBAL FIT] PFDoDA Linear - Data: 231 points, 15 matrices, 3 animals
2026-02-16 09:22:53,402 - INFO - [GLOBAL FIT] PFDoDA Linear - Fitting parameters: ['k_a', 'k_elim']
2026-02-16 09:22:53,402 - INFO - [GLOBAL FIT] PFDoDA Linear - Fixed parameters: {'k_feces': 0.0, 'k_ehc': 0.0, 'k_renal': 0.0}
2026-02-16 09:22:53,500 - INFO - [GLOBAL FIT] Starting PFDoDS Branched
2026-02-16 09:22:53,504 - INFO - [GLOBAL FIT] PFDoDS Branched - Data: 231 points, 15 matrices, 3 animals
2026-02-16 09:22:53,519 - INFO - [GLOBAL FIT] PFDoDS Branched - Fitting parameters: ['k_a', 'k_elim', 'k_feces', 'k_ehc']
2026-02-16 09:22:53,519 - INFO - [GLOBAL FIT] PFDoDS Branched - Fixed parameters: {'k_renal': 0.0}
2026-02-16 09:22:53,620 - INFO - [GLOBAL FIT] Starting PFDoDS Linear
2026-02-16 09:22:53,625 - INFO - [GLOBAL FIT] PFDoDS Linear - Data: 231 points, 15 matrices, 3 animals
2026-02-16 09:22:53,640 - INFO - [GLOBAL FIT] PFDoDS Linear - Fitting parameters: ['k_a', 'k_elim', 'k_feces', 'k_ehc']
2026-02-16 09:22:53,640 - INFO - [GLOBAL FIT] PFDoDS Linear - Fixed parameters: {'k_renal': 0.0}
2026-02-16 09:22:53,736 - INFO - [GLOBAL FIT] Starting PFHpA Linear
2026-02-16 09:22:53,741 - INFO - [GLOBAL FIT] PFHpA Linear - Data: 231 points, 15 matrices, 3 animals
2026-02-16 09:22:53,753 - INFO - [GLOBAL FIT] PFHpA Linear - Fitting parameters: ['k_a', 'k_elim', 'k_renal']
2026-02-16 09:22:53,754 - INFO - [GLOBAL FIT] PFHpA Linear - Fixed parameters: {'k_feces': 0.0, 'k_ehc': 0.0}
2026-02-16 09:22:53,851 - INFO - [GLOBAL FIT] Starting PFHpS Linear
2026-02-16 09:22:53,857 - INFO - [GLOBAL FIT] PFHpS Linear - Data: 231 points, 15 matrices, 3 animals
2026-02-16 09:22:53,875 - INFO - [GLOBAL FIT] PFHpS Linear - Fitting parameters: ['k_a', 'k_elim']
2026-02-16 09:22:53,875 - INFO - [GLOBAL FIT] PFHpS Linear - Fixed parameters: {'k_feces': 0.0, 'k_ehc': 0.0, 'k_renal': 0.0}
2026-02-16 09:22:54,033 - INFO - [GLOBAL FIT] Starting PFHxA Linear
2026-02-16 09:22:54,038 - INFO - [GLOBAL FIT] PFHxA Linear - Data: 231 points, 15 matrices, 3 animals
2026-02-16 09:22:54,052 - INFO - [GLOBAL FIT] PFHxA Linear - Fitting parameters: ['k_a', 'k_elim', 'k_renal']
2026-02-16 09:22:54,052 - INFO - [GLOBAL FIT] PFHxA Linear - Fixed parameters: {'k_feces': 0.0, 'k_ehc': 0.0}
2026-02-16 09:22:54,149 - INFO - [GLOBAL FIT] Starting PFHxS Linear
2026-02-16 09:22:54,154 - INFO - [GLOBAL FIT] PFHxS Linear - Data: 231 points, 15 matrices, 3 animals
2026-02-16 09:22:54,168 - INFO - [GLOBAL FIT] PFHxS Linear - Fitting parameters: ['k_a', 'k_elim', 'k_renal']
2026-02-16 09:22:54,168 - INFO - [GLOBAL FIT] PFHxS Linear - Fixed parameters: {'k_feces': 0.0, 'k_ehc': 0.0}
2026-02-16 09:22:54,267 - INFO - [GLOBAL FIT] Starting PFNA Linear
2026-02-16 09:22:54,272 - INFO - [GLOBAL FIT] PFNA Linear - Data: 150 points, 5 matrices, 3 animals
2026-02-16 09:22:54,283 - INFO - [GLOBAL FIT] PFNA Linear - Fitting parameters: ['k_a', 'k_elim']
2026-02-16 09:22:54,283 - INFO - [GLOBAL FIT] PFNA Linear - Fixed parameters: {'k_feces': 0.0, 'k_ehc': 0.0, 'k_renal': 0.0}
2026-02-16 09:22:54,383 - INFO - [GLOBAL FIT] Starting PFNS Branched
2026-02-16 09:22:54,387 - INFO - [GLOBAL FIT] PFNS Branched - Data: 231 points, 15 matrices, 3 animals
2026-02-16 09:22:54,402 - INFO - [GLOBAL FIT] PFNS Branched - Fitting parameters: ['k_a', 'k_elim', 'k_feces', 'k_ehc', 'k_renal']
2026-02-16 09:22:54,500 - INFO - [GLOBAL FIT] Starting PFNS Linear
2026-02-16 09:22:54,505 - INFO - [GLOBAL FIT] PFNS Linear - Data: 231 points, 15 matrices, 3 animals
2026-02-16 09:22:54,520 - INFO - [GLOBAL FIT] PFNS Linear - Fitting parameters: ['k_a', 'k_elim', 'k_feces', 'k_ehc']
2026-02-16 09:22:54,520 - INFO - [GLOBAL FIT] PFNS Linear - Fixed parameters: {'k_renal': 0.0}
2026-02-16 09:22:54,615 - INFO - [GLOBAL FIT] Starting PFOA Branched
2026-02-16 09:22:54,619 - INFO - [GLOBAL FIT] PFOA Branched - Data: 231 points, 15 matrices, 3 animals
2026-02-16 09:22:54,634 - INFO - [GLOBAL FIT] PFOA Branched - Fitting parameters: ['k_a', 'k_elim', 'k_renal']
2026-02-16 09:22:54,634 - INFO - [GLOBAL FIT] PFOA Branched - Fixed parameters: {'k_feces': 0.0, 'k_ehc': 0.0}
2026-02-16 09:22:54,730 - INFO - [GLOBAL FIT] Starting PFOA Linear
2026-02-16 09:22:54,735 - INFO - [GLOBAL FIT] PFOA Linear - Data: 231 points, 15 matrices, 3 animals
2026-02-16 09:22:54,749 - INFO - [GLOBAL FIT] PFOA Linear - Fitting parameters: ['k_a', 'k_elim', 'k_feces', 'k_renal']
2026-02-16 09:22:54,749 - INFO - [GLOBAL FIT] PFOA Linear - Fixed parameters: {'k_ehc': 0.0}
2026-02-16 09:22:54,847 - INFO - [GLOBAL FIT] Starting PFOS Branched
2026-02-16 09:22:54,852 - INFO - [GLOBAL FIT] PFOS Branched - Data: 231 points, 15 matrices, 3 animals
2026-02-16 09:22:54,865 - INFO - [GLOBAL FIT] PFOS Branched - Fitting parameters: ['k_a', 'k_elim', 'k_feces', 'k_ehc', 'k_renal']
2026-02-16 09:22:54,966 - INFO - [GLOBAL FIT] Starting PFOS Linear
2026-02-16 09:22:54,970 - INFO - [GLOBAL FIT] PFOS Linear - Data: 231 points, 15 matrices, 3 animals
2026-02-16 09:22:54,985 - INFO - [GLOBAL FIT] PFOS Linear - Fitting parameters: ['k_a', 'k_elim', 'k_feces', 'k_ehc', 'k_renal']
2026-02-16 09:22:55,081 - INFO - [GLOBAL FIT] Starting PFPeA Linear
2026-02-16 09:22:55,087 - INFO - [GLOBAL FIT] PFPeA Linear - Data: 231 points, 15 matrices, 3 animals
2026-02-16 09:22:55,107 - INFO - [GLOBAL FIT] PFPeA Linear - Fitting parameters: ['k_a', 'k_elim', 'k_feces', 'k_renal']
2026-02-16 09:22:55,107 - INFO - [GLOBAL FIT] PFPeA Linear - Fixed parameters: {'k_ehc': 0.0}
2026-02-16 09:22:55,197 - INFO - [GLOBAL FIT] Starting PFTeDA Branched
2026-02-16 09:22:55,201 - INFO - [GLOBAL FIT] PFTeDA Branched - Data: 150 points, 5 matrices, 3 animals
2026-02-16 09:22:55,210 - INFO - [GLOBAL FIT] PFTeDA Branched - Fitting parameters: ['k_a', 'k_elim']
2026-02-16 09:22:55,211 - INFO - [GLOBAL FIT] PFTeDA Branched - Fixed parameters: {'k_feces': 0.0, 'k_ehc': 0.0, 'k_renal': 0.0}
2026-02-16 09:22:55,315 - INFO - [GLOBAL FIT] Starting PFTeDA Linear
2026-02-16 09:22:55,319 - INFO - [GLOBAL FIT] PFTeDA Linear - Data: 231 points, 15 matrices, 3 animals
2026-02-16 09:22:55,334 - INFO - [GLOBAL FIT] PFTeDA Linear - Fitting parameters: ['k_a', 'k_elim']
2026-02-16 09:22:55,334 - INFO - [GLOBAL FIT] PFTeDA Linear - Fixed parameters: {'k_feces': 0.0, 'k_ehc': 0.0, 'k_renal': 0.0}
2026-02-16 09:22:55,430 - INFO - [GLOBAL FIT] Starting PFTrDA Branched
2026-02-16 09:22:55,435 - INFO - [GLOBAL FIT] PFTrDA Branched - Data: 150 points, 5 matrices, 3 animals
2026-02-16 09:22:55,446 - INFO - [GLOBAL FIT] PFTrDA Branched - Fitting parameters: ['k_a', 'k_elim']
2026-02-16 09:22:55,447 - INFO - [GLOBAL FIT] PFTrDA Branched - Fixed parameters: {'k_feces': 0.0, 'k_ehc': 0.0, 'k_renal': 0.0}
2026-02-16 09:22:55,546 - INFO - [GLOBAL FIT] Starting PFTrDA Linear
2026-02-16 09:22:55,551 - INFO - [GLOBAL FIT] PFTrDA Linear - Data: 231 points, 15 matrices, 3 animals
2026-02-16 09:22:55,567 - INFO - [GLOBAL FIT] PFTrDA Linear - Fitting parameters: ['k_a', 'k_elim']
2026-02-16 09:22:55,567 - INFO - [GLOBAL FIT] PFTrDA Linear - Fixed parameters: {'k_feces': 0.0, 'k_ehc': 0.0, 'k_renal': 0.0}
2026-02-16 09:22:55,665 - INFO - [GLOBAL FIT] Starting PFTrDS Branched
2026-02-16 09:22:55,670 - INFO - [GLOBAL FIT] PFTrDS Branched - Data: 231 points, 15 matrices, 3 animals
2026-02-16 09:22:55,686 - INFO - [GLOBAL FIT] PFTrDS Branched - Fitting parameters: ['k_a', 'k_elim', 'k_feces', 'k_ehc']
2026-02-16 09:22:55,686 - INFO - [GLOBAL FIT] PFTrDS Branched - Fixed parameters: {'k_renal': 0.0}
2026-02-16 09:22:55,782 - INFO - [GLOBAL FIT] Starting PFTrDS Linear
2026-02-16 09:22:55,787 - INFO - [GLOBAL FIT] PFTrDS Linear - Data: 231 points, 15 matrices, 3 animals
2026-02-16 09:22:55,803 - INFO - [GLOBAL FIT] PFTrDS Linear - Fitting parameters: ['k_a', 'k_elim', 'k_feces']
2026-02-16 09:22:55,803 - INFO - [GLOBAL FIT] PFTrDS Linear - Fixed parameters: {'k_ehc': 0.0, 'k_renal': 0.0}
2026-02-16 09:22:55,901 - INFO - [GLOBAL FIT] Starting PFUnDA Branched
2026-02-16 09:22:55,906 - INFO - [GLOBAL FIT] PFUnDA Branched - Data: 150 points, 5 matrices, 3 animals
2026-02-16 09:22:55,917 - INFO - [GLOBAL FIT] PFUnDA Branched - Fitting parameters: ['k_a', 'k_elim']
2026-02-16 09:22:55,917 - INFO - [GLOBAL FIT] PFUnDA Branched - Fixed parameters: {'k_feces': 0.0, 'k_ehc': 0.0, 'k_renal': 0.0}
2026-02-16 09:22:56,016 - INFO - [GLOBAL FIT] Starting PFUnDA Linear
2026-02-16 09:22:56,020 - INFO - [GLOBAL FIT] PFUnDA Linear - Data: 231 points, 15 matrices, 3 animals
2026-02-16 09:22:56,036 - INFO - [GLOBAL FIT] PFUnDA Linear - Fitting parameters: ['k_a', 'k_elim']
2026-02-16 09:22:56,036 - INFO - [GLOBAL FIT] PFUnDA Linear - Fixed parameters: {'k_feces': 0.0, 'k_ehc': 0.0, 'k_renal': 0.0}
2026-02-16 09:22:56,131 - INFO - [GLOBAL FIT] Starting PFUnDS Branched
2026-02-16 09:22:56,135 - INFO - [GLOBAL FIT] PFUnDS Branched - Data: 231 points, 15 matrices, 3 animals
2026-02-16 09:22:56,150 - INFO - [GLOBAL FIT] PFUnDS Branched - Fitting parameters: ['k_a', 'k_elim', 'k_feces', 'k_ehc']
2026-02-16 09:22:56,150 - INFO - [GLOBAL FIT] PFUnDS Branched - Fixed parameters: {'k_renal': 0.0}
2026-02-16 09:22:56,249 - INFO - [GLOBAL FIT] Starting PFUnDS Linear
2026-02-16 09:22:56,253 - INFO - [GLOBAL FIT] PFUnDS Linear - Data: 231 points, 15 matrices, 3 animals
2026-02-16 09:22:56,267 - INFO - [GLOBAL FIT] PFUnDS Linear - Fitting parameters: ['k_a', 'k_elim', 'k_feces', 'k_ehc']
2026-02-16 09:22:56,267 - INFO - [GLOBAL FIT] PFUnDS Linear - Fixed parameters: {'k_renal': 0.0}
2026-02-16 09:23:03,626 - WARNING - User interrupted during global fit phase
2026-02-16 09:23:03,824 - WARNING - Interrupted by user
