2026-03-02 16:19:00,060 - INFO - Loading data files...
2026-03-02 16:19:00,092 - INFO - Loaded intake and physiological data: 17766 intake rows, 3 animals with urine volumes, 3 animals with feces mass, 3 animals with milk yield series, 3 animals with body weight series
2026-03-02 16:19:00,093 - INFO - Determining compound-isomer pairs: hay concentration not 0 and at least one of [Brain, Feces, Heart, Kidney, Liver, Lung, Milk, Muscle, Plasma, Spleen, Urine] above LOQ.
2026-03-02 16:19:00,159 - INFO -   PFBA Linear: matrices above LOQ: Feces, Milk, Plasma, Urine
2026-03-02 16:19:00,161 - INFO -   PFPeA Linear: matrices above LOQ: Feces, Milk, Muscle, Urine
2026-03-02 16:19:00,164 - INFO -   PFHxA Linear: matrices above LOQ: Urine
2026-03-02 16:19:00,166 - INFO -   PFHpA Linear: matrices above LOQ: Urine
2026-03-02 16:19:00,168 - INFO -   PFOA Linear: matrices above LOQ: Brain, Feces, Milk, Plasma, Urine
2026-03-02 16:19:00,170 - INFO -   PFOA Branched: matrices above LOQ: Milk, Plasma, Urine
2026-03-02 16:19:00,173 - INFO -   PFDA Linear: matrices above LOQ: Liver, Milk, Plasma
2026-03-02 16:19:00,183 - INFO -   PFUnDA Linear: matrices above LOQ: Milk, Plasma
2026-03-02 16:19:00,188 - INFO -   PFDoDA Linear: matrices above LOQ: Milk, Plasma
2026-03-02 16:19:00,200 - INFO -   PFTrDA Linear: matrices above LOQ: Milk, Plasma
2026-03-02 16:19:00,206 - INFO -   PFTeDA Linear: matrices above LOQ: Plasma
2026-03-02 16:19:00,209 - INFO -   PFHxS Linear: matrices above LOQ: Milk, Plasma, Urine
2026-03-02 16:19:00,211 - INFO -   PFHpS Linear: matrices above LOQ: Milk, Plasma
2026-03-02 16:19:00,215 - INFO -   PFOS Linear: matrices above LOQ: Brain, Feces, Heart, Kidney, Liver, Lung, Milk, Muscle, Plasma, Spleen, Urine
2026-03-02 16:19:00,219 - INFO -   PFOS Branched: matrices above LOQ: Brain, Feces, Heart, Kidney, Liver, Lung, Milk, Muscle, Plasma, Spleen, Urine
2026-03-02 16:19:00,222 - INFO -   PFNS Linear: matrices above LOQ: Brain, Feces, Heart, Kidney, Liver, Lung, Milk, Muscle, Plasma, Spleen
2026-03-02 16:19:00,225 - INFO -   PFNS Branched: matrices above LOQ: Brain, Feces, Heart, Kidney, Liver, Lung, Milk, Muscle, Plasma, Spleen, Urine
2026-03-02 16:19:00,227 - INFO -   PFDS Linear: matrices above LOQ: Brain, Feces, Heart, Kidney, Liver, Lung, Milk, Muscle, Plasma, Spleen
2026-03-02 16:19:00,229 - INFO -   PFDS Branched: matrices above LOQ: Feces, Heart, Kidney, Liver, Lung, Milk, Plasma, Spleen
2026-03-02 16:19:00,232 - INFO -   PFUnDS Linear: matrices above LOQ: Brain, Feces, Milk, Plasma
2026-03-02 16:19:00,234 - INFO -   PFUnDS Branched: matrices above LOQ: Feces, Liver, Milk, Plasma
2026-03-02 16:19:00,237 - INFO -   PFDoDS Linear: matrices above LOQ: Brain, Feces, Milk, Plasma
2026-03-02 16:19:00,239 - INFO -   PFDoDS Branched: matrices above LOQ: Feces, Milk, Plasma
2026-03-02 16:19:00,241 - INFO -   PFTrDS Linear: matrices above LOQ: Brain, Feces, Milk
2026-03-02 16:19:00,244 - INFO -   PFTrDS Branched: matrices above LOQ: Feces, Milk, Plasma
2026-03-02 16:19:00,247 - INFO -   PFNA Linear: matrices above LOQ: Milk
2026-03-02 16:19:00,255 - INFO -   PFDA Branched: matrices above LOQ: Milk
2026-03-02 16:19:00,257 - INFO -   PFUnDA Branched: matrices above LOQ: Milk
2026-03-02 16:19:00,258 - INFO -   PFDoDA Branched: matrices above LOQ: Milk
2026-03-02 16:19:00,260 - INFO -   PFTrDA Branched: matrices above LOQ: Milk
2026-03-02 16:19:00,262 - INFO -   PFTeDA Branched: matrices above LOQ: Milk
2026-03-02 16:19:00,264 - INFO - Found 19 compounds (31 compound-isomer pairs) meeting criteria
2026-03-02 16:19:00,269 - INFO - 
All compound-isomer pairs to process (31 total):
2026-03-02 16:19:00,270 - INFO -   PFBA         | Linear    
2026-03-02 16:19:00,270 - INFO -   PFDA         | Branched  
2026-03-02 16:19:00,270 - INFO -   PFDA         | Linear    
2026-03-02 16:19:00,270 - INFO -   PFDS         | Branched  
2026-03-02 16:19:00,270 - INFO -   PFDS         | Linear    
2026-03-02 16:19:00,270 - INFO -   PFDoDA       | Branched  
2026-03-02 16:19:00,270 - INFO -   PFDoDA       | Linear    
2026-03-02 16:19:00,270 - INFO -   PFDoDS       | Branched  
2026-03-02 16:19:00,270 - INFO -   PFDoDS       | Linear    
2026-03-02 16:19:00,270 - INFO -   PFHpA        | Linear    
2026-03-02 16:19:00,270 - INFO -   PFHpS        | Linear    
2026-03-02 16:19:00,270 - INFO -   PFHxA        | Linear    
2026-03-02 16:19:00,270 - INFO -   PFHxS        | Linear    
2026-03-02 16:19:00,270 - INFO -   PFNA         | Linear    
2026-03-02 16:19:00,270 - INFO -   PFNS         | Branched  
2026-03-02 16:19:00,270 - INFO -   PFNS         | Linear    
2026-03-02 16:19:00,270 - INFO -   PFOA         | Branched  
2026-03-02 16:19:00,270 - INFO -   PFOA         | Linear    
2026-03-02 16:19:00,270 - INFO -   PFOS         | Branched  
2026-03-02 16:19:00,270 - INFO -   PFOS         | Linear    
2026-03-02 16:19:00,270 - INFO -   PFPeA        | Linear    
2026-03-02 16:19:00,270 - INFO -   PFTeDA       | Branched  
2026-03-02 16:19:00,270 - INFO -   PFTeDA       | Linear    
2026-03-02 16:19:00,270 - INFO -   PFTrDA       | Branched  
2026-03-02 16:19:00,270 - INFO -   PFTrDA       | Linear    
2026-03-02 16:19:00,270 - INFO -   PFTrDS       | Branched  
2026-03-02 16:19:00,270 - INFO -   PFTrDS       | Linear    
2026-03-02 16:19:00,270 - INFO -   PFUnDA       | Branched  
2026-03-02 16:19:00,270 - INFO -   PFUnDA       | Linear    
2026-03-02 16:19:00,270 - INFO -   PFUnDS       | Branched  
2026-03-02 16:19:00,270 - INFO -   PFUnDS       | Linear    
2026-03-02 16:19:00,270 - INFO - 
2026-03-02 16:19:00,270 - INFO - === STARTING FULL MONTE CARLO RUN ===
2026-03-02 16:19:00,270 - INFO - Total compounds to process: 1
2026-03-02 16:19:00,287 - INFO - === PHASE 1: Running global mean fits (two-stage: log-RMSE then censored likelihood) ===
2026-03-02 16:19:00,287 - INFO - [PHASE 1 / Stage 1] Log-RMSE global fits (no sigma needed)
2026-03-02 16:19:00,324 - INFO - [GLOBAL FIT] Starting PFHxS Linear
2026-03-02 16:19:00,328 - INFO - [GLOBAL FIT] PFHxS Linear - Data: 231 points, 3 matrices above LOQ, 3 animals
2026-03-02 16:19:00,331 - INFO - [GLOBAL FIT] PFHxS Linear - Fitting parameters: ['k_elim', 'k_urine']
2026-03-02 16:19:00,332 - INFO - [GLOBAL FIT] PFHxS Linear - Fixed parameters: {'k_feces': 0.0, 'k_ehc': 0.0, 'k_a': 100.0}
2026-03-02 16:19:17,055 - INFO - [GLOBAL FIT] PFHxS Linear - Success: loss=1.32, iterations=11
2026-03-02 16:19:17,055 - INFO - [GLOBAL FIT] PFHxS Linear - Parameters: k_elim=0.116, k_urine=0.162, k_feces=0.000, k_ehc=0.000, k_a=100.000
2026-03-02 16:19:17,057 - INFO - [GLOBAL FIT] PFHxS Linear - Saved parameters to /Users/lucaprzygoda/Desktop/pfaa-pbtk-dairy-goats/results/optimization/global_fit/fit_PFHxS_Linear.csv
2026-03-02 16:19:17,057 - INFO - [GLOBAL FIT] PFHxS Linear - Completed in 16.7s
2026-03-02 16:19:17,058 - INFO - === Estimating pooled sigma from Stage 1 fits ===
2026-03-02 16:19:17,059 - INFO - [SIGMA EST] Estimating pooled sigma from 1 compound-isomer pairs (pooled residuals per matrix)...
2026-03-02 16:19:17,225 - INFO - [SIGMA EST] milk: pooled σ=0.746 (from 15 pooled residuals)
2026-03-02 16:19:17,225 - INFO - [SIGMA EST] plasma: pooled σ=0.756 (from 14 pooled residuals)
2026-03-02 16:19:17,225 - INFO - [SIGMA EST] urine: pooled σ=0.125 (from 3 pooled residuals)
2026-03-02 16:19:17,226 - INFO - [SIGMA EST] Saved pooled sigma estimates to /Users/lucaprzygoda/Desktop/pfaa-pbtk-dairy-goats/results/optimization/sigma_estimates/sigma_pooled.csv
2026-03-02 16:19:17,270 - INFO - Pooled sigma estimates computed successfully
2026-03-02 16:19:17,270 - INFO -   spleen: σ=0.500
2026-03-02 16:19:17,270 - INFO -   intestine: σ=0.400
2026-03-02 16:19:17,270 - INFO -   liver: σ=0.500
2026-03-02 16:19:17,270 - INFO -   milk: σ=0.746
2026-03-02 16:19:17,270 - INFO -   plasma: σ=0.756
2026-03-02 16:19:17,270 - INFO -   brain: σ=0.500
2026-03-02 16:19:17,270 - INFO -   feces: σ=0.500
2026-03-02 16:19:17,270 - INFO -   heart: σ=0.500
2026-03-02 16:19:17,270 - INFO -   kidney: σ=0.500
2026-03-02 16:19:17,270 - INFO -   rest: σ=0.400
2026-03-02 16:19:17,270 - INFO -   lung: σ=0.500
2026-03-02 16:19:17,270 - INFO -   muscle: σ=0.500
2026-03-02 16:19:17,270 - INFO -   urine: σ=0.125
2026-03-02 16:19:17,270 - INFO -   stomach: σ=0.400
2026-03-02 16:19:17,270 - INFO - [PHASE 1 / Stage 2] Censored-likelihood (Tobit) global fits using estimated sigma
2026-03-02 16:19:17,303 - INFO - [GLOBAL FIT] Starting PFHxS Linear
2026-03-02 16:19:17,306 - INFO - [GLOBAL FIT] PFHxS Linear - Data: 231 points, 3 matrices above LOQ, 3 animals
2026-03-02 16:19:17,308 - INFO - [GLOBAL FIT] PFHxS Linear - Fitting parameters: ['k_elim', 'k_urine']
2026-03-02 16:19:17,308 - INFO - [GLOBAL FIT] PFHxS Linear - Fixed parameters: {'k_feces': 0.0, 'k_ehc': 0.0, 'k_a': 100.0}
2026-03-02 16:19:45,737 - INFO - [GLOBAL FIT] PFHxS Linear - Success: loss=-5.60, iterations=15
2026-03-02 16:19:45,737 - INFO - [GLOBAL FIT] PFHxS Linear - Parameters: k_elim=0.143, k_urine=0.182, k_feces=0.000, k_ehc=0.000, k_a=100.000
2026-03-02 16:19:45,738 - INFO - [GLOBAL FIT] PFHxS Linear - Saved parameters to /Users/lucaprzygoda/Desktop/pfaa-pbtk-dairy-goats/results/optimization/global_fit/fit_PFHxS_Linear.csv
2026-03-02 16:19:45,738 - INFO - [GLOBAL FIT] PFHxS Linear - Completed in 28.4s
2026-03-02 16:19:45,739 - INFO - === PHASE 1/3 COMPLETED ===
2026-03-02 16:19:45,739 - INFO - Global mean fits (two-stage): 1/1 successful in 45.5s
2026-03-02 16:19:45,739 - INFO - === PHASE 2: Running jackknife fits ===
2026-03-02 16:19:45,773 - INFO - [JACKKNIFE] Starting PFHxS Linear
2026-03-02 16:19:45,784 - INFO - [JACKKNIFE] PFHxS Linear - Processing animal E2 (1/3)
2026-03-02 16:20:03,948 - INFO - [JACKKNIFE] PFHxS Linear - Animal E2 completed in 18.2s (loss=-11.44)
2026-03-02 16:20:03,949 - INFO - [JACKKNIFE] PFHxS Linear - Processing animal E3 (2/3)
2026-03-02 16:20:27,285 - INFO - [JACKKNIFE] PFHxS Linear - Animal E3 completed in 23.3s (loss=0.19)
2026-03-02 16:20:27,285 - INFO - [JACKKNIFE] PFHxS Linear - Processing animal E4 (3/3)
2026-03-02 16:20:43,342 - INFO - [JACKKNIFE] PFHxS Linear - Animal E4 completed in 16.1s (loss=-4.59)
2026-03-02 16:20:43,344 - INFO - [JACKKNIFE] PFHxS Linear - Saved jackknife results to /Users/lucaprzygoda/Desktop/pfaa-pbtk-dairy-goats/results/optimization/jackknife/jackknife_PFHxS_Linear_LOAO.csv
2026-03-02 16:20:43,345 - INFO - [JACKKNIFE] PFHxS Linear - Completed in 57.6s
2026-03-02 16:20:43,345 - INFO - === PHASE 2/3 COMPLETED ===
2026-03-02 16:20:43,345 - INFO - Jackknife fits: 1/1 successful in 57.6s
2026-03-02 16:20:43,345 - INFO - === PHASE 3: Running Monte Carlo sampling ===
2026-03-02 16:20:43,380 - INFO - [MONTE CARLO] Starting PFHxS Linear
2026-03-02 16:20:43,799 - INFO - [MONTE CARLO] PFHxS Linear - Using Hessian full covariance (log10)
2026-03-02 16:20:43,799 - INFO - [MONTE CARLO] PFHxS Linear - Phase 1 point estimates (linear): [  0.           0.14347646   0.18193542 100.           0.        ]
2026-03-02 16:20:43,800 - INFO - [MONTE CARLO] PFHxS Linear - Phase 1 central values (log10): [-12.          -0.84321936  -0.74008273   2.         -12.        ]
2026-03-02 16:20:43,800 - INFO - [MONTE CARLO] PFHxS Linear - Generating 10000 samples in log10-space (full covariance)
2026-03-02 16:20:43,801 - INFO - [MONTE CARLO] PFHxS Linear - Sample means: [1.00000000e-12 1.45792709e-01 1.83904768e-01 1.00000000e+02
 1.00000000e-12]
2026-03-02 16:20:43,801 - INFO - [MONTE CARLO] PFHxS Linear - Sample stds: [2.92825168e-26 2.66601465e-02 2.51297200e-02 0.00000000e+00
 2.92825168e-26]
2026-03-02 16:20:43,803 - INFO - [MONTE CARLO] PFHxS Linear - Collecting predictions for: ['spleen', 'milk', 'plasma', 'brain', 'feces', 'heart', 'kidney', 'lung', 'muscle', 'urine', 'liver', 'elim']
2026-03-02 16:27:49,934 - INFO - [MONTE CARLO] PFHxS Linear - Saved predictions to /Users/lucaprzygoda/Desktop/pfaa-pbtk-dairy-goats/results/optimization/monte_carlo/predictions_PFHxS_Linear_monte_carlo.csv
2026-03-02 16:27:49,934 - INFO - [MONTE CARLO] PFHxS Linear - Total samples: 10000 parameter draws × 3 animals = 30000 total predictions
2026-03-02 16:27:49,935 - INFO - [MONTE CARLO] PFHxS Linear - Completed in 426.6s
2026-03-02 16:27:50,065 - INFO - === PHASE 3/3 COMPLETED ===
2026-03-02 16:27:50,065 - INFO - Monte Carlo sampling: 1/1 successful in 426.7s
2026-03-02 16:27:50,078 - INFO - === ALL PHASES COMPLETED ===
2026-03-02 16:27:50,078 - INFO - Total execution time: 529.8s (0.1 hours)
2026-03-02 16:27:50,078 - INFO - Success rates: Global=1/1, Jackknife=1/1, Monte Carlo=1/1
2026-03-02 16:27:50,078 - INFO - Average global fit time: 45.5s per compound
2026-03-02 16:27:50,078 - INFO - Average jackknife time: 57.6s per compound
2026-03-02 16:27:50,078 - INFO - Average Monte Carlo time: 426.7s per compound
2026-03-02 16:27:50,078 - INFO - Fully successful compounds: 1/1
