2026-02-16 21:07:43,480 - INFO - Loading data files...
2026-02-16 21:07:43,499 - INFO - Loaded intake and physiological data: 17766 intake rows, 3 animals with urine volumes, 3 animals with feces mass, 3 animals with milk yield series, 3 animals with body weight series
2026-02-16 21:07:43,499 - INFO - Determining compound-isomer pairs: hay concentration not 0 and at least one of [Brain, Feces, Heart, Kidney, Liver, Lung, Milk, Muscle, Plasma, Spleen, Urine] above LOQ.
2026-02-16 21:07:43,508 - INFO -   PFBA Linear: matrices above LOQ: Feces, Milk, Plasma, Urine
2026-02-16 21:07:43,510 - INFO -   PFPeA Linear: matrices above LOQ: Feces, Milk, Muscle, Urine
2026-02-16 21:07:43,512 - INFO -   PFHxA Linear: matrices above LOQ: Urine
2026-02-16 21:07:43,515 - INFO -   PFHpA Linear: matrices above LOQ: Urine
2026-02-16 21:07:43,518 - INFO -   PFOA Linear: matrices above LOQ: Brain, Feces, Milk, Plasma, Urine
2026-02-16 21:07:43,520 - INFO -   PFOA Branched: matrices above LOQ: Milk, Plasma, Urine
2026-02-16 21:07:43,522 - INFO -   PFDA Linear: matrices above LOQ: Liver, Milk, Plasma
2026-02-16 21:07:43,525 - INFO -   PFUnDA Linear: matrices above LOQ: Milk, Plasma
2026-02-16 21:07:43,527 - INFO -   PFDoDA Linear: matrices above LOQ: Milk, Plasma
2026-02-16 21:07:43,529 - INFO -   PFTrDA Linear: matrices above LOQ: Milk, Plasma
2026-02-16 21:07:43,532 - INFO -   PFTeDA Linear: matrices above LOQ: Plasma
2026-02-16 21:07:43,534 - INFO -   PFHxS Linear: matrices above LOQ: Milk, Plasma, Urine
2026-02-16 21:07:43,537 - INFO -   PFHpS Linear: matrices above LOQ: Milk, Plasma
2026-02-16 21:07:43,539 - INFO -   PFOS Linear: matrices above LOQ: Brain, Feces, Heart, Kidney, Liver, Lung, Milk, Muscle, Plasma, Spleen, Urine
2026-02-16 21:07:43,542 - INFO -   PFOS Branched: matrices above LOQ: Brain, Feces, Heart, Kidney, Liver, Lung, Milk, Muscle, Plasma, Spleen, Urine
2026-02-16 21:07:43,545 - INFO -   PFNS Linear: matrices above LOQ: Brain, Feces, Heart, Kidney, Liver, Lung, Milk, Muscle, Plasma, Spleen
2026-02-16 21:07:43,547 - INFO -   PFNS Branched: matrices above LOQ: Brain, Feces, Heart, Kidney, Liver, Lung, Milk, Muscle, Plasma, Spleen, Urine
2026-02-16 21:07:43,549 - INFO -   PFDS Linear: matrices above LOQ: Brain, Feces, Heart, Kidney, Liver, Lung, Milk, Muscle, Plasma, Spleen
2026-02-16 21:07:43,552 - INFO -   PFDS Branched: matrices above LOQ: Feces, Heart, Kidney, Liver, Lung, Milk, Plasma, Spleen
2026-02-16 21:07:43,554 - INFO -   PFUnDS Linear: matrices above LOQ: Brain, Feces, Milk, Plasma
2026-02-16 21:07:43,556 - INFO -   PFUnDS Branched: matrices above LOQ: Feces, Liver, Milk, Plasma
2026-02-16 21:07:43,559 - INFO -   PFDoDS Linear: matrices above LOQ: Brain, Feces, Milk, Plasma
2026-02-16 21:07:43,561 - INFO -   PFDoDS Branched: matrices above LOQ: Feces, Milk, Plasma
2026-02-16 21:07:43,563 - INFO -   PFTrDS Linear: matrices above LOQ: Brain, Feces, Milk
2026-02-16 21:07:43,566 - INFO -   PFTrDS Branched: matrices above LOQ: Feces, Milk, Plasma
2026-02-16 21:07:43,569 - INFO -   PFNA Linear: matrices above LOQ: Milk
2026-02-16 21:07:43,577 - INFO -   PFDA Branched: matrices above LOQ: Milk
2026-02-16 21:07:43,579 - INFO -   PFUnDA Branched: matrices above LOQ: Milk
2026-02-16 21:07:43,581 - INFO -   PFDoDA Branched: matrices above LOQ: Milk
2026-02-16 21:07:43,582 - INFO -   PFTrDA Branched: matrices above LOQ: Milk
2026-02-16 21:07:43,584 - INFO -   PFTeDA Branched: matrices above LOQ: Milk
2026-02-16 21:07:43,586 - INFO - Found 19 compounds (31 compound-isomer pairs) meeting criteria
2026-02-16 21:07:43,592 - INFO - 
All compound-isomer pairs to process (31 total):
2026-02-16 21:07:43,592 - INFO -   PFBA         | Linear    
2026-02-16 21:07:43,592 - INFO -   PFDA         | Branched  
2026-02-16 21:07:43,592 - INFO -   PFDA         | Linear    
2026-02-16 21:07:43,592 - INFO -   PFDS         | Branched  
2026-02-16 21:07:43,592 - INFO -   PFDS         | Linear    
2026-02-16 21:07:43,592 - INFO -   PFDoDA       | Branched  
2026-02-16 21:07:43,592 - INFO -   PFDoDA       | Linear    
2026-02-16 21:07:43,592 - INFO -   PFDoDS       | Branched  
2026-02-16 21:07:43,592 - INFO -   PFDoDS       | Linear    
2026-02-16 21:07:43,592 - INFO -   PFHpA        | Linear    
2026-02-16 21:07:43,592 - INFO -   PFHpS        | Linear    
2026-02-16 21:07:43,592 - INFO -   PFHxA        | Linear    
2026-02-16 21:07:43,592 - INFO -   PFHxS        | Linear    
2026-02-16 21:07:43,592 - INFO -   PFNA         | Linear    
2026-02-16 21:07:43,592 - INFO -   PFNS         | Branched  
2026-02-16 21:07:43,592 - INFO -   PFNS         | Linear    
2026-02-16 21:07:43,592 - INFO -   PFOA         | Branched  
2026-02-16 21:07:43,592 - INFO -   PFOA         | Linear    
2026-02-16 21:07:43,592 - INFO -   PFOS         | Branched  
2026-02-16 21:07:43,592 - INFO -   PFOS         | Linear    
2026-02-16 21:07:43,592 - INFO -   PFPeA        | Linear    
2026-02-16 21:07:43,592 - INFO -   PFTeDA       | Branched  
2026-02-16 21:07:43,592 - INFO -   PFTeDA       | Linear    
2026-02-16 21:07:43,592 - INFO -   PFTrDA       | Branched  
2026-02-16 21:07:43,592 - INFO -   PFTrDA       | Linear    
2026-02-16 21:07:43,592 - INFO -   PFTrDS       | Branched  
2026-02-16 21:07:43,592 - INFO -   PFTrDS       | Linear    
2026-02-16 21:07:43,592 - INFO -   PFUnDA       | Branched  
2026-02-16 21:07:43,592 - INFO -   PFUnDA       | Linear    
2026-02-16 21:07:43,592 - INFO -   PFUnDS       | Branched  
2026-02-16 21:07:43,592 - INFO -   PFUnDS       | Linear    
2026-02-16 21:07:43,592 - INFO - 
2026-02-16 21:07:43,592 - INFO - === STARTING FULL MONTE CARLO RUN ===
2026-02-16 21:07:43,592 - INFO - Total compounds to process: 1
2026-02-16 21:07:43,608 - INFO - === PHASE 1: Running global mean fits ===
2026-02-16 21:07:43,645 - INFO - [GLOBAL FIT] Starting PFOS Linear
2026-02-16 21:07:43,649 - INFO - [GLOBAL FIT] PFOS Linear - Data: 231 points, 11 matrices above LOQ, 3 animals
2026-02-16 21:07:43,651 - INFO - [GLOBAL FIT] PFOS Linear - Fitting parameters: ['k_a', 'k_elim', 'k_feces', 'k_ehc', 'k_renal']
2026-02-16 21:07:46,770 - WARNING - User interrupted during global fit phase
2026-02-16 21:07:48,052 - WARNING - Interrupted by user
