2026-02-15 12:55:55,389 - INFO - Loading data files...
2026-02-15 12:55:55,399 - INFO - Loaded intake and physiological data: 16920 intake rows, 3 animals with urine volumes, 3 animals with feces mass, 3 animals with milk yield series
2026-02-15 12:55:55,399 - INFO - Determining compounds from data signals (at least one signal required)...
2026-02-15 12:55:55,451 - INFO - Found 19 compounds with detectable signals
2026-02-15 12:55:55,456 - INFO - 
All compound-isomer pairs to process (35 total):
2026-02-15 12:55:55,456 - INFO -   PFBA         | Linear    
2026-02-15 12:55:55,456 - INFO -   PFDA         | Branched  
2026-02-15 12:55:55,456 - INFO -   PFDA         | Linear    
2026-02-15 12:55:55,456 - INFO -   PFDS         | Branched  
2026-02-15 12:55:55,456 - INFO -   PFDS         | Linear    
2026-02-15 12:55:55,456 - INFO -   PFDoDA       | Branched  
2026-02-15 12:55:55,456 - INFO -   PFDoDA       | Linear    
2026-02-15 12:55:55,456 - INFO -   PFDoDS       | Branched  
2026-02-15 12:55:55,456 - INFO -   PFDoDS       | Linear    
2026-02-15 12:55:55,456 - INFO -   PFHpA        | Branched  
2026-02-15 12:55:55,456 - INFO -   PFHpA        | Linear    
2026-02-15 12:55:55,456 - INFO -   PFHpS        | Branched  
2026-02-15 12:55:55,456 - INFO -   PFHpS        | Linear    
2026-02-15 12:55:55,456 - INFO -   PFHxA        | Linear    
2026-02-15 12:55:55,456 - INFO -   PFHxS        | Branched  
2026-02-15 12:55:55,456 - INFO -   PFHxS        | Linear    
2026-02-15 12:55:55,456 - INFO -   PFNA         | Branched  
2026-02-15 12:55:55,456 - INFO -   PFNA         | Linear    
2026-02-15 12:55:55,456 - INFO -   PFNS         | Branched  
2026-02-15 12:55:55,456 - INFO -   PFNS         | Linear    
2026-02-15 12:55:55,456 - INFO -   PFOA         | Branched  
2026-02-15 12:55:55,456 - INFO -   PFOA         | Linear    
2026-02-15 12:55:55,456 - INFO -   PFOS         | Branched  
2026-02-15 12:55:55,456 - INFO -   PFOS         | Linear    
2026-02-15 12:55:55,456 - INFO -   PFPeA        | Linear    
2026-02-15 12:55:55,456 - INFO -   PFTeDA       | Branched  
2026-02-15 12:55:55,456 - INFO -   PFTeDA       | Linear    
2026-02-15 12:55:55,456 - INFO -   PFTrDA       | Branched  
2026-02-15 12:55:55,456 - INFO -   PFTrDA       | Linear    
2026-02-15 12:55:55,456 - INFO -   PFTrDS       | Branched  
2026-02-15 12:55:55,456 - INFO -   PFTrDS       | Linear    
2026-02-15 12:55:55,456 - INFO -   PFUnDA       | Branched  
2026-02-15 12:55:55,456 - INFO -   PFUnDA       | Linear    
2026-02-15 12:55:55,456 - INFO -   PFUnDS       | Branched  
2026-02-15 12:55:55,456 - INFO -   PFUnDS       | Linear    
2026-02-15 12:55:55,456 - INFO - 
2026-02-15 12:55:55,456 - INFO - === STARTING MONTE CARLO-ONLY RUN ===
2026-02-15 12:55:55,456 - INFO - Total compounds to process: 1
2026-02-15 12:55:55,456 - INFO - Note: Skipping phases 1 and 2, assuming global fits and jackknife results exist
2026-02-15 12:55:55,460 - INFO - === PHASE 1: Running Monte Carlo sampling ===
2026-02-15 12:55:55,497 - INFO - [MONTE CARLO] Starting PFOS Linear
2026-02-15 12:55:55,500 - INFO - [MONTE CARLO] PFOS Linear - Phase 1 point estimates (linear): [0.15904192 0.07123142 0.0672044  0.26491917 0.03432546]
2026-02-15 12:55:55,501 - INFO - [MONTE CARLO] PFOS Linear - Phase 1 central values (log10): [-0.7984884  -1.14732839 -1.17260232 -0.57688662 -1.46438361]
2026-02-15 12:55:55,501 - INFO - [MONTE CARLO] PFOS Linear - Jackknife stds (log10, diagonal): [0.12532001 0.07330462 0.03462719 0.11190419 0.03405126]
2026-02-15 12:55:55,501 - INFO - [MONTE CARLO] PFOS Linear - Generating 10000 samples in log10-space around Phase 1 (diagonal covariance)
2026-02-15 12:55:55,502 - INFO - [MONTE CARLO] PFOS Linear - Sample means: [0.16508847 0.0722755  0.06747474 0.27409546 0.03443348]
2026-02-15 12:55:55,503 - INFO - [MONTE CARLO] PFOS Linear - Sample stds: [0.04881519 0.01231219 0.00534157 0.07278935 0.00271619]
2026-02-15 12:55:55,505 - INFO - [MONTE CARLO] PFOS Linear - Collecting predictions for: ['feces', 'brain', 'muscle', 'plasma', 'kidney', 'lung', 'heart', 'urine', 'milk', 'spleen', 'liver', 'elim']
2026-02-15 13:02:03,785 - INFO - [MONTE CARLO] PFOS Linear - Saved predictions to /Users/lucaprzygoda/Desktop/Paper1_clean/results/optimization/monte_carlo/predictions_PFOS_Linear_monte_carlo.csv
2026-02-15 13:02:03,785 - INFO - [MONTE CARLO] PFOS Linear - Total samples: 10000 parameter draws × 3 animals = 30000 total predictions
2026-02-15 13:02:03,786 - INFO - [MONTE CARLO] PFOS Linear - Completed in 368.3s
2026-02-15 13:02:03,918 - INFO - === PHASE 1/1 COMPLETED ===
2026-02-15 13:02:03,918 - INFO - Monte Carlo sampling: 1/1 successful in 368.5s
2026-02-15 13:02:03,926 - INFO - === MONTE CARLO-ONLY RUN COMPLETED ===
2026-02-15 13:02:03,926 - INFO - Total execution time: 368.5s (0.1 hours)
2026-02-15 13:02:03,926 - INFO - Success rate: Monte Carlo=1/1
2026-02-15 13:02:03,926 - INFO - Average Monte Carlo time: 368.5s per compound
