2026-02-15 12:52:06,031 - INFO - Loading data files...
2026-02-15 12:52:06,043 - INFO - Loaded intake and physiological data: 16920 intake rows, 3 animals with urine volumes, 3 animals with feces mass, 3 animals with milk yield series
2026-02-15 12:52:06,047 - INFO - Determining compounds from data signals (at least one signal required)...
2026-02-15 12:52:06,101 - INFO - Found 19 compounds with detectable signals
2026-02-15 12:52:06,106 - INFO - 
All compound-isomer pairs to process (35 total):
2026-02-15 12:52:06,106 - INFO -   PFBA         | Linear    
2026-02-15 12:52:06,106 - INFO -   PFDA         | Branched  
2026-02-15 12:52:06,106 - INFO -   PFDA         | Linear    
2026-02-15 12:52:06,106 - INFO -   PFDS         | Branched  
2026-02-15 12:52:06,107 - INFO -   PFDS         | Linear    
2026-02-15 12:52:06,107 - INFO -   PFDoDA       | Branched  
2026-02-15 12:52:06,107 - INFO -   PFDoDA       | Linear    
2026-02-15 12:52:06,107 - INFO -   PFDoDS       | Branched  
2026-02-15 12:52:06,107 - INFO -   PFDoDS       | Linear    
2026-02-15 12:52:06,107 - INFO -   PFHpA        | Branched  
2026-02-15 12:52:06,107 - INFO -   PFHpA        | Linear    
2026-02-15 12:52:06,107 - INFO -   PFHpS        | Branched  
2026-02-15 12:52:06,107 - INFO -   PFHpS        | Linear    
2026-02-15 12:52:06,107 - INFO -   PFHxA        | Linear    
2026-02-15 12:52:06,107 - INFO -   PFHxS        | Branched  
2026-02-15 12:52:06,107 - INFO -   PFHxS        | Linear    
2026-02-15 12:52:06,107 - INFO -   PFNA         | Branched  
2026-02-15 12:52:06,107 - INFO -   PFNA         | Linear    
2026-02-15 12:52:06,107 - INFO -   PFNS         | Branched  
2026-02-15 12:52:06,107 - INFO -   PFNS         | Linear    
2026-02-15 12:52:06,107 - INFO -   PFOA         | Branched  
2026-02-15 12:52:06,107 - INFO -   PFOA         | Linear    
2026-02-15 12:52:06,107 - INFO -   PFOS         | Branched  
2026-02-15 12:52:06,107 - INFO -   PFOS         | Linear    
2026-02-15 12:52:06,107 - INFO -   PFPeA        | Linear    
2026-02-15 12:52:06,107 - INFO -   PFTeDA       | Branched  
2026-02-15 12:52:06,107 - INFO -   PFTeDA       | Linear    
2026-02-15 12:52:06,107 - INFO -   PFTrDA       | Branched  
2026-02-15 12:52:06,107 - INFO -   PFTrDA       | Linear    
2026-02-15 12:52:06,107 - INFO -   PFTrDS       | Branched  
2026-02-15 12:52:06,107 - INFO -   PFTrDS       | Linear    
2026-02-15 12:52:06,107 - INFO -   PFUnDA       | Branched  
2026-02-15 12:52:06,107 - INFO -   PFUnDA       | Linear    
2026-02-15 12:52:06,107 - INFO -   PFUnDS       | Branched  
2026-02-15 12:52:06,107 - INFO -   PFUnDS       | Linear    
2026-02-15 12:52:06,107 - INFO - 
2026-02-15 12:52:06,107 - INFO - === STARTING MONTE CARLO-ONLY RUN ===
2026-02-15 12:52:06,107 - INFO - Total compounds to process: 1
2026-02-15 12:52:06,107 - INFO - Note: Skipping phases 1 and 2, assuming global fits and jackknife results exist
2026-02-15 12:52:06,111 - INFO - === PHASE 1: Running Monte Carlo sampling ===
2026-02-15 12:52:06,149 - INFO - [MONTE CARLO] Starting PFOS Linear
2026-02-15 12:52:06,155 - INFO - [MONTE CARLO] PFOS Linear - Phase 1 point estimates (linear): [0.15904192 0.07123142 0.0672044  0.26491917 0.03432546]
2026-02-15 12:52:06,156 - INFO - [MONTE CARLO] PFOS Linear - Phase 1 central values (log10): [-0.7984884  -1.14732839 -1.17260232 -0.57688662 -1.46438361]
2026-02-15 12:52:06,156 - INFO - [MONTE CARLO] PFOS Linear - Jackknife stds (log10, diagonal): [0.12532001 0.07330462 0.03462719 0.11190419 0.03405126]
2026-02-15 12:52:06,157 - INFO - [MONTE CARLO] PFOS Linear - Generating 10000 samples in log10-space around Phase 1 (diagonal covariance)
2026-02-15 12:52:06,159 - INFO - [MONTE CARLO] PFOS Linear - Sample means: [0.16508847 0.07237196 0.06742231 0.27400075 0.03443348]
2026-02-15 12:52:06,159 - INFO - [MONTE CARLO] PFOS Linear - Sample stds: [0.04881519 0.01219441 0.00546336 0.07199373 0.00271619]
2026-02-15 12:52:06,164 - INFO - [MONTE CARLO] PFOS Linear - Collecting predictions for: ['lung', 'spleen', 'urine', 'plasma', 'liver', 'muscle', 'heart', 'feces', 'kidney', 'milk', 'brain', 'elim']
2026-02-15 12:54:33,465 - WARNING - User interrupted during Monte Carlo phase
2026-02-15 12:54:35,080 - WARNING - Interrupted by user
