2026-02-15 12:20:58,876 - INFO - Loading data files...
2026-02-15 12:20:58,886 - INFO - Loaded intake and physiological data: 16920 intake rows, 3 animals with urine volumes, 3 animals with feces mass, 3 animals with milk yield series
2026-02-15 12:20:58,886 - INFO - Determining compounds from data signals (at least one signal required)...
2026-02-15 12:20:58,937 - INFO - Found 19 compounds with detectable signals
2026-02-15 12:20:58,943 - INFO - 
All compound-isomer pairs to process (35 total):
2026-02-15 12:20:58,943 - INFO -   PFBA         | Linear    
2026-02-15 12:20:58,943 - INFO -   PFDA         | Branched  
2026-02-15 12:20:58,943 - INFO -   PFDA         | Linear    
2026-02-15 12:20:58,943 - INFO -   PFDS         | Branched  
2026-02-15 12:20:58,943 - INFO -   PFDS         | Linear    
2026-02-15 12:20:58,943 - INFO -   PFDoDA       | Branched  
2026-02-15 12:20:58,943 - INFO -   PFDoDA       | Linear    
2026-02-15 12:20:58,943 - INFO -   PFDoDS       | Branched  
2026-02-15 12:20:58,943 - INFO -   PFDoDS       | Linear    
2026-02-15 12:20:58,943 - INFO -   PFHpA        | Branched  
2026-02-15 12:20:58,943 - INFO -   PFHpA        | Linear    
2026-02-15 12:20:58,943 - INFO -   PFHpS        | Branched  
2026-02-15 12:20:58,943 - INFO -   PFHpS        | Linear    
2026-02-15 12:20:58,943 - INFO -   PFHxA        | Linear    
2026-02-15 12:20:58,943 - INFO -   PFHxS        | Branched  
2026-02-15 12:20:58,943 - INFO -   PFHxS        | Linear    
2026-02-15 12:20:58,943 - INFO -   PFNA         | Branched  
2026-02-15 12:20:58,943 - INFO -   PFNA         | Linear    
2026-02-15 12:20:58,943 - INFO -   PFNS         | Branched  
2026-02-15 12:20:58,943 - INFO -   PFNS         | Linear    
2026-02-15 12:20:58,943 - INFO -   PFOA         | Branched  
2026-02-15 12:20:58,943 - INFO -   PFOA         | Linear    
2026-02-15 12:20:58,943 - INFO -   PFOS         | Branched  
2026-02-15 12:20:58,943 - INFO -   PFOS         | Linear    
2026-02-15 12:20:58,943 - INFO -   PFPeA        | Linear    
2026-02-15 12:20:58,943 - INFO -   PFTeDA       | Branched  
2026-02-15 12:20:58,943 - INFO -   PFTeDA       | Linear    
2026-02-15 12:20:58,943 - INFO -   PFTrDA       | Branched  
2026-02-15 12:20:58,943 - INFO -   PFTrDA       | Linear    
2026-02-15 12:20:58,943 - INFO -   PFTrDS       | Branched  
2026-02-15 12:20:58,943 - INFO -   PFTrDS       | Linear    
2026-02-15 12:20:58,943 - INFO -   PFUnDA       | Branched  
2026-02-15 12:20:58,943 - INFO -   PFUnDA       | Linear    
2026-02-15 12:20:58,943 - INFO -   PFUnDS       | Branched  
2026-02-15 12:20:58,943 - INFO -   PFUnDS       | Linear    
2026-02-15 12:20:58,943 - INFO - 
2026-02-15 12:20:58,943 - INFO - === STARTING FULL MONTE CARLO RUN ===
2026-02-15 12:20:58,943 - INFO - Total compounds to process: 1
2026-02-15 12:20:58,956 - INFO - === PHASE 1: Running global mean fits ===
2026-02-15 12:20:58,991 - INFO - [GLOBAL FIT] Starting PFOS Linear
2026-02-15 12:20:58,993 - INFO - [GLOBAL FIT] PFOS Linear - Data: 231 points, 15 matrices, 3 animals
2026-02-15 12:20:58,996 - INFO - [GLOBAL FIT] PFOS Linear - Fitting parameters: ['k_a', 'k_elim', 'k_feces', 'k_ehc', 'k_renal']
